[ 2016-03-28T21:48:49+08:00 ] 127.0.0.1 /Sitemap/api/uc.php?code=6d7azNL28CpYfukU%2BxwcEGb25LALFtzNHzjuegwcMvsKsKM9BLMxi2826oRM3HxQLMdwaKVxJ6dLl3ZKDWI&__times__=1
INFO: [ app_init ] --START--
INFO: Run Behavior\BuildLiteBehavior [ RunTime:0.000029s ]
INFO: [ app_init ] --END-- [ RunTime:0.000650s ]
INFO: [ app_begin ] --START--
INFO: Run Behavior\ReadHtmlCacheBehavior [ RunTime:0.000956s ]
INFO: [ app_begin ] --END-- [ RunTime:0.001088s ]
NOTIC: [8] Constant UC_CONNECT already defined D:\wamp\www\Sitemap\Application\Ucenter\Conf\config.php 第 2 行.
NOTIC: [8] Constant UC_DBHOST already defined D:\wamp\www\Sitemap\Application\Ucenter\Conf\config.php 第 3 行.
NOTIC: [8] Constant UC_DBUSER already defined D:\wamp\www\Sitemap\Application\Ucenter\Conf\config.php 第 4 行.
NOTIC: [8] Constant UC_DBPW already defined D:\wamp\www\Sitemap\Application\Ucenter\Conf\config.php 第 5 行.
NOTIC: [8] Constant UC_DBNAME already defined D:\wamp\www\Sitemap\Application\Ucenter\Conf\config.php 第 6 行.
NOTIC: [8] Constant UC_DBCHARSET already defined D:\wamp\www\Sitemap\Application\Ucenter\Conf\config.php 第 7 行.
NOTIC: [8] Constant UC_DBTABLEPRE already defined D:\wamp\www\Sitemap\Application\Ucenter\Conf\config.php 第 8 行.
NOTIC: [8] Constant UC_DBCONNECT already defined D:\wamp\www\Sitemap\Application\Ucenter\Conf\config.php 第 9 行.
NOTIC: [8] Constant UC_KEY already defined D:\wamp\www\Sitemap\Application\Ucenter\Conf\config.php 第 10 行.
NOTIC: [8] Constant UC_API already defined D:\wamp\www\Sitemap\Application\Ucenter\Conf\config.php 第 11 行.
NOTIC: [8] Constant UC_CHARSET already defined D:\wamp\www\Sitemap\Application\Ucenter\Conf\config.php 第 12 行.
NOTIC: [8] Constant UC_IP already defined D:\wamp\www\Sitemap\Application\Ucenter\Conf\config.php 第 13 行.
NOTIC: [8] Constant UC_APPID already defined D:\wamp\www\Sitemap\Application\Ucenter\Conf\config.php 第 14 行.
NOTIC: [8] Constant UC_PPP already defined D:\wamp\www\Sitemap\Application\Ucenter\Conf\config.php 第 15 行.
NOTIC: [8192] Function set_magic_quotes_runtime() is deprecated D:\wamp\www\Sitemap\Application\Ucenter\Api\UcenterLib.class.php 第 212 行.
NOTIC: [8] Undefined index: time D:\wamp\www\Sitemap\Application\Ucenter\Api\UcenterLib.class.php 第 226 行.

[ 2016-03-28T21:48:49+08:00 ] 127.0.0.1 /Sitemap/api/uc.php?code=0112wSKOvEWf%2BAXZn8Sna2p9pC5o0e8oRxOoKri8mAVXSf77GthnrmgQsVpxFI9%2B8Gs6HUdEmw2qOBnBRDI&__times__=1
INFO: [ app_init ] --START--
INFO: Run Behavior\BuildLiteBehavior [ RunTime:0.000029s ]
INFO: [ app_init ] --END-- [ RunTime:0.000650s ]
INFO: [ app_begin ] --START--
INFO: Run Behavior\ReadHtmlCacheBehavior [ RunTime:0.000994s ]
INFO: [ app_begin ] --END-- [ RunTime:0.001128s ]
NOTIC: [8] Constant UC_CONNECT already defined D:\wamp\www\Sitemap\Application\Ucenter\Conf\config.php 第 2 行.
NOTIC: [8] Constant UC_DBHOST already defined D:\wamp\www\Sitemap\Application\Ucenter\Conf\config.php 第 3 行.
NOTIC: [8] Constant UC_DBUSER already defined D:\wamp\www\Sitemap\Application\Ucenter\Conf\config.php 第 4 行.
NOTIC: [8] Constant UC_DBPW already defined D:\wamp\www\Sitemap\Application\Ucenter\Conf\config.php 第 5 行.
NOTIC: [8] Constant UC_DBNAME already defined D:\wamp\www\Sitemap\Application\Ucenter\Conf\config.php 第 6 行.
NOTIC: [8] Constant UC_DBCHARSET already defined D:\wamp\www\Sitemap\Application\Ucenter\Conf\config.php 第 7 行.
NOTIC: [8] Constant UC_DBTABLEPRE already defined D:\wamp\www\Sitemap\Application\Ucenter\Conf\config.php 第 8 行.
NOTIC: [8] Constant UC_DBCONNECT already defined D:\wamp\www\Sitemap\Application\Ucenter\Conf\config.php 第 9 行.
NOTIC: [8] Constant UC_KEY already defined D:\wamp\www\Sitemap\Application\Ucenter\Conf\config.php 第 10 行.
NOTIC: [8] Constant UC_API already defined D:\wamp\www\Sitemap\Application\Ucenter\Conf\config.php 第 11 行.
NOTIC: [8] Constant UC_CHARSET already defined D:\wamp\www\Sitemap\Application\Ucenter\Conf\config.php 第 12 行.
NOTIC: [8] Constant UC_IP already defined D:\wamp\www\Sitemap\Application\Ucenter\Conf\config.php 第 13 行.
NOTIC: [8] Constant UC_APPID already defined D:\wamp\www\Sitemap\Application\Ucenter\Conf\config.php 第 14 行.
NOTIC: [8] Constant UC_PPP already defined D:\wamp\www\Sitemap\Application\Ucenter\Conf\config.php 第 15 行.
NOTIC: [8192] Function set_magic_quotes_runtime() is deprecated D:\wamp\www\Sitemap\Application\Ucenter\Api\UcenterLib.class.php 第 212 行.
NOTIC: [8] Undefined index: time D:\wamp\www\Sitemap\Application\Ucenter\Api\UcenterLib.class.php 第 226 行.

[ 2016-03-28T21:48:58+08:00 ] 127.0.0.1 /Sitemap/api/uc.php?code=763cBj18RugIiJ4KlWnd36KgqXUAa3KVzfC5O7e1cDAsdb9RwhkwJX0fZPFol5OlDWBV18mfPwg
INFO: [ app_init ] --START--
INFO: Run Behavior\BuildLiteBehavior [ RunTime:0.000030s ]
INFO: [ app_init ] --END-- [ RunTime:0.000728s ]
INFO: [ app_begin ] --START--
INFO: Run Behavior\ReadHtmlCacheBehavior [ RunTime:0.000917s ]
INFO: [ app_begin ] --END-- [ RunTime:0.001057s ]
NOTIC: [8] Constant UC_CONNECT already defined D:\wamp\www\Sitemap\Application\Ucenter\Conf\config.php 第 2 行.
NOTIC: [8] Constant UC_DBHOST already defined D:\wamp\www\Sitemap\Application\Ucenter\Conf\config.php 第 3 行.
NOTIC: [8] Constant UC_DBUSER already defined D:\wamp\www\Sitemap\Application\Ucenter\Conf\config.php 第 4 行.
NOTIC: [8] Constant UC_DBPW already defined D:\wamp\www\Sitemap\Application\Ucenter\Conf\config.php 第 5 行.
NOTIC: [8] Constant UC_DBNAME already defined D:\wamp\www\Sitemap\Application\Ucenter\Conf\config.php 第 6 行.
NOTIC: [8] Constant UC_DBCHARSET already defined D:\wamp\www\Sitemap\Application\Ucenter\Conf\config.php 第 7 行.
NOTIC: [8] Constant UC_DBTABLEPRE already defined D:\wamp\www\Sitemap\Application\Ucenter\Conf\config.php 第 8 行.
NOTIC: [8] Constant UC_DBCONNECT already defined D:\wamp\www\Sitemap\Application\Ucenter\Conf\config.php 第 9 行.
NOTIC: [8] Constant UC_KEY already defined D:\wamp\www\Sitemap\Application\Ucenter\Conf\config.php 第 10 行.
NOTIC: [8] Constant UC_API already defined D:\wamp\www\Sitemap\Application\Ucenter\Conf\config.php 第 11 行.
NOTIC: [8] Constant UC_CHARSET already defined D:\wamp\www\Sitemap\Application\Ucenter\Conf\config.php 第 12 行.
NOTIC: [8] Constant UC_IP already defined D:\wamp\www\Sitemap\Application\Ucenter\Conf\config.php 第 13 行.
NOTIC: [8] Constant UC_APPID already defined D:\wamp\www\Sitemap\Application\Ucenter\Conf\config.php 第 14 行.
NOTIC: [8] Constant UC_PPP already defined D:\wamp\www\Sitemap\Application\Ucenter\Conf\config.php 第 15 行.
NOTIC: [8192] Function set_magic_quotes_runtime() is deprecated D:\wamp\www\Sitemap\Application\Ucenter\Api\UcenterLib.class.php 第 212 行.
NOTIC: [8] Undefined index: time D:\wamp\www\Sitemap\Application\Ucenter\Api\UcenterLib.class.php 第 226 行.

[ 2016-03-28T21:49:21+08:00 ] 127.0.0.1 /Sitemap/api/uc.php?code=d057%2BrkCNkzBiffZMgVEW37UKfJA0Mf9j2NsqFxME0U%2Bnq9ysaNQOA4zbA8TWBijVFKvBnVb2Ck
INFO: [ app_init ] --START--
INFO: Run Behavior\BuildLiteBehavior [ RunTime:0.000030s ]
INFO: [ app_init ] --END-- [ RunTime:0.000669s ]
INFO: [ app_begin ] --START--
INFO: Run Behavior\ReadHtmlCacheBehavior [ RunTime:0.000908s ]
INFO: [ app_begin ] --END-- [ RunTime:0.001049s ]
NOTIC: [8] Constant UC_CONNECT already defined D:\wamp\www\Sitemap\Application\Ucenter\Conf\config.php 第 2 行.
NOTIC: [8] Constant UC_DBHOST already defined D:\wamp\www\Sitemap\Application\Ucenter\Conf\config.php 第 3 行.
NOTIC: [8] Constant UC_DBUSER already defined D:\wamp\www\Sitemap\Application\Ucenter\Conf\config.php 第 4 行.
NOTIC: [8] Constant UC_DBPW already defined D:\wamp\www\Sitemap\Application\Ucenter\Conf\config.php 第 5 行.
NOTIC: [8] Constant UC_DBNAME already defined D:\wamp\www\Sitemap\Application\Ucenter\Conf\config.php 第 6 行.
NOTIC: [8] Constant UC_DBCHARSET already defined D:\wamp\www\Sitemap\Application\Ucenter\Conf\config.php 第 7 行.
NOTIC: [8] Constant UC_DBTABLEPRE already defined D:\wamp\www\Sitemap\Application\Ucenter\Conf\config.php 第 8 行.
NOTIC: [8] Constant UC_DBCONNECT already defined D:\wamp\www\Sitemap\Application\Ucenter\Conf\config.php 第 9 行.
NOTIC: [8] Constant UC_KEY already defined D:\wamp\www\Sitemap\Application\Ucenter\Conf\config.php 第 10 行.
NOTIC: [8] Constant UC_API already defined D:\wamp\www\Sitemap\Application\Ucenter\Conf\config.php 第 11 行.
NOTIC: [8] Constant UC_CHARSET already defined D:\wamp\www\Sitemap\Application\Ucenter\Conf\config.php 第 12 行.
NOTIC: [8] Constant UC_IP already defined D:\wamp\www\Sitemap\Application\Ucenter\Conf\config.php 第 13 行.
NOTIC: [8] Constant UC_APPID already defined D:\wamp\www\Sitemap\Application\Ucenter\Conf\config.php 第 14 行.
NOTIC: [8] Constant UC_PPP already defined D:\wamp\www\Sitemap\Application\Ucenter\Conf\config.php 第 15 行.
NOTIC: [8192] Function set_magic_quotes_runtime() is deprecated D:\wamp\www\Sitemap\Application\Ucenter\Api\UcenterLib.class.php 第 212 行.
NOTIC: [2048] Only variables should be passed by reference D:\wamp\www\Sitemap\Application\Ucenter\Api\UcenterLib.class.php 第 235 行.
NOTIC: [8] Undefined variable: log D:\wamp\www\Sitemap\Application\Ucenter\Api\Api.class.php 第 57 行.

[ 2016-03-28T21:50:47+08:00 ] 127.0.0.1 /Sitemap/api/uc.php?code=e431dsZF0lQcW7LNsxvSBjHYMnUbCUJWUOv2NuLJBaGI5D997pZ4APBBQZMeV0xdLkY%2B1OecP5U
INFO: [ app_init ] --START--
INFO: Run Behavior\BuildLiteBehavior [ RunTime:0.000031s ]
INFO: [ app_init ] --END-- [ RunTime:0.000660s ]
INFO: [ app_begin ] --START--
INFO: Run Behavior\ReadHtmlCacheBehavior [ RunTime:0.000940s ]
INFO: [ app_begin ] --END-- [ RunTime:0.001086s ]
NOTIC: [8] Constant UC_CONNECT already defined D:\wamp\www\Sitemap\Application\Ucenter\Conf\config.php 第 2 行.
NOTIC: [8] Constant UC_DBHOST already defined D:\wamp\www\Sitemap\Application\Ucenter\Conf\config.php 第 3 行.
NOTIC: [8] Constant UC_DBUSER already defined D:\wamp\www\Sitemap\Application\Ucenter\Conf\config.php 第 4 行.
NOTIC: [8] Constant UC_DBPW already defined D:\wamp\www\Sitemap\Application\Ucenter\Conf\config.php 第 5 行.
NOTIC: [8] Constant UC_DBNAME already defined D:\wamp\www\Sitemap\Application\Ucenter\Conf\config.php 第 6 行.
NOTIC: [8] Constant UC_DBCHARSET already defined D:\wamp\www\Sitemap\Application\Ucenter\Conf\config.php 第 7 行.
NOTIC: [8] Constant UC_DBTABLEPRE already defined D:\wamp\www\Sitemap\Application\Ucenter\Conf\config.php 第 8 行.
NOTIC: [8] Constant UC_DBCONNECT already defined D:\wamp\www\Sitemap\Application\Ucenter\Conf\config.php 第 9 行.
NOTIC: [8] Constant UC_KEY already defined D:\wamp\www\Sitemap\Application\Ucenter\Conf\config.php 第 10 行.
NOTIC: [8] Constant UC_API already defined D:\wamp\www\Sitemap\Application\Ucenter\Conf\config.php 第 11 行.
NOTIC: [8] Constant UC_CHARSET already defined D:\wamp\www\Sitemap\Application\Ucenter\Conf\config.php 第 12 行.
NOTIC: [8] Constant UC_IP already defined D:\wamp\www\Sitemap\Application\Ucenter\Conf\config.php 第 13 行.
NOTIC: [8] Constant UC_APPID already defined D:\wamp\www\Sitemap\Application\Ucenter\Conf\config.php 第 14 行.
NOTIC: [8] Constant UC_PPP already defined D:\wamp\www\Sitemap\Application\Ucenter\Conf\config.php 第 15 行.
NOTIC: [8192] Function set_magic_quotes_runtime() is deprecated D:\wamp\www\Sitemap\Application\Ucenter\Api\UcenterLib.class.php 第 212 行.
NOTIC: [2048] Only variables should be passed by reference D:\wamp\www\Sitemap\Application\Ucenter\Api\UcenterLib.class.php 第 235 行.
NOTIC: [8] Undefined variable: log D:\wamp\www\Sitemap\Application\Ucenter\Api\Api.class.php 第 57 行.

[ 2016-03-28T21:50:48+08:00 ] 127.0.0.1 /Sitemap/api/uc.php?code=7031BlAVXdV%2B0zkQftlzVHnm6XsBxnvIToweqdN1NtjawM05LjMlmXQHXqfl314aqOm3V4pctNI
INFO: [ app_init ] --START--
INFO: Run Behavior\BuildLiteBehavior [ RunTime:0.000032s ]
INFO: [ app_init ] --END-- [ RunTime:0.000886s ]
INFO: [ app_begin ] --START--
INFO: Run Behavior\ReadHtmlCacheBehavior [ RunTime:0.000936s ]
INFO: [ app_begin ] --END-- [ RunTime:0.001078s ]
NOTIC: [8] Constant UC_CONNECT already defined D:\wamp\www\Sitemap\Application\Ucenter\Conf\config.php 第 2 行.
NOTIC: [8] Constant UC_DBHOST already defined D:\wamp\www\Sitemap\Application\Ucenter\Conf\config.php 第 3 行.
NOTIC: [8] Constant UC_DBUSER already defined D:\wamp\www\Sitemap\Application\Ucenter\Conf\config.php 第 4 行.
NOTIC: [8] Constant UC_DBPW already defined D:\wamp\www\Sitemap\Application\Ucenter\Conf\config.php 第 5 行.
NOTIC: [8] Constant UC_DBNAME already defined D:\wamp\www\Sitemap\Application\Ucenter\Conf\config.php 第 6 行.
NOTIC: [8] Constant UC_DBCHARSET already defined D:\wamp\www\Sitemap\Application\Ucenter\Conf\config.php 第 7 行.
NOTIC: [8] Constant UC_DBTABLEPRE already defined D:\wamp\www\Sitemap\Application\Ucenter\Conf\config.php 第 8 行.
NOTIC: [8] Constant UC_DBCONNECT already defined D:\wamp\www\Sitemap\Application\Ucenter\Conf\config.php 第 9 行.
NOTIC: [8] Constant UC_KEY already defined D:\wamp\www\Sitemap\Application\Ucenter\Conf\config.php 第 10 行.
NOTIC: [8] Constant UC_API already defined D:\wamp\www\Sitemap\Application\Ucenter\Conf\config.php 第 11 行.
NOTIC: [8] Constant UC_CHARSET already defined D:\wamp\www\Sitemap\Application\Ucenter\Conf\config.php 第 12 行.
NOTIC: [8] Constant UC_IP already defined D:\wamp\www\Sitemap\Application\Ucenter\Conf\config.php 第 13 行.
NOTIC: [8] Constant UC_APPID already defined D:\wamp\www\Sitemap\Application\Ucenter\Conf\config.php 第 14 行.
NOTIC: [8] Constant UC_PPP already defined D:\wamp\www\Sitemap\Application\Ucenter\Conf\config.php 第 15 行.
NOTIC: [8192] Function set_magic_quotes_runtime() is deprecated D:\wamp\www\Sitemap\Application\Ucenter\Api\UcenterLib.class.php 第 212 行.
NOTIC: [2048] Only variables should be passed by reference D:\wamp\www\Sitemap\Application\Ucenter\Api\UcenterLib.class.php 第 235 行.
NOTIC: [8] Undefined variable: log D:\wamp\www\Sitemap\Application\Ucenter\Api\Api.class.php 第 57 行.

[ 2016-03-28T21:50:57+08:00 ] 127.0.0.1 /Sitemap/api/uc.php?code=dcablGFIRZL1DUw0kG5YMhGYDpKsnyeYKZLlALVQLy8lvPRBBzGUShTkcu0%2F%2FRVhEsPn9%2BPmSkI
INFO: [ app_init ] --START--
INFO: Run Behavior\BuildLiteBehavior [ RunTime:0.000030s ]
INFO: [ app_init ] --END-- [ RunTime:0.000670s ]
INFO: [ app_begin ] --START--
INFO: Run Behavior\ReadHtmlCacheBehavior [ RunTime:0.000911s ]
INFO: [ app_begin ] --END-- [ RunTime:0.001051s ]
NOTIC: [8] Constant UC_CONNECT already defined D:\wamp\www\Sitemap\Application\Ucenter\Conf\config.php 第 2 行.
NOTIC: [8] Constant UC_DBHOST already defined D:\wamp\www\Sitemap\Application\Ucenter\Conf\config.php 第 3 行.
NOTIC: [8] Constant UC_DBUSER already defined D:\wamp\www\Sitemap\Application\Ucenter\Conf\config.php 第 4 行.
NOTIC: [8] Constant UC_DBPW already defined D:\wamp\www\Sitemap\Application\Ucenter\Conf\config.php 第 5 行.
NOTIC: [8] Constant UC_DBNAME already defined D:\wamp\www\Sitemap\Application\Ucenter\Conf\config.php 第 6 行.
NOTIC: [8] Constant UC_DBCHARSET already defined D:\wamp\www\Sitemap\Application\Ucenter\Conf\config.php 第 7 行.
NOTIC: [8] Constant UC_DBTABLEPRE already defined D:\wamp\www\Sitemap\Application\Ucenter\Conf\config.php 第 8 行.
NOTIC: [8] Constant UC_DBCONNECT already defined D:\wamp\www\Sitemap\Application\Ucenter\Conf\config.php 第 9 行.
NOTIC: [8] Constant UC_KEY already defined D:\wamp\www\Sitemap\Application\Ucenter\Conf\config.php 第 10 行.
NOTIC: [8] Constant UC_API already defined D:\wamp\www\Sitemap\Application\Ucenter\Conf\config.php 第 11 行.
NOTIC: [8] Constant UC_CHARSET already defined D:\wamp\www\Sitemap\Application\Ucenter\Conf\config.php 第 12 行.
NOTIC: [8] Constant UC_IP already defined D:\wamp\www\Sitemap\Application\Ucenter\Conf\config.php 第 13 行.
NOTIC: [8] Constant UC_APPID already defined D:\wamp\www\Sitemap\Application\Ucenter\Conf\config.php 第 14 行.
NOTIC: [8] Constant UC_PPP already defined D:\wamp\www\Sitemap\Application\Ucenter\Conf\config.php 第 15 行.
NOTIC: [8192] Function set_magic_quotes_runtime() is deprecated D:\wamp\www\Sitemap\Application\Ucenter\Api\UcenterLib.class.php 第 212 行.
NOTIC: [2048] Only variables should be passed by reference D:\wamp\www\Sitemap\Application\Ucenter\Api\UcenterLib.class.php 第 235 行.
NOTIC: [8] Undefined variable: log D:\wamp\www\Sitemap\Application\Ucenter\Api\Api.class.php 第 57 行.

[ 2016-03-28T21:50:57+08:00 ] 127.0.0.1 /Sitemap/api/uc.php?code=4541KH29QdbZAxAbCeUQxOcLM3s%2FqwGYKItznMhUWSs2C32tbF0ncqeTzQWS7SSCh5jMwFJF8CA
INFO: [ app_init ] --START--
INFO: Run Behavior\BuildLiteBehavior [ RunTime:0.000029s ]
INFO: [ app_init ] --END-- [ RunTime:0.000652s ]
INFO: [ app_begin ] --START--
INFO: Run Behavior\ReadHtmlCacheBehavior [ RunTime:0.000960s ]
INFO: [ app_begin ] --END-- [ RunTime:0.001104s ]
NOTIC: [8] Constant UC_CONNECT already defined D:\wamp\www\Sitemap\Application\Ucenter\Conf\config.php 第 2 行.
NOTIC: [8] Constant UC_DBHOST already defined D:\wamp\www\Sitemap\Application\Ucenter\Conf\config.php 第 3 行.
NOTIC: [8] Constant UC_DBUSER already defined D:\wamp\www\Sitemap\Application\Ucenter\Conf\config.php 第 4 行.
NOTIC: [8] Constant UC_DBPW already defined D:\wamp\www\Sitemap\Application\Ucenter\Conf\config.php 第 5 行.
NOTIC: [8] Constant UC_DBNAME already defined D:\wamp\www\Sitemap\Application\Ucenter\Conf\config.php 第 6 行.
NOTIC: [8] Constant UC_DBCHARSET already defined D:\wamp\www\Sitemap\Application\Ucenter\Conf\config.php 第 7 行.
NOTIC: [8] Constant UC_DBTABLEPRE already defined D:\wamp\www\Sitemap\Application\Ucenter\Conf\config.php 第 8 行.
NOTIC: [8] Constant UC_DBCONNECT already defined D:\wamp\www\Sitemap\Application\Ucenter\Conf\config.php 第 9 行.
NOTIC: [8] Constant UC_KEY already defined D:\wamp\www\Sitemap\Application\Ucenter\Conf\config.php 第 10 行.
NOTIC: [8] Constant UC_API already defined D:\wamp\www\Sitemap\Application\Ucenter\Conf\config.php 第 11 行.
NOTIC: [8] Constant UC_CHARSET already defined D:\wamp\www\Sitemap\Application\Ucenter\Conf\config.php 第 12 行.
NOTIC: [8] Constant UC_IP already defined D:\wamp\www\Sitemap\Application\Ucenter\Conf\config.php 第 13 行.
NOTIC: [8] Constant UC_APPID already defined D:\wamp\www\Sitemap\Application\Ucenter\Conf\config.php 第 14 行.
NOTIC: [8] Constant UC_PPP already defined D:\wamp\www\Sitemap\Application\Ucenter\Conf\config.php 第 15 行.
NOTIC: [8192] Function set_magic_quotes_runtime() is deprecated D:\wamp\www\Sitemap\Application\Ucenter\Api\UcenterLib.class.php 第 212 行.
NOTIC: [2048] Only variables should be passed by reference D:\wamp\www\Sitemap\Application\Ucenter\Api\UcenterLib.class.php 第 235 行.
NOTIC: [8] Undefined variable: log D:\wamp\www\Sitemap\Application\Ucenter\Api\Api.class.php 第 57 行.

[ 2016-03-28T21:52:25+08:00 ] 127.0.0.1 /Sitemap/api/uc.php?code=a81fMY9ppIjkudC7F7bdaV2rG1Y3NN5bktivVtkNVah9oDBNRoY5CkNLQ8C6bSlq8WKF%2B0B%2By3M
INFO: [ app_init ] --START--
INFO: Run Behavior\BuildLiteBehavior [ RunTime:0.000032s ]
INFO: [ app_init ] --END-- [ RunTime:0.000674s ]
INFO: [ app_begin ] --START--
INFO: Run Behavior\ReadHtmlCacheBehavior [ RunTime:0.001010s ]
INFO: [ app_begin ] --END-- [ RunTime:0.001162s ]
NOTIC: [8] Constant UC_CONNECT already defined D:\wamp\www\Sitemap\Application\Ucenter\Conf\config.php 第 2 行.
NOTIC: [8] Constant UC_DBHOST already defined D:\wamp\www\Sitemap\Application\Ucenter\Conf\config.php 第 3 行.
NOTIC: [8] Constant UC_DBUSER already defined D:\wamp\www\Sitemap\Application\Ucenter\Conf\config.php 第 4 行.
NOTIC: [8] Constant UC_DBPW already defined D:\wamp\www\Sitemap\Application\Ucenter\Conf\config.php 第 5 行.
NOTIC: [8] Constant UC_DBNAME already defined D:\wamp\www\Sitemap\Application\Ucenter\Conf\config.php 第 6 行.
NOTIC: [8] Constant UC_DBCHARSET already defined D:\wamp\www\Sitemap\Application\Ucenter\Conf\config.php 第 7 行.
NOTIC: [8] Constant UC_DBTABLEPRE already defined D:\wamp\www\Sitemap\Application\Ucenter\Conf\config.php 第 8 行.
NOTIC: [8] Constant UC_DBCONNECT already defined D:\wamp\www\Sitemap\Application\Ucenter\Conf\config.php 第 9 行.
NOTIC: [8] Constant UC_KEY already defined D:\wamp\www\Sitemap\Application\Ucenter\Conf\config.php 第 10 行.
NOTIC: [8] Constant UC_API already defined D:\wamp\www\Sitemap\Application\Ucenter\Conf\config.php 第 11 行.
NOTIC: [8] Constant UC_CHARSET already defined D:\wamp\www\Sitemap\Application\Ucenter\Conf\config.php 第 12 行.
NOTIC: [8] Constant UC_IP already defined D:\wamp\www\Sitemap\Application\Ucenter\Conf\config.php 第 13 行.
NOTIC: [8] Constant UC_APPID already defined D:\wamp\www\Sitemap\Application\Ucenter\Conf\config.php 第 14 行.
NOTIC: [8] Constant UC_PPP already defined D:\wamp\www\Sitemap\Application\Ucenter\Conf\config.php 第 15 行.
NOTIC: [8192] Function set_magic_quotes_runtime() is deprecated D:\wamp\www\Sitemap\Application\Ucenter\Api\UcenterLib.class.php 第 39 行.
NOTIC: [2048] Only variables should be passed by reference D:\wamp\www\Sitemap\Application\Ucenter\Api\UcenterLib.class.php 第 59 行.
NOTIC: [8] Undefined variable: log D:\wamp\www\Sitemap\Application\Ucenter\Api\Api.class.php 第 57 行.

[ 2016-03-28T21:52:26+08:00 ] 127.0.0.1 /Sitemap/api/uc.php?code=1b88g1nBmJIj937nxnTB7%2FF7G%2F%2BVr05XzLkY6pw14VN2chT9GE5T7BcoWTcQyyGlJdh%2BaWZQ3j0
INFO: [ app_init ] --START--
INFO: Run Behavior\BuildLiteBehavior [ RunTime:0.000033s ]
INFO: [ app_init ] --END-- [ RunTime:0.000663s ]
INFO: [ app_begin ] --START--
INFO: Run Behavior\ReadHtmlCacheBehavior [ RunTime:0.000952s ]
INFO: [ app_begin ] --END-- [ RunTime:0.001102s ]
NOTIC: [8] Constant UC_CONNECT already defined D:\wamp\www\Sitemap\Application\Ucenter\Conf\config.php 第 2 行.
NOTIC: [8] Constant UC_DBHOST already defined D:\wamp\www\Sitemap\Application\Ucenter\Conf\config.php 第 3 行.
NOTIC: [8] Constant UC_DBUSER already defined D:\wamp\www\Sitemap\Application\Ucenter\Conf\config.php 第 4 行.
NOTIC: [8] Constant UC_DBPW already defined D:\wamp\www\Sitemap\Application\Ucenter\Conf\config.php 第 5 行.
NOTIC: [8] Constant UC_DBNAME already defined D:\wamp\www\Sitemap\Application\Ucenter\Conf\config.php 第 6 行.
NOTIC: [8] Constant UC_DBCHARSET already defined D:\wamp\www\Sitemap\Application\Ucenter\Conf\config.php 第 7 行.
NOTIC: [8] Constant UC_DBTABLEPRE already defined D:\wamp\www\Sitemap\Application\Ucenter\Conf\config.php 第 8 行.
NOTIC: [8] Constant UC_DBCONNECT already defined D:\wamp\www\Sitemap\Application\Ucenter\Conf\config.php 第 9 行.
NOTIC: [8] Constant UC_KEY already defined D:\wamp\www\Sitemap\Application\Ucenter\Conf\config.php 第 10 行.
NOTIC: [8] Constant UC_API already defined D:\wamp\www\Sitemap\Application\Ucenter\Conf\config.php 第 11 行.
NOTIC: [8] Constant UC_CHARSET already defined D:\wamp\www\Sitemap\Application\Ucenter\Conf\config.php 第 12 行.
NOTIC: [8] Constant UC_IP already defined D:\wamp\www\Sitemap\Application\Ucenter\Conf\config.php 第 13 行.
NOTIC: [8] Constant UC_APPID already defined D:\wamp\www\Sitemap\Application\Ucenter\Conf\config.php 第 14 行.
NOTIC: [8] Constant UC_PPP already defined D:\wamp\www\Sitemap\Application\Ucenter\Conf\config.php 第 15 行.
NOTIC: [8192] Function set_magic_quotes_runtime() is deprecated D:\wamp\www\Sitemap\Application\Ucenter\Api\UcenterLib.class.php 第 39 行.
NOTIC: [2048] Only variables should be passed by reference D:\wamp\www\Sitemap\Application\Ucenter\Api\UcenterLib.class.php 第 59 行.
NOTIC: [8] Undefined variable: log D:\wamp\www\Sitemap\Application\Ucenter\Api\Api.class.php 第 57 行.

[ 2016-03-28T21:52:53+08:00 ] 127.0.0.1 /Sitemap/api/uc.php?code=5004MQsHJYqHUAt%2FXZdjswB6RFSR7G3%2FcF0aMbH8LN23AedFpRGBEzTwLEVI2cSsn1Ro3LbkAGA
INFO: [ app_init ] --START--
INFO: Run Behavior\BuildLiteBehavior [ RunTime:0.000031s ]
INFO: [ app_init ] --END-- [ RunTime:0.000787s ]
INFO: [ app_begin ] --START--
INFO: Run Behavior\ReadHtmlCacheBehavior [ RunTime:0.001489s ]
INFO: [ app_begin ] --END-- [ RunTime:0.001636s ]
NOTIC: [8] Constant UC_CONNECT already defined D:\wamp\www\Sitemap\Application\Ucenter\Conf\config.php 第 2 行.
NOTIC: [8] Constant UC_DBHOST already defined D:\wamp\www\Sitemap\Application\Ucenter\Conf\config.php 第 3 行.
NOTIC: [8] Constant UC_DBUSER already defined D:\wamp\www\Sitemap\Application\Ucenter\Conf\config.php 第 4 行.
NOTIC: [8] Constant UC_DBPW already defined D:\wamp\www\Sitemap\Application\Ucenter\Conf\config.php 第 5 行.
NOTIC: [8] Constant UC_DBNAME already defined D:\wamp\www\Sitemap\Application\Ucenter\Conf\config.php 第 6 行.
NOTIC: [8] Constant UC_DBCHARSET already defined D:\wamp\www\Sitemap\Application\Ucenter\Conf\config.php 第 7 行.
NOTIC: [8] Constant UC_DBTABLEPRE already defined D:\wamp\www\Sitemap\Application\Ucenter\Conf\config.php 第 8 行.
NOTIC: [8] Constant UC_DBCONNECT already defined D:\wamp\www\Sitemap\Application\Ucenter\Conf\config.php 第 9 行.
NOTIC: [8] Constant UC_KEY already defined D:\wamp\www\Sitemap\Application\Ucenter\Conf\config.php 第 10 行.
NOTIC: [8] Constant UC_API already defined D:\wamp\www\Sitemap\Application\Ucenter\Conf\config.php 第 11 行.
NOTIC: [8] Constant UC_CHARSET already defined D:\wamp\www\Sitemap\Application\Ucenter\Conf\config.php 第 12 行.
NOTIC: [8] Constant UC_IP already defined D:\wamp\www\Sitemap\Application\Ucenter\Conf\config.php 第 13 行.
NOTIC: [8] Constant UC_APPID already defined D:\wamp\www\Sitemap\Application\Ucenter\Conf\config.php 第 14 行.
NOTIC: [8] Constant UC_PPP already defined D:\wamp\www\Sitemap\Application\Ucenter\Conf\config.php 第 15 行.
NOTIC: [8192] Function set_magic_quotes_runtime() is deprecated D:\wamp\www\Sitemap\Application\Ucenter\Api\UcenterLib.class.php 第 39 行.
NOTIC: [8] Undefined index: time D:\wamp\www\Sitemap\Application\Ucenter\Api\UcenterLib.class.php 第 50 行.

[ 2016-03-28T21:52:58+08:00 ] 127.0.0.1 /Sitemap/api/uc.php?code=e624qaM9TstW25846Hhsnn5AKz5u2ws7wUj8orJZiOZcpDobOf9HrFIU7MxpeqV17tvC5fs9aJE
INFO: [ app_init ] --START--
INFO: Run Behavior\BuildLiteBehavior [ RunTime:0.000031s ]
INFO: [ app_init ] --END-- [ RunTime:0.000712s ]
INFO: [ app_begin ] --START--
INFO: Run Behavior\ReadHtmlCacheBehavior [ RunTime:0.001154s ]
INFO: [ app_begin ] --END-- [ RunTime:0.001312s ]
NOTIC: [8] Constant UC_CONNECT already defined D:\wamp\www\Sitemap\Application\Ucenter\Conf\config.php 第 2 行.
NOTIC: [8] Constant UC_DBHOST already defined D:\wamp\www\Sitemap\Application\Ucenter\Conf\config.php 第 3 行.
NOTIC: [8] Constant UC_DBUSER already defined D:\wamp\www\Sitemap\Application\Ucenter\Conf\config.php 第 4 行.
NOTIC: [8] Constant UC_DBPW already defined D:\wamp\www\Sitemap\Application\Ucenter\Conf\config.php 第 5 行.
NOTIC: [8] Constant UC_DBNAME already defined D:\wamp\www\Sitemap\Application\Ucenter\Conf\config.php 第 6 行.
NOTIC: [8] Constant UC_DBCHARSET already defined D:\wamp\www\Sitemap\Application\Ucenter\Conf\config.php 第 7 行.
NOTIC: [8] Constant UC_DBTABLEPRE already defined D:\wamp\www\Sitemap\Application\Ucenter\Conf\config.php 第 8 行.
NOTIC: [8] Constant UC_DBCONNECT already defined D:\wamp\www\Sitemap\Application\Ucenter\Conf\config.php 第 9 行.
NOTIC: [8] Constant UC_KEY already defined D:\wamp\www\Sitemap\Application\Ucenter\Conf\config.php 第 10 行.
NOTIC: [8] Constant UC_API already defined D:\wamp\www\Sitemap\Application\Ucenter\Conf\config.php 第 11 行.
NOTIC: [8] Constant UC_CHARSET already defined D:\wamp\www\Sitemap\Application\Ucenter\Conf\config.php 第 12 行.
NOTIC: [8] Constant UC_IP already defined D:\wamp\www\Sitemap\Application\Ucenter\Conf\config.php 第 13 行.
NOTIC: [8] Constant UC_APPID already defined D:\wamp\www\Sitemap\Application\Ucenter\Conf\config.php 第 14 行.
NOTIC: [8] Constant UC_PPP already defined D:\wamp\www\Sitemap\Application\Ucenter\Conf\config.php 第 15 行.
NOTIC: [8192] Function set_magic_quotes_runtime() is deprecated D:\wamp\www\Sitemap\Application\Ucenter\Api\UcenterLib.class.php 第 39 行.
NOTIC: [2048] Only variables should be passed by reference D:\wamp\www\Sitemap\Application\Ucenter\Api\UcenterLib.class.php 第 59 行.
NOTIC: [8] Undefined variable: log D:\wamp\www\Sitemap\Application\Ucenter\Api\Api.class.php 第 57 行.

[ 2016-03-28T21:56:12+08:00 ] 127.0.0.1 /Sitemap/api/uc.php?code=a5d7d7aP7AVy5l44iXgxbMEUq99x8K7pX65Qn3GLtlYbv00rmZyqdyLmWzuFJ%2BtRgPjNu9GEpuM
INFO: [ app_init ] --START--
INFO: Run Behavior\BuildLiteBehavior [ RunTime:0.000030s ]
INFO: [ app_init ] --END-- [ RunTime:0.000823s ]
INFO: [ app_begin ] --START--
INFO: Run Behavior\ReadHtmlCacheBehavior [ RunTime:0.001097s ]
INFO: [ app_begin ] --END-- [ RunTime:0.001249s ]
NOTIC: [8] Constant UC_CONNECT already defined D:\wamp\www\Sitemap\Application\Ucenter\Conf\config.php 第 2 行.
NOTIC: [8] Constant UC_DBHOST already defined D:\wamp\www\Sitemap\Application\Ucenter\Conf\config.php 第 3 行.
NOTIC: [8] Constant UC_DBUSER already defined D:\wamp\www\Sitemap\Application\Ucenter\Conf\config.php 第 4 行.
NOTIC: [8] Constant UC_DBPW already defined D:\wamp\www\Sitemap\Application\Ucenter\Conf\config.php 第 5 行.
NOTIC: [8] Constant UC_DBNAME already defined D:\wamp\www\Sitemap\Application\Ucenter\Conf\config.php 第 6 行.
NOTIC: [8] Constant UC_DBCHARSET already defined D:\wamp\www\Sitemap\Application\Ucenter\Conf\config.php 第 7 行.
NOTIC: [8] Constant UC_DBTABLEPRE already defined D:\wamp\www\Sitemap\Application\Ucenter\Conf\config.php 第 8 行.
NOTIC: [8] Constant UC_DBCONNECT already defined D:\wamp\www\Sitemap\Application\Ucenter\Conf\config.php 第 9 行.
NOTIC: [8] Constant UC_KEY already defined D:\wamp\www\Sitemap\Application\Ucenter\Conf\config.php 第 10 行.
NOTIC: [8] Constant UC_API already defined D:\wamp\www\Sitemap\Application\Ucenter\Conf\config.php 第 11 行.
NOTIC: [8] Constant UC_CHARSET already defined D:\wamp\www\Sitemap\Application\Ucenter\Conf\config.php 第 12 行.
NOTIC: [8] Constant UC_IP already defined D:\wamp\www\Sitemap\Application\Ucenter\Conf\config.php 第 13 行.
NOTIC: [8] Constant UC_APPID already defined D:\wamp\www\Sitemap\Application\Ucenter\Conf\config.php 第 14 行.
NOTIC: [8] Constant UC_PPP already defined D:\wamp\www\Sitemap\Application\Ucenter\Conf\config.php 第 15 行.
NOTIC: [8192] Function set_magic_quotes_runtime() is deprecated D:\wamp\www\Sitemap\Application\Ucenter\Api\UcenterLib.class.php 第 39 行.
NOTIC: [2048] Only variables should be passed by reference D:\wamp\www\Sitemap\Application\Ucenter\Api\UcenterLib.class.php 第 59 行.
NOTIC: [8] Undefined variable: log D:\wamp\www\Sitemap\Application\Ucenter\Api\Api.class.php 第 42 行.

[ 2016-03-28T21:56:12+08:00 ] 127.0.0.1 /Sitemap/api/uc.php?code=439cRfbcQKxX0tStPZD9VUQG0V%2BY3ovBYkBJG2hzuvG4slWwsOsllkKmYd59uv%2FYePeRGrcEvdQ
INFO: [ app_init ] --START--
INFO: Run Behavior\BuildLiteBehavior [ RunTime:0.000030s ]
INFO: [ app_init ] --END-- [ RunTime:0.000720s ]
INFO: [ app_begin ] --START--
INFO: Run Behavior\ReadHtmlCacheBehavior [ RunTime:0.001047s ]
INFO: [ app_begin ] --END-- [ RunTime:0.001179s ]
NOTIC: [8] Constant UC_CONNECT already defined D:\wamp\www\Sitemap\Application\Ucenter\Conf\config.php 第 2 行.
NOTIC: [8] Constant UC_DBHOST already defined D:\wamp\www\Sitemap\Application\Ucenter\Conf\config.php 第 3 行.
NOTIC: [8] Constant UC_DBUSER already defined D:\wamp\www\Sitemap\Application\Ucenter\Conf\config.php 第 4 行.
NOTIC: [8] Constant UC_DBPW already defined D:\wamp\www\Sitemap\Application\Ucenter\Conf\config.php 第 5 行.
NOTIC: [8] Constant UC_DBNAME already defined D:\wamp\www\Sitemap\Application\Ucenter\Conf\config.php 第 6 行.
NOTIC: [8] Constant UC_DBCHARSET already defined D:\wamp\www\Sitemap\Application\Ucenter\Conf\config.php 第 7 行.
NOTIC: [8] Constant UC_DBTABLEPRE already defined D:\wamp\www\Sitemap\Application\Ucenter\Conf\config.php 第 8 行.
NOTIC: [8] Constant UC_DBCONNECT already defined D:\wamp\www\Sitemap\Application\Ucenter\Conf\config.php 第 9 行.
NOTIC: [8] Constant UC_KEY already defined D:\wamp\www\Sitemap\Application\Ucenter\Conf\config.php 第 10 行.
NOTIC: [8] Constant UC_API already defined D:\wamp\www\Sitemap\Application\Ucenter\Conf\config.php 第 11 行.
NOTIC: [8] Constant UC_CHARSET already defined D:\wamp\www\Sitemap\Application\Ucenter\Conf\config.php 第 12 行.
NOTIC: [8] Constant UC_IP already defined D:\wamp\www\Sitemap\Application\Ucenter\Conf\config.php 第 13 行.
NOTIC: [8] Constant UC_APPID already defined D:\wamp\www\Sitemap\Application\Ucenter\Conf\config.php 第 14 行.
NOTIC: [8] Constant UC_PPP already defined D:\wamp\www\Sitemap\Application\Ucenter\Conf\config.php 第 15 行.
NOTIC: [8192] Function set_magic_quotes_runtime() is deprecated D:\wamp\www\Sitemap\Application\Ucenter\Api\UcenterLib.class.php 第 39 行.
NOTIC: [2048] Only variables should be passed by reference D:\wamp\www\Sitemap\Application\Ucenter\Api\UcenterLib.class.php 第 59 行.
NOTIC: [8] Undefined variable: log D:\wamp\www\Sitemap\Application\Ucenter\Api\Api.class.php 第 42 行.

[ 2016-03-28T21:58:38+08:00 ] 127.0.0.1 /Sitemap/api/uc.php?code=a1f7oj%2BQp7rqkVRFSbuV%2F5F6IlDWUVll1zymojZoUHvpaocGT0rf6j3Tb9T0fo1B5%2BlCD449BGc
INFO: [ app_init ] --START--
INFO: Run Behavior\BuildLiteBehavior [ RunTime:0.000030s ]
INFO: [ app_init ] --END-- [ RunTime:0.000731s ]
INFO: [ app_begin ] --START--
INFO: Run Behavior\ReadHtmlCacheBehavior [ RunTime:0.001064s ]
INFO: [ app_begin ] --END-- [ RunTime:0.001199s ]
NOTIC: [8] Constant UC_CONNECT already defined D:\wamp\www\Sitemap\Application\Ucenter\Conf\config.php 第 2 行.
NOTIC: [8] Constant UC_DBHOST already defined D:\wamp\www\Sitemap\Application\Ucenter\Conf\config.php 第 3 行.
NOTIC: [8] Constant UC_DBUSER already defined D:\wamp\www\Sitemap\Application\Ucenter\Conf\config.php 第 4 行.
NOTIC: [8] Constant UC_DBPW already defined D:\wamp\www\Sitemap\Application\Ucenter\Conf\config.php 第 5 行.
NOTIC: [8] Constant UC_DBNAME already defined D:\wamp\www\Sitemap\Application\Ucenter\Conf\config.php 第 6 行.
NOTIC: [8] Constant UC_DBCHARSET already defined D:\wamp\www\Sitemap\Application\Ucenter\Conf\config.php 第 7 行.
NOTIC: [8] Constant UC_DBTABLEPRE already defined D:\wamp\www\Sitemap\Application\Ucenter\Conf\config.php 第 8 行.
NOTIC: [8] Constant UC_DBCONNECT already defined D:\wamp\www\Sitemap\Application\Ucenter\Conf\config.php 第 9 行.
NOTIC: [8] Constant UC_KEY already defined D:\wamp\www\Sitemap\Application\Ucenter\Conf\config.php 第 10 行.
NOTIC: [8] Constant UC_API already defined D:\wamp\www\Sitemap\Application\Ucenter\Conf\config.php 第 11 行.
NOTIC: [8] Constant UC_CHARSET already defined D:\wamp\www\Sitemap\Application\Ucenter\Conf\config.php 第 12 行.
NOTIC: [8] Constant UC_IP already defined D:\wamp\www\Sitemap\Application\Ucenter\Conf\config.php 第 13 行.
NOTIC: [8] Constant UC_APPID already defined D:\wamp\www\Sitemap\Application\Ucenter\Conf\config.php 第 14 行.
NOTIC: [8] Constant UC_PPP already defined D:\wamp\www\Sitemap\Application\Ucenter\Conf\config.php 第 15 行.
NOTIC: [8192] Function set_magic_quotes_runtime() is deprecated D:\wamp\www\Sitemap\Application\Ucenter\Api\UcenterLib.class.php 第 39 行.
NOTIC: [2048] Only variables should be passed by reference D:\wamp\www\Sitemap\Application\Ucenter\Api\UcenterLib.class.php 第 59 行.
NOTIC: [8] Undefined variable: log D:\wamp\www\Sitemap\Application\Ucenter\Api\Api.class.php 第 41 行.

[ 2016-03-28T21:58:39+08:00 ] 127.0.0.1 /Sitemap/api/uc.php?code=4096sF%2F48JAv4lmhaJakrN43in1Onfbgdd1%2B1x86IRUxaumgKTsSOcrOO9HSAtPGzMFO5f8%2BAk8
INFO: [ app_init ] --START--
INFO: Run Behavior\BuildLiteBehavior [ RunTime:0.000030s ]
INFO: [ app_init ] --END-- [ RunTime:0.000715s ]
INFO: [ app_begin ] --START--
INFO: Run Behavior\ReadHtmlCacheBehavior [ RunTime:0.001114s ]
INFO: [ app_begin ] --END-- [ RunTime:0.001253s ]
NOTIC: [8] Constant UC_CONNECT already defined D:\wamp\www\Sitemap\Application\Ucenter\Conf\config.php 第 2 行.
NOTIC: [8] Constant UC_DBHOST already defined D:\wamp\www\Sitemap\Application\Ucenter\Conf\config.php 第 3 行.
NOTIC: [8] Constant UC_DBUSER already defined D:\wamp\www\Sitemap\Application\Ucenter\Conf\config.php 第 4 行.
NOTIC: [8] Constant UC_DBPW already defined D:\wamp\www\Sitemap\Application\Ucenter\Conf\config.php 第 5 行.
NOTIC: [8] Constant UC_DBNAME already defined D:\wamp\www\Sitemap\Application\Ucenter\Conf\config.php 第 6 行.
NOTIC: [8] Constant UC_DBCHARSET already defined D:\wamp\www\Sitemap\Application\Ucenter\Conf\config.php 第 7 行.
NOTIC: [8] Constant UC_DBTABLEPRE already defined D:\wamp\www\Sitemap\Application\Ucenter\Conf\config.php 第 8 行.
NOTIC: [8] Constant UC_DBCONNECT already defined D:\wamp\www\Sitemap\Application\Ucenter\Conf\config.php 第 9 行.
NOTIC: [8] Constant UC_KEY already defined D:\wamp\www\Sitemap\Application\Ucenter\Conf\config.php 第 10 行.
NOTIC: [8] Constant UC_API already defined D:\wamp\www\Sitemap\Application\Ucenter\Conf\config.php 第 11 行.
NOTIC: [8] Constant UC_CHARSET already defined D:\wamp\www\Sitemap\Application\Ucenter\Conf\config.php 第 12 行.
NOTIC: [8] Constant UC_IP already defined D:\wamp\www\Sitemap\Application\Ucenter\Conf\config.php 第 13 行.
NOTIC: [8] Constant UC_APPID already defined D:\wamp\www\Sitemap\Application\Ucenter\Conf\config.php 第 14 行.
NOTIC: [8] Constant UC_PPP already defined D:\wamp\www\Sitemap\Application\Ucenter\Conf\config.php 第 15 行.
NOTIC: [8192] Function set_magic_quotes_runtime() is deprecated D:\wamp\www\Sitemap\Application\Ucenter\Api\UcenterLib.class.php 第 39 行.
NOTIC: [2048] Only variables should be passed by reference D:\wamp\www\Sitemap\Application\Ucenter\Api\UcenterLib.class.php 第 59 行.
NOTIC: [8] Undefined variable: log D:\wamp\www\Sitemap\Application\Ucenter\Api\Api.class.php 第 41 行.

[ 2016-03-28T21:58:40+08:00 ] 127.0.0.1 /Sitemap/api/uc.php?code=4e15tTeaQE%2BhKKGwle%2FW83X4rM6PVovaY%2BOC63Wmu67XvYMRQ7x8VBdbZGo8%2BPlBGBSMrWu8%2B%2Bg
INFO: [ app_init ] --START--
INFO: Run Behavior\BuildLiteBehavior [ RunTime:0.000031s ]
INFO: [ app_init ] --END-- [ RunTime:0.000736s ]
INFO: [ app_begin ] --START--
INFO: Run Behavior\ReadHtmlCacheBehavior [ RunTime:0.001418s ]
INFO: [ app_begin ] --END-- [ RunTime:0.001597s ]
NOTIC: [8] Constant UC_CONNECT already defined D:\wamp\www\Sitemap\Application\Ucenter\Conf\config.php 第 2 行.
NOTIC: [8] Constant UC_DBHOST already defined D:\wamp\www\Sitemap\Application\Ucenter\Conf\config.php 第 3 行.
NOTIC: [8] Constant UC_DBUSER already defined D:\wamp\www\Sitemap\Application\Ucenter\Conf\config.php 第 4 行.
NOTIC: [8] Constant UC_DBPW already defined D:\wamp\www\Sitemap\Application\Ucenter\Conf\config.php 第 5 行.
NOTIC: [8] Constant UC_DBNAME already defined D:\wamp\www\Sitemap\Application\Ucenter\Conf\config.php 第 6 行.
NOTIC: [8] Constant UC_DBCHARSET already defined D:\wamp\www\Sitemap\Application\Ucenter\Conf\config.php 第 7 行.
NOTIC: [8] Constant UC_DBTABLEPRE already defined D:\wamp\www\Sitemap\Application\Ucenter\Conf\config.php 第 8 行.
NOTIC: [8] Constant UC_DBCONNECT already defined D:\wamp\www\Sitemap\Application\Ucenter\Conf\config.php 第 9 行.
NOTIC: [8] Constant UC_KEY already defined D:\wamp\www\Sitemap\Application\Ucenter\Conf\config.php 第 10 行.
NOTIC: [8] Constant UC_API already defined D:\wamp\www\Sitemap\Application\Ucenter\Conf\config.php 第 11 行.
NOTIC: [8] Constant UC_CHARSET already defined D:\wamp\www\Sitemap\Application\Ucenter\Conf\config.php 第 12 行.
NOTIC: [8] Constant UC_IP already defined D:\wamp\www\Sitemap\Application\Ucenter\Conf\config.php 第 13 行.
NOTIC: [8] Constant UC_APPID already defined D:\wamp\www\Sitemap\Application\Ucenter\Conf\config.php 第 14 行.
NOTIC: [8] Constant UC_PPP already defined D:\wamp\www\Sitemap\Application\Ucenter\Conf\config.php 第 15 行.
NOTIC: [8192] Function set_magic_quotes_runtime() is deprecated D:\wamp\www\Sitemap\Application\Ucenter\Api\UcenterLib.class.php 第 39 行.
NOTIC: [2048] Only variables should be passed by reference D:\wamp\www\Sitemap\Application\Ucenter\Api\UcenterLib.class.php 第 59 行.
NOTIC: [8] Undefined variable: log D:\wamp\www\Sitemap\Application\Ucenter\Api\Api.class.php 第 41 行.

[ 2016-03-28T22:00:06+08:00 ] 127.0.0.1 /Sitemap/api/uc.php?code=37bfRKr3Iirx%2BLgrfCowjPFqiUHvOk%2BeggO0zypyOQjN1uVqu9YiNmsTsgEQT39QknTRCAh0SSw
INFO: [ app_init ] --START--
INFO: Run Behavior\BuildLiteBehavior [ RunTime:0.000030s ]
INFO: [ app_init ] --END-- [ RunTime:0.000734s ]
INFO: [ app_begin ] --START--
INFO: Run Behavior\ReadHtmlCacheBehavior [ RunTime:0.001105s ]
INFO: [ app_begin ] --END-- [ RunTime:0.001237s ]
NOTIC: [8192] Function set_magic_quotes_runtime() is deprecated D:\wamp\www\Sitemap\Application\Ucenter\Api\UcenterLib.class.php 第 38 行.
NOTIC: [2048] Only variables should be passed by reference D:\wamp\www\Sitemap\Application\Ucenter\Api\UcenterLib.class.php 第 58 行.

[ 2016-03-28T22:00:07+08:00 ] 127.0.0.1 /Sitemap/api/uc.php?code=51fcB2FTX3FiUjdDMmefpm%2FGGn%2BQicEGTNtAEkM2rnNSD6VIqx1QRKNBge2NdyJgp6PlfPQOrao
INFO: [ app_init ] --START--
INFO: Run Behavior\BuildLiteBehavior [ RunTime:0.000030s ]
INFO: [ app_init ] --END-- [ RunTime:0.000724s ]
INFO: [ app_begin ] --START--
INFO: Run Behavior\ReadHtmlCacheBehavior [ RunTime:0.001312s ]
INFO: [ app_begin ] --END-- [ RunTime:0.001451s ]
NOTIC: [8192] Function set_magic_quotes_runtime() is deprecated D:\wamp\www\Sitemap\Application\Ucenter\Api\UcenterLib.class.php 第 38 行.
NOTIC: [2048] Only variables should be passed by reference D:\wamp\www\Sitemap\Application\Ucenter\Api\UcenterLib.class.php 第 58 行.

[ 2016-03-28T22:02:16+08:00 ] 127.0.0.1 /Sitemap/api/uc.php?code=7703lCephO88JdBHpNrMl2260Ev%2B1i2sfgEpQ1XkYxkpQYLpIli4%2Fgnd6kw07Q1JKnhNlLpIAS4
INFO: [ app_init ] --START--
INFO: Run Behavior\BuildLiteBehavior [ RunTime:0.000029s ]
INFO: [ app_init ] --END-- [ RunTime:0.000781s ]
INFO: [ app_begin ] --START--
INFO: Run Behavior\ReadHtmlCacheBehavior [ RunTime:0.001080s ]
INFO: [ app_begin ] --END-- [ RunTime:0.001215s ]
NOTIC: [8] Constant UC_CONNECT already defined D:\wamp\www\Sitemap\Application\Ucenter\Conf\config.php 第 2 行.
NOTIC: [8] Constant UC_DBHOST already defined D:\wamp\www\Sitemap\Application\Ucenter\Conf\config.php 第 3 行.
NOTIC: [8] Constant UC_DBUSER already defined D:\wamp\www\Sitemap\Application\Ucenter\Conf\config.php 第 4 行.
NOTIC: [8] Constant UC_DBPW already defined D:\wamp\www\Sitemap\Application\Ucenter\Conf\config.php 第 5 行.
NOTIC: [8] Constant UC_DBNAME already defined D:\wamp\www\Sitemap\Application\Ucenter\Conf\config.php 第 6 行.
NOTIC: [8] Constant UC_DBCHARSET already defined D:\wamp\www\Sitemap\Application\Ucenter\Conf\config.php 第 7 行.
NOTIC: [8] Constant UC_DBTABLEPRE already defined D:\wamp\www\Sitemap\Application\Ucenter\Conf\config.php 第 8 行.
NOTIC: [8] Constant UC_DBCONNECT already defined D:\wamp\www\Sitemap\Application\Ucenter\Conf\config.php 第 9 行.
NOTIC: [8] Constant UC_KEY already defined D:\wamp\www\Sitemap\Application\Ucenter\Conf\config.php 第 10 行.
NOTIC: [8] Constant UC_API already defined D:\wamp\www\Sitemap\Application\Ucenter\Conf\config.php 第 11 行.
NOTIC: [8] Constant UC_CHARSET already defined D:\wamp\www\Sitemap\Application\Ucenter\Conf\config.php 第 12 行.
NOTIC: [8] Constant UC_IP already defined D:\wamp\www\Sitemap\Application\Ucenter\Conf\config.php 第 13 行.
NOTIC: [8] Constant UC_APPID already defined D:\wamp\www\Sitemap\Application\Ucenter\Conf\config.php 第 14 行.
NOTIC: [8] Constant UC_PPP already defined D:\wamp\www\Sitemap\Application\Ucenter\Conf\config.php 第 15 行.
NOTIC: [8192] Function set_magic_quotes_runtime() is deprecated D:\wamp\www\Sitemap\Application\Ucenter\Api\UcenterLib.class.php 第 38 行.
NOTIC: [2048] Only variables should be passed by reference D:\wamp\www\Sitemap\Application\Ucenter\Api\UcenterLib.class.php 第 58 行.

[ 2016-03-28T22:09:25+08:00 ] 127.0.0.1 /Sitemap/api/uc.php?code=04723U5D0f32m%2FPsfG75TZcN8DprTBMJ0lpbM2RsyYaJe3AMF6KYq4les8EiNy5FLhe26ZzsB6c
INFO: [ app_init ] --START--
INFO: Run Behavior\BuildLiteBehavior [ RunTime:0.000028s ]
INFO: [ app_init ] --END-- [ RunTime:0.000641s ]
INFO: [ app_begin ] --START--
INFO: Run Behavior\ReadHtmlCacheBehavior [ RunTime:0.000991s ]
INFO: [ app_begin ] --END-- [ RunTime:0.001151s ]
NOTIC: [8] Constant UC_CONNECT already defined D:\wamp\www\Sitemap\Application\Ucenter\Conf\config.php 第 2 行.
NOTIC: [8] Constant UC_DBHOST already defined D:\wamp\www\Sitemap\Application\Ucenter\Conf\config.php 第 3 行.
NOTIC: [8] Constant UC_DBUSER already defined D:\wamp\www\Sitemap\Application\Ucenter\Conf\config.php 第 4 行.
NOTIC: [8] Constant UC_DBPW already defined D:\wamp\www\Sitemap\Application\Ucenter\Conf\config.php 第 5 行.
NOTIC: [8] Constant UC_DBNAME already defined D:\wamp\www\Sitemap\Application\Ucenter\Conf\config.php 第 6 行.
NOTIC: [8] Constant UC_DBCHARSET already defined D:\wamp\www\Sitemap\Application\Ucenter\Conf\config.php 第 7 行.
NOTIC: [8] Constant UC_DBTABLEPRE already defined D:\wamp\www\Sitemap\Application\Ucenter\Conf\config.php 第 8 行.
NOTIC: [8] Constant UC_DBCONNECT already defined D:\wamp\www\Sitemap\Application\Ucenter\Conf\config.php 第 9 行.
NOTIC: [8] Constant UC_KEY already defined D:\wamp\www\Sitemap\Application\Ucenter\Conf\config.php 第 10 行.
NOTIC: [8] Constant UC_API already defined D:\wamp\www\Sitemap\Application\Ucenter\Conf\config.php 第 11 行.
NOTIC: [8] Constant UC_CHARSET already defined D:\wamp\www\Sitemap\Application\Ucenter\Conf\config.php 第 12 行.
NOTIC: [8] Constant UC_IP already defined D:\wamp\www\Sitemap\Application\Ucenter\Conf\config.php 第 13 行.
NOTIC: [8] Constant UC_APPID already defined D:\wamp\www\Sitemap\Application\Ucenter\Conf\config.php 第 14 行.
NOTIC: [8] Constant UC_PPP already defined D:\wamp\www\Sitemap\Application\Ucenter\Conf\config.php 第 15 行.
NOTIC: [8192] Function set_magic_quotes_runtime() is deprecated D:\wamp\www\Sitemap\Application\Ucenter\Api\UcenterLib.class.php 第 44 行.
NOTIC: [2048] Only variables should be passed by reference D:\wamp\www\Sitemap\Application\Ucenter\Api\UcenterLib.class.php 第 64 行.

[ 2016-03-28T22:12:51+08:00 ] 127.0.0.1 /Sitemap/api/uc.php?code=0c34KKVnw7FYwcV1TanvXxay%2BmX%2B5WBrJYbQPGfMu%2F2w8EWN0fgSvsB6lvedkl%2FrRdZKnqG2SnA
INFO: [ app_init ] --START--
INFO: Run Behavior\BuildLiteBehavior [ RunTime:0.000029s ]
INFO: [ app_init ] --END-- [ RunTime:0.000704s ]
INFO: [ app_begin ] --START--
INFO: Run Behavior\ReadHtmlCacheBehavior [ RunTime:0.000974s ]
INFO: [ app_begin ] --END-- [ RunTime:0.001102s ]
NOTIC: [8] Constant UC_CONNECT already defined D:\wamp\www\Sitemap\Application\Ucenter\Conf\config.php 第 2 行.
NOTIC: [8] Constant UC_DBHOST already defined D:\wamp\www\Sitemap\Application\Ucenter\Conf\config.php 第 3 行.
NOTIC: [8] Constant UC_DBUSER already defined D:\wamp\www\Sitemap\Application\Ucenter\Conf\config.php 第 4 行.
NOTIC: [8] Constant UC_DBPW already defined D:\wamp\www\Sitemap\Application\Ucenter\Conf\config.php 第 5 行.
NOTIC: [8] Constant UC_DBNAME already defined D:\wamp\www\Sitemap\Application\Ucenter\Conf\config.php 第 6 行.
NOTIC: [8] Constant UC_DBCHARSET already defined D:\wamp\www\Sitemap\Application\Ucenter\Conf\config.php 第 7 行.
NOTIC: [8] Constant UC_DBTABLEPRE already defined D:\wamp\www\Sitemap\Application\Ucenter\Conf\config.php 第 8 行.
NOTIC: [8] Constant UC_DBCONNECT already defined D:\wamp\www\Sitemap\Application\Ucenter\Conf\config.php 第 9 行.
NOTIC: [8] Constant UC_KEY already defined D:\wamp\www\Sitemap\Application\Ucenter\Conf\config.php 第 10 行.
NOTIC: [8] Constant UC_API already defined D:\wamp\www\Sitemap\Application\Ucenter\Conf\config.php 第 11 行.
NOTIC: [8] Constant UC_CHARSET already defined D:\wamp\www\Sitemap\Application\Ucenter\Conf\config.php 第 12 行.
NOTIC: [8] Constant UC_IP already defined D:\wamp\www\Sitemap\Application\Ucenter\Conf\config.php 第 13 行.
NOTIC: [8] Constant UC_APPID already defined D:\wamp\www\Sitemap\Application\Ucenter\Conf\config.php 第 14 行.
NOTIC: [8] Constant UC_PPP already defined D:\wamp\www\Sitemap\Application\Ucenter\Conf\config.php 第 15 行.
NOTIC: [8192] Function set_magic_quotes_runtime() is deprecated D:\wamp\www\Sitemap\Application\Ucenter\Api\UcenterLib.class.php 第 44 行.
NOTIC: [2048] Only variables should be passed by reference D:\wamp\www\Sitemap\Application\Ucenter\Api\UcenterLib.class.php 第 64 行.

[ 2016-03-28T22:15:30+08:00 ] 127.0.0.1 /Sitemap/api/uc.php?code=9c7avw%2FAEGwHvOsUCD5Qlbil8TNZt4k%2FoQgN5%2BSe0ZHzPvR6ByqhXHc0mnyZDhL%2BiIaD4n34mWs
INFO: [ app_init ] --START--
INFO: Run Behavior\BuildLiteBehavior [ RunTime:0.000028s ]
INFO: [ app_init ] --END-- [ RunTime:0.000685s ]
INFO: [ app_begin ] --START--
INFO: Run Behavior\ReadHtmlCacheBehavior [ RunTime:0.000961s ]
INFO: [ app_begin ] --END-- [ RunTime:0.001092s ]
NOTIC: [8] Constant UC_CONNECT already defined D:\wamp\www\Sitemap\Application\Ucenter\Conf\config.php 第 2 行.
NOTIC: [8] Constant UC_DBHOST already defined D:\wamp\www\Sitemap\Application\Ucenter\Conf\config.php 第 3 行.
NOTIC: [8] Constant UC_DBUSER already defined D:\wamp\www\Sitemap\Application\Ucenter\Conf\config.php 第 4 行.
NOTIC: [8] Constant UC_DBPW already defined D:\wamp\www\Sitemap\Application\Ucenter\Conf\config.php 第 5 行.
NOTIC: [8] Constant UC_DBNAME already defined D:\wamp\www\Sitemap\Application\Ucenter\Conf\config.php 第 6 行.
NOTIC: [8] Constant UC_DBCHARSET already defined D:\wamp\www\Sitemap\Application\Ucenter\Conf\config.php 第 7 行.
NOTIC: [8] Constant UC_DBTABLEPRE already defined D:\wamp\www\Sitemap\Application\Ucenter\Conf\config.php 第 8 行.
NOTIC: [8] Constant UC_DBCONNECT already defined D:\wamp\www\Sitemap\Application\Ucenter\Conf\config.php 第 9 行.
NOTIC: [8] Constant UC_KEY already defined D:\wamp\www\Sitemap\Application\Ucenter\Conf\config.php 第 10 行.
NOTIC: [8] Constant UC_API already defined D:\wamp\www\Sitemap\Application\Ucenter\Conf\config.php 第 11 行.
NOTIC: [8] Constant UC_CHARSET already defined D:\wamp\www\Sitemap\Application\Ucenter\Conf\config.php 第 12 行.
NOTIC: [8] Constant UC_IP already defined D:\wamp\www\Sitemap\Application\Ucenter\Conf\config.php 第 13 行.
NOTIC: [8] Constant UC_APPID already defined D:\wamp\www\Sitemap\Application\Ucenter\Conf\config.php 第 14 行.
NOTIC: [8] Constant UC_PPP already defined D:\wamp\www\Sitemap\Application\Ucenter\Conf\config.php 第 15 行.
NOTIC: [8192] Function set_magic_quotes_runtime() is deprecated D:\wamp\www\Sitemap\Application\Ucenter\Api\UcenterLib.class.php 第 44 行.
NOTIC: [2048] Only variables should be passed by reference D:\wamp\www\Sitemap\Application\Ucenter\Api\UcenterLib.class.php 第 64 行.

[ 2016-03-28T22:22:26+08:00 ] 127.0.0.1 /UCcenter/api/uc.php?code=d1eaHwrJxoFOApyCYc6o3f7DB760NN%2Fy9l3gUQZxE9FJ9VDSlQZikFdizRCORLqci4igRznAIacprThoMaw&__times__=1
INFO: [ app_init ] --START--
INFO: Run Behavior\BuildLiteBehavior [ RunTime:0.000030s ]
INFO: [ app_init ] --END-- [ RunTime:0.000806s ]
INFO: [ app_begin ] --START--
INFO: Run Behavior\ReadHtmlCacheBehavior [ RunTime:0.000935s ]
INFO: [ app_begin ] --END-- [ RunTime:0.001069s ]
NOTIC: [8] Constant UC_CONNECT already defined D:\wamp\www\UCcenter\Application\Ucenter\Conf\config.php 第 2 行.
NOTIC: [8] Constant UC_DBHOST already defined D:\wamp\www\UCcenter\Application\Ucenter\Conf\config.php 第 3 行.
NOTIC: [8] Constant UC_DBUSER already defined D:\wamp\www\UCcenter\Application\Ucenter\Conf\config.php 第 4 行.
NOTIC: [8] Constant UC_DBPW already defined D:\wamp\www\UCcenter\Application\Ucenter\Conf\config.php 第 5 行.
NOTIC: [8] Constant UC_DBNAME already defined D:\wamp\www\UCcenter\Application\Ucenter\Conf\config.php 第 6 行.
NOTIC: [8] Constant UC_DBCHARSET already defined D:\wamp\www\UCcenter\Application\Ucenter\Conf\config.php 第 7 行.
NOTIC: [8] Constant UC_DBTABLEPRE already defined D:\wamp\www\UCcenter\Application\Ucenter\Conf\config.php 第 8 行.
NOTIC: [8] Constant UC_DBCONNECT already defined D:\wamp\www\UCcenter\Application\Ucenter\Conf\config.php 第 9 行.
NOTIC: [8] Constant UC_KEY already defined D:\wamp\www\UCcenter\Application\Ucenter\Conf\config.php 第 10 行.
NOTIC: [8] Constant UC_API already defined D:\wamp\www\UCcenter\Application\Ucenter\Conf\config.php 第 11 行.
NOTIC: [8] Constant UC_CHARSET already defined D:\wamp\www\UCcenter\Application\Ucenter\Conf\config.php 第 12 行.
NOTIC: [8] Constant UC_IP already defined D:\wamp\www\UCcenter\Application\Ucenter\Conf\config.php 第 13 行.
NOTIC: [8] Constant UC_APPID already defined D:\wamp\www\UCcenter\Application\Ucenter\Conf\config.php 第 14 行.
NOTIC: [8] Constant UC_PPP already defined D:\wamp\www\UCcenter\Application\Ucenter\Conf\config.php 第 15 行.
NOTIC: [8192] Function set_magic_quotes_runtime() is deprecated D:\wamp\www\UCcenter\Application\Ucenter\Api\UcenterLib.class.php 第 44 行.
NOTIC: [2048] Only variables should be passed by reference D:\wamp\www\UCcenter\Application\Ucenter\Api\UcenterLib.class.php 第 64 行.
NOTIC: [8] Undefined index: 1 D:\wamp\www\UCcenter\Uc_client\lib\xml.class.php 第 69 行.
NOTIC: [8] Undefined index: type D:\wamp\www\UCcenter\Uc_client\lib\xml.class.php 第 69 行.
NOTIC: [8] Undefined index: name D:\wamp\www\UCcenter\Uc_client\lib\xml.class.php 第 69 行.
NOTIC: [8] Undefined index: url D:\wamp\www\UCcenter\Uc_client\lib\xml.class.php 第 69 行.
NOTIC: [8] Undefined index: ip D:\wamp\www\UCcenter\Uc_client\lib\xml.class.php 第 69 行.
NOTIC: [8] Undefined index: viewprourl D:\wamp\www\UCcenter\Uc_client\lib\xml.class.php 第 69 行.
NOTIC: [8] Undefined index: apifilename D:\wamp\www\UCcenter\Uc_client\lib\xml.class.php 第 69 行.
NOTIC: [8] Undefined index: charset D:\wamp\www\UCcenter\Uc_client\lib\xml.class.php 第 69 行.
NOTIC: [8] Undefined index: synlogin D:\wamp\www\UCcenter\Uc_client\lib\xml.class.php 第 69 行.
NOTIC: [8] Undefined index: extra D:\wamp\www\UCcenter\Uc_client\lib\xml.class.php 第 69 行.
NOTIC: [8] Undefined index: recvnote D:\wamp\www\UCcenter\Uc_client\lib\xml.class.php 第 69 行.
NOTIC: [8] Undefined index: 4 D:\wamp\www\UCcenter\Uc_client\lib\xml.class.php 第 69 行.
NOTIC: [8] Undefined index: type D:\wamp\www\UCcenter\Uc_client\lib\xml.class.php 第 69 行.
NOTIC: [8] Undefined index: name D:\wamp\www\UCcenter\Uc_client\lib\xml.class.php 第 69 行.
NOTIC: [8] Undefined index: url D:\wamp\www\UCcenter\Uc_client\lib\xml.class.php 第 69 行.
NOTIC: [8] Undefined index: ip D:\wamp\www\UCcenter\Uc_client\lib\xml.class.php 第 69 行.
NOTIC: [8] Undefined index: viewprourl D:\wamp\www\UCcenter\Uc_client\lib\xml.class.php 第 69 行.
NOTIC: [8] Undefined index: apifilename D:\wamp\www\UCcenter\Uc_client\lib\xml.class.php 第 69 行.
NOTIC: [8] Undefined index: charset D:\wamp\www\UCcenter\Uc_client\lib\xml.class.php 第 69 行.
NOTIC: [8] Undefined index: synlogin D:\wamp\www\UCcenter\Uc_client\lib\xml.class.php 第 69 行.
NOTIC: [8] Undefined index: extra D:\wamp\www\UCcenter\Uc_client\lib\xml.class.php 第 69 行.
NOTIC: [8] Undefined index: recvnote D:\wamp\www\UCcenter\Uc_client\lib\xml.class.php 第 69 行.
NOTIC: [8] Undefined index: UC_API D:\wamp\www\UCcenter\Uc_client\lib\xml.class.php 第 69 行.

[ 2016-03-28T22:22:26+08:00 ] 127.0.0.1 /UCcenter/api/uc.php?code=5246qYI0OvbGFljFILdyX1iB%2BDcTwGjZvdaJwaf7eo2YteNWejU9d52M8%2BjY2WZYNdRBOdcYLL4
INFO: [ app_init ] --START--
INFO: Run Behavior\BuildLiteBehavior [ RunTime:0.000029s ]
INFO: [ app_init ] --END-- [ RunTime:0.000597s ]
INFO: [ app_begin ] --START--
INFO: Run Behavior\ReadHtmlCacheBehavior [ RunTime:0.000635s ]
INFO: [ app_begin ] --END-- [ RunTime:0.000759s ]
NOTIC: [8] Constant UC_CONNECT already defined D:\wamp\www\UCcenter\Application\Ucenter\Conf\config.php 第 2 行.
NOTIC: [8] Constant UC_DBHOST already defined D:\wamp\www\UCcenter\Application\Ucenter\Conf\config.php 第 3 行.
NOTIC: [8] Constant UC_DBUSER already defined D:\wamp\www\UCcenter\Application\Ucenter\Conf\config.php 第 4 行.
NOTIC: [8] Constant UC_DBPW already defined D:\wamp\www\UCcenter\Application\Ucenter\Conf\config.php 第 5 行.
NOTIC: [8] Constant UC_DBNAME already defined D:\wamp\www\UCcenter\Application\Ucenter\Conf\config.php 第 6 行.
NOTIC: [8] Constant UC_DBCHARSET already defined D:\wamp\www\UCcenter\Application\Ucenter\Conf\config.php 第 7 行.
NOTIC: [8] Constant UC_DBTABLEPRE already defined D:\wamp\www\UCcenter\Application\Ucenter\Conf\config.php 第 8 行.
NOTIC: [8] Constant UC_DBCONNECT already defined D:\wamp\www\UCcenter\Application\Ucenter\Conf\config.php 第 9 行.
NOTIC: [8] Constant UC_KEY already defined D:\wamp\www\UCcenter\Application\Ucenter\Conf\config.php 第 10 行.
NOTIC: [8] Constant UC_API already defined D:\wamp\www\UCcenter\Application\Ucenter\Conf\config.php 第 11 行.
NOTIC: [8] Constant UC_CHARSET already defined D:\wamp\www\UCcenter\Application\Ucenter\Conf\config.php 第 12 行.
NOTIC: [8] Constant UC_IP already defined D:\wamp\www\UCcenter\Application\Ucenter\Conf\config.php 第 13 行.
NOTIC: [8] Constant UC_APPID already defined D:\wamp\www\UCcenter\Application\Ucenter\Conf\config.php 第 14 行.
NOTIC: [8] Constant UC_PPP already defined D:\wamp\www\UCcenter\Application\Ucenter\Conf\config.php 第 15 行.
NOTIC: [8192] Function set_magic_quotes_runtime() is deprecated D:\wamp\www\UCcenter\Application\Ucenter\Api\UcenterLib.class.php 第 44 行.
NOTIC: [2048] Only variables should be passed by reference D:\wamp\www\UCcenter\Application\Ucenter\Api\UcenterLib.class.php 第 64 行.

[ 2016-03-28T22:22:29+08:00 ] 127.0.0.1 /UCcenter/api/uc.php?code=60eaK9FNtk%2BS4aP3xxHffZL%2FsBu4trmXEhogydmbTU4qybwcdEl1dH2OdPIXTU8w%2BcSfa1Bta%2FW%2BHSVPgnY&__times__=1
INFO: [ app_init ] --START--
INFO: Run Behavior\BuildLiteBehavior [ RunTime:0.000029s ]
INFO: [ app_init ] --END-- [ RunTime:0.000583s ]
INFO: [ app_begin ] --START--
INFO: Run Behavior\ReadHtmlCacheBehavior [ RunTime:0.000705s ]
INFO: [ app_begin ] --END-- [ RunTime:0.000834s ]
NOTIC: [8] Constant UC_CONNECT already defined D:\wamp\www\UCcenter\Application\Ucenter\Conf\config.php 第 2 行.
NOTIC: [8] Constant UC_DBHOST already defined D:\wamp\www\UCcenter\Application\Ucenter\Conf\config.php 第 3 行.
NOTIC: [8] Constant UC_DBUSER already defined D:\wamp\www\UCcenter\Application\Ucenter\Conf\config.php 第 4 行.
NOTIC: [8] Constant UC_DBPW already defined D:\wamp\www\UCcenter\Application\Ucenter\Conf\config.php 第 5 行.
NOTIC: [8] Constant UC_DBNAME already defined D:\wamp\www\UCcenter\Application\Ucenter\Conf\config.php 第 6 行.
NOTIC: [8] Constant UC_DBCHARSET already defined D:\wamp\www\UCcenter\Application\Ucenter\Conf\config.php 第 7 行.
NOTIC: [8] Constant UC_DBTABLEPRE already defined D:\wamp\www\UCcenter\Application\Ucenter\Conf\config.php 第 8 行.
NOTIC: [8] Constant UC_DBCONNECT already defined D:\wamp\www\UCcenter\Application\Ucenter\Conf\config.php 第 9 行.
NOTIC: [8] Constant UC_KEY already defined D:\wamp\www\UCcenter\Application\Ucenter\Conf\config.php 第 10 行.
NOTIC: [8] Constant UC_API already defined D:\wamp\www\UCcenter\Application\Ucenter\Conf\config.php 第 11 行.
NOTIC: [8] Constant UC_CHARSET already defined D:\wamp\www\UCcenter\Application\Ucenter\Conf\config.php 第 12 行.
NOTIC: [8] Constant UC_IP already defined D:\wamp\www\UCcenter\Application\Ucenter\Conf\config.php 第 13 行.
NOTIC: [8] Constant UC_APPID already defined D:\wamp\www\UCcenter\Application\Ucenter\Conf\config.php 第 14 行.
NOTIC: [8] Constant UC_PPP already defined D:\wamp\www\UCcenter\Application\Ucenter\Conf\config.php 第 15 行.
NOTIC: [8192] Function set_magic_quotes_runtime() is deprecated D:\wamp\www\UCcenter\Application\Ucenter\Api\UcenterLib.class.php 第 44 行.
NOTIC: [2048] Only variables should be passed by reference D:\wamp\www\UCcenter\Application\Ucenter\Api\UcenterLib.class.php 第 64 行.
NOTIC: [8] Undefined index: 1 D:\wamp\www\UCcenter\Uc_client\lib\xml.class.php 第 69 行.
NOTIC: [8] Undefined index: type D:\wamp\www\UCcenter\Uc_client\lib\xml.class.php 第 69 行.
NOTIC: [8] Undefined index: name D:\wamp\www\UCcenter\Uc_client\lib\xml.class.php 第 69 行.
NOTIC: [8] Undefined index: url D:\wamp\www\UCcenter\Uc_client\lib\xml.class.php 第 69 行.
NOTIC: [8] Undefined index: ip D:\wamp\www\UCcenter\Uc_client\lib\xml.class.php 第 69 行.
NOTIC: [8] Undefined index: viewprourl D:\wamp\www\UCcenter\Uc_client\lib\xml.class.php 第 69 行.
NOTIC: [8] Undefined index: apifilename D:\wamp\www\UCcenter\Uc_client\lib\xml.class.php 第 69 行.
NOTIC: [8] Undefined index: charset D:\wamp\www\UCcenter\Uc_client\lib\xml.class.php 第 69 行.
NOTIC: [8] Undefined index: synlogin D:\wamp\www\UCcenter\Uc_client\lib\xml.class.php 第 69 行.
NOTIC: [8] Undefined index: extra D:\wamp\www\UCcenter\Uc_client\lib\xml.class.php 第 69 行.
NOTIC: [8] Undefined index: recvnote D:\wamp\www\UCcenter\Uc_client\lib\xml.class.php 第 69 行.
NOTIC: [8] Undefined index: 4 D:\wamp\www\UCcenter\Uc_client\lib\xml.class.php 第 69 行.
NOTIC: [8] Undefined index: type D:\wamp\www\UCcenter\Uc_client\lib\xml.class.php 第 69 行.
NOTIC: [8] Undefined index: name D:\wamp\www\UCcenter\Uc_client\lib\xml.class.php 第 69 行.
NOTIC: [8] Undefined index: url D:\wamp\www\UCcenter\Uc_client\lib\xml.class.php 第 69 行.
NOTIC: [8] Undefined index: ip D:\wamp\www\UCcenter\Uc_client\lib\xml.class.php 第 69 行.
NOTIC: [8] Undefined index: viewprourl D:\wamp\www\UCcenter\Uc_client\lib\xml.class.php 第 69 行.
NOTIC: [8] Undefined index: apifilename D:\wamp\www\UCcenter\Uc_client\lib\xml.class.php 第 69 行.
NOTIC: [8] Undefined index: charset D:\wamp\www\UCcenter\Uc_client\lib\xml.class.php 第 69 行.
NOTIC: [8] Undefined index: synlogin D:\wamp\www\UCcenter\Uc_client\lib\xml.class.php 第 69 行.
NOTIC: [8] Undefined index: extra D:\wamp\www\UCcenter\Uc_client\lib\xml.class.php 第 69 行.
NOTIC: [8] Undefined index: recvnote D:\wamp\www\UCcenter\Uc_client\lib\xml.class.php 第 69 行.
NOTIC: [8] Undefined index: UC_API D:\wamp\www\UCcenter\Uc_client\lib\xml.class.php 第 69 行.

[ 2016-03-28T22:23:25+08:00 ] 127.0.0.1 /UCcenter/api/uc.php?code=a3e7l6IIacvuflPbkvFVPfNdts9Lb9tBNRRhBAcWmBmyVfCKUiPyqzYZ6FFzMOBT1m%2BjM5jLyWk
INFO: [ app_init ] --START--
INFO: Run Behavior\BuildLiteBehavior [ RunTime:0.000033s ]
INFO: [ app_init ] --END-- [ RunTime:0.000580s ]
INFO: [ app_begin ] --START--
INFO: Run Behavior\ReadHtmlCacheBehavior [ RunTime:0.000643s ]
INFO: [ app_begin ] --END-- [ RunTime:0.000776s ]
NOTIC: [8] Constant UC_CONNECT already defined D:\wamp\www\UCcenter\Application\Ucenter\Conf\config.php 第 2 行.
NOTIC: [8] Constant UC_DBHOST already defined D:\wamp\www\UCcenter\Application\Ucenter\Conf\config.php 第 3 行.
NOTIC: [8] Constant UC_DBUSER already defined D:\wamp\www\UCcenter\Application\Ucenter\Conf\config.php 第 4 行.
NOTIC: [8] Constant UC_DBPW already defined D:\wamp\www\UCcenter\Application\Ucenter\Conf\config.php 第 5 行.
NOTIC: [8] Constant UC_DBNAME already defined D:\wamp\www\UCcenter\Application\Ucenter\Conf\config.php 第 6 行.
NOTIC: [8] Constant UC_DBCHARSET already defined D:\wamp\www\UCcenter\Application\Ucenter\Conf\config.php 第 7 行.
NOTIC: [8] Constant UC_DBTABLEPRE already defined D:\wamp\www\UCcenter\Application\Ucenter\Conf\config.php 第 8 行.
NOTIC: [8] Constant UC_DBCONNECT already defined D:\wamp\www\UCcenter\Application\Ucenter\Conf\config.php 第 9 行.
NOTIC: [8] Constant UC_KEY already defined D:\wamp\www\UCcenter\Application\Ucenter\Conf\config.php 第 10 行.
NOTIC: [8] Constant UC_API already defined D:\wamp\www\UCcenter\Application\Ucenter\Conf\config.php 第 11 行.
NOTIC: [8] Constant UC_CHARSET already defined D:\wamp\www\UCcenter\Application\Ucenter\Conf\config.php 第 12 行.
NOTIC: [8] Constant UC_IP already defined D:\wamp\www\UCcenter\Application\Ucenter\Conf\config.php 第 13 行.
NOTIC: [8] Constant UC_APPID already defined D:\wamp\www\UCcenter\Application\Ucenter\Conf\config.php 第 14 行.
NOTIC: [8] Constant UC_PPP already defined D:\wamp\www\UCcenter\Application\Ucenter\Conf\config.php 第 15 行.
NOTIC: [8192] Function set_magic_quotes_runtime() is deprecated D:\wamp\www\UCcenter\Application\Ucenter\Api\UcenterLib.class.php 第 44 行.
NOTIC: [2048] Only variables should be passed by reference D:\wamp\www\UCcenter\Application\Ucenter\Api\UcenterLib.class.php 第 64 行.

[ 2016-03-28T22:23:38+08:00 ] 127.0.0.1 /UCcenter/api/uc.php?code=470bNemm4g23HzGTex%2FLl0gm2qUWFaMpq8OfiaaxgqFxAHYv2xB%2FoFx9NtLHVWdGpon4mJsiRh8
INFO: [ app_init ] --START--
INFO: Run Behavior\BuildLiteBehavior [ RunTime:0.000029s ]
INFO: [ app_init ] --END-- [ RunTime:0.000572s ]
INFO: [ app_begin ] --START--
INFO: Run Behavior\ReadHtmlCacheBehavior [ RunTime:0.000651s ]
INFO: [ app_begin ] --END-- [ RunTime:0.000787s ]
NOTIC: [8] Constant UC_CONNECT already defined D:\wamp\www\UCcenter\Application\Ucenter\Conf\config.php 第 2 行.
NOTIC: [8] Constant UC_DBHOST already defined D:\wamp\www\UCcenter\Application\Ucenter\Conf\config.php 第 3 行.
NOTIC: [8] Constant UC_DBUSER already defined D:\wamp\www\UCcenter\Application\Ucenter\Conf\config.php 第 4 行.
NOTIC: [8] Constant UC_DBPW already defined D:\wamp\www\UCcenter\Application\Ucenter\Conf\config.php 第 5 行.
NOTIC: [8] Constant UC_DBNAME already defined D:\wamp\www\UCcenter\Application\Ucenter\Conf\config.php 第 6 行.
NOTIC: [8] Constant UC_DBCHARSET already defined D:\wamp\www\UCcenter\Application\Ucenter\Conf\config.php 第 7 行.
NOTIC: [8] Constant UC_DBTABLEPRE already defined D:\wamp\www\UCcenter\Application\Ucenter\Conf\config.php 第 8 行.
NOTIC: [8] Constant UC_DBCONNECT already defined D:\wamp\www\UCcenter\Application\Ucenter\Conf\config.php 第 9 行.
NOTIC: [8] Constant UC_KEY already defined D:\wamp\www\UCcenter\Application\Ucenter\Conf\config.php 第 10 行.
NOTIC: [8] Constant UC_API already defined D:\wamp\www\UCcenter\Application\Ucenter\Conf\config.php 第 11 行.
NOTIC: [8] Constant UC_CHARSET already defined D:\wamp\www\UCcenter\Application\Ucenter\Conf\config.php 第 12 行.
NOTIC: [8] Constant UC_IP already defined D:\wamp\www\UCcenter\Application\Ucenter\Conf\config.php 第 13 行.
NOTIC: [8] Constant UC_APPID already defined D:\wamp\www\UCcenter\Application\Ucenter\Conf\config.php 第 14 行.
NOTIC: [8] Constant UC_PPP already defined D:\wamp\www\UCcenter\Application\Ucenter\Conf\config.php 第 15 行.
NOTIC: [8192] Function set_magic_quotes_runtime() is deprecated D:\wamp\www\UCcenter\Application\Ucenter\Api\UcenterLib.class.php 第 44 行.
NOTIC: [8] Undefined index: time D:\wamp\www\UCcenter\Application\Ucenter\Api\UcenterLib.class.php 第 55 行.

[ 2016-03-28T22:26:37+08:00 ] 127.0.0.1 /UCcenter/api/uc.php?code=e589adrniIb%2FMUZAw%2Fu%2BHCXlbrUyouS77dA%2B7SSKIxyWX2ETcboXG2M75ySx0wrUYwOeLROxd2s
INFO: [ app_init ] --START--
INFO: Run Behavior\BuildLiteBehavior [ RunTime:0.000029s ]
INFO: [ app_init ] --END-- [ RunTime:0.000647s ]
INFO: [ app_begin ] --START--
INFO: Run Behavior\ReadHtmlCacheBehavior [ RunTime:0.000837s ]
INFO: [ app_begin ] --END-- [ RunTime:0.000975s ]
NOTIC: [8] Constant UC_CONNECT already defined D:\wamp\www\UCcenter\Application\Ucenter\Conf\config.php 第 2 行.
NOTIC: [8] Constant UC_DBHOST already defined D:\wamp\www\UCcenter\Application\Ucenter\Conf\config.php 第 3 行.
NOTIC: [8] Constant UC_DBUSER already defined D:\wamp\www\UCcenter\Application\Ucenter\Conf\config.php 第 4 行.
NOTIC: [8] Constant UC_DBPW already defined D:\wamp\www\UCcenter\Application\Ucenter\Conf\config.php 第 5 行.
NOTIC: [8] Constant UC_DBNAME already defined D:\wamp\www\UCcenter\Application\Ucenter\Conf\config.php 第 6 行.
NOTIC: [8] Constant UC_DBCHARSET already defined D:\wamp\www\UCcenter\Application\Ucenter\Conf\config.php 第 7 行.
NOTIC: [8] Constant UC_DBTABLEPRE already defined D:\wamp\www\UCcenter\Application\Ucenter\Conf\config.php 第 8 行.
NOTIC: [8] Constant UC_DBCONNECT already defined D:\wamp\www\UCcenter\Application\Ucenter\Conf\config.php 第 9 行.
NOTIC: [8] Constant UC_KEY already defined D:\wamp\www\UCcenter\Application\Ucenter\Conf\config.php 第 10 行.
NOTIC: [8] Constant UC_API already defined D:\wamp\www\UCcenter\Application\Ucenter\Conf\config.php 第 11 行.
NOTIC: [8] Constant UC_CHARSET already defined D:\wamp\www\UCcenter\Application\Ucenter\Conf\config.php 第 12 行.
NOTIC: [8] Constant UC_IP already defined D:\wamp\www\UCcenter\Application\Ucenter\Conf\config.php 第 13 行.
NOTIC: [8] Constant UC_APPID already defined D:\wamp\www\UCcenter\Application\Ucenter\Conf\config.php 第 14 行.
NOTIC: [8] Constant UC_PPP already defined D:\wamp\www\UCcenter\Application\Ucenter\Conf\config.php 第 15 行.
NOTIC: [8192] Function set_magic_quotes_runtime() is deprecated D:\wamp\www\UCcenter\Application\Ucenter\Api\UcenterLib.class.php 第 44 行.
NOTIC: [2048] Only variables should be passed by reference D:\wamp\www\UCcenter\Application\Ucenter\Api\UcenterLib.class.php 第 64 行.

[ 2016-03-28T22:33:11+08:00 ] 127.0.0.1 /UCenter/api/uc.php?code=2fa7bR9Ly6c6nNHPYvcOLZoTblwhTa%2FIeQvsr%2BsBaRfZJKsZ%2Bc4UEN0bueY8D%2BEO8QtTBYJt7%2FfZcEYBME0&__times__=1
INFO: [ app_init ] --START--
INFO: Run Behavior\BuildLiteBehavior [ RunTime:0.000032s ]
INFO: [ app_init ] --END-- [ RunTime:0.000894s ]
INFO: [ app_begin ] --START--
INFO: Run Behavior\ReadHtmlCacheBehavior [ RunTime:0.001497s ]
INFO: [ app_begin ] --END-- [ RunTime:0.001651s ]
NOTIC: [8] Constant UC_CONNECT already defined D:\wamp\www\UCenter\Application\Ucenter\Conf\config.php 第 2 行.
NOTIC: [8] Constant UC_DBHOST already defined D:\wamp\www\UCenter\Application\Ucenter\Conf\config.php 第 3 行.
NOTIC: [8] Constant UC_DBUSER already defined D:\wamp\www\UCenter\Application\Ucenter\Conf\config.php 第 4 行.
NOTIC: [8] Constant UC_DBPW already defined D:\wamp\www\UCenter\Application\Ucenter\Conf\config.php 第 5 行.
NOTIC: [8] Constant UC_DBNAME already defined D:\wamp\www\UCenter\Application\Ucenter\Conf\config.php 第 6 行.
NOTIC: [8] Constant UC_DBCHARSET already defined D:\wamp\www\UCenter\Application\Ucenter\Conf\config.php 第 7 行.
NOTIC: [8] Constant UC_DBTABLEPRE already defined D:\wamp\www\UCenter\Application\Ucenter\Conf\config.php 第 8 行.
NOTIC: [8] Constant UC_DBCONNECT already defined D:\wamp\www\UCenter\Application\Ucenter\Conf\config.php 第 9 行.
NOTIC: [8] Constant UC_KEY already defined D:\wamp\www\UCenter\Application\Ucenter\Conf\config.php 第 10 行.
NOTIC: [8] Constant UC_API already defined D:\wamp\www\UCenter\Application\Ucenter\Conf\config.php 第 11 行.
NOTIC: [8] Constant UC_CHARSET already defined D:\wamp\www\UCenter\Application\Ucenter\Conf\config.php 第 12 行.
NOTIC: [8] Constant UC_IP already defined D:\wamp\www\UCenter\Application\Ucenter\Conf\config.php 第 13 行.
NOTIC: [8] Constant UC_APPID already defined D:\wamp\www\UCenter\Application\Ucenter\Conf\config.php 第 14 行.
NOTIC: [8] Constant UC_PPP already defined D:\wamp\www\UCenter\Application\Ucenter\Conf\config.php 第 15 行.
NOTIC: [8192] Function set_magic_quotes_runtime() is deprecated D:\wamp\www\UCenter\Application\Ucenter\Api\UcenterLib.class.php 第 44 行.
NOTIC: [2048] Only variables should be passed by reference D:\wamp\www\UCenter\Application\Ucenter\Api\UcenterLib.class.php 第 64 行.
NOTIC: [8] Undefined index: 1 D:\wamp\www\UCenter\Uc_client\lib\xml.class.php 第 69 行.
NOTIC: [8] Undefined index: type D:\wamp\www\UCenter\Uc_client\lib\xml.class.php 第 69 行.
NOTIC: [8] Undefined index: name D:\wamp\www\UCenter\Uc_client\lib\xml.class.php 第 69 行.
NOTIC: [8] Undefined index: url D:\wamp\www\UCenter\Uc_client\lib\xml.class.php 第 69 行.
NOTIC: [8] Undefined index: ip D:\wamp\www\UCenter\Uc_client\lib\xml.class.php 第 69 行.
NOTIC: [8] Undefined index: viewprourl D:\wamp\www\UCenter\Uc_client\lib\xml.class.php 第 69 行.
NOTIC: [8] Undefined index: apifilename D:\wamp\www\UCenter\Uc_client\lib\xml.class.php 第 69 行.
NOTIC: [8] Undefined index: charset D:\wamp\www\UCenter\Uc_client\lib\xml.class.php 第 69 行.
NOTIC: [8] Undefined index: synlogin D:\wamp\www\UCenter\Uc_client\lib\xml.class.php 第 69 行.
NOTIC: [8] Undefined index: extra D:\wamp\www\UCenter\Uc_client\lib\xml.class.php 第 69 行.
NOTIC: [8] Undefined index: recvnote D:\wamp\www\UCenter\Uc_client\lib\xml.class.php 第 69 行.
NOTIC: [8] Undefined index: 4 D:\wamp\www\UCenter\Uc_client\lib\xml.class.php 第 69 行.
NOTIC: [8] Undefined index: type D:\wamp\www\UCenter\Uc_client\lib\xml.class.php 第 69 行.
NOTIC: [8] Undefined index: name D:\wamp\www\UCenter\Uc_client\lib\xml.class.php 第 69 行.
NOTIC: [8] Undefined index: url D:\wamp\www\UCenter\Uc_client\lib\xml.class.php 第 69 行.
NOTIC: [8] Undefined index: ip D:\wamp\www\UCenter\Uc_client\lib\xml.class.php 第 69 行.
NOTIC: [8] Undefined index: viewprourl D:\wamp\www\UCenter\Uc_client\lib\xml.class.php 第 69 行.
NOTIC: [8] Undefined index: apifilename D:\wamp\www\UCenter\Uc_client\lib\xml.class.php 第 69 行.
NOTIC: [8] Undefined index: charset D:\wamp\www\UCenter\Uc_client\lib\xml.class.php 第 69 行.
NOTIC: [8] Undefined index: synlogin D:\wamp\www\UCenter\Uc_client\lib\xml.class.php 第 69 行.
NOTIC: [8] Undefined index: extra D:\wamp\www\UCenter\Uc_client\lib\xml.class.php 第 69 行.
NOTIC: [8] Undefined index: extraurl D:\wamp\www\UCenter\Uc_client\lib\xml.class.php 第 69 行.
NOTIC: [8] Undefined index: recvnote D:\wamp\www\UCenter\Uc_client\lib\xml.class.php 第 69 行.
NOTIC: [8] Undefined index: UC_API D:\wamp\www\UCenter\Uc_client\lib\xml.class.php 第 69 行.

[ 2016-03-28T22:33:12+08:00 ] 127.0.0.1 /UCenter/api/uc.php?code=f834xlolCBIujDH76PG9AJy4XmenVgfyMxf0bkv2U04Icw7p2T9HnYPlpfOK7jPA5S0YZl%2BtlZs
INFO: [ app_init ] --START--
INFO: Run Behavior\BuildLiteBehavior [ RunTime:0.000029s ]
INFO: [ app_init ] --END-- [ RunTime:0.000658s ]
INFO: [ app_begin ] --START--
INFO: Run Behavior\ReadHtmlCacheBehavior [ RunTime:0.001020s ]
INFO: [ app_begin ] --END-- [ RunTime:0.001149s ]
NOTIC: [8] Constant UC_CONNECT already defined D:\wamp\www\UCenter\Application\Ucenter\Conf\config.php 第 2 行.
NOTIC: [8] Constant UC_DBHOST already defined D:\wamp\www\UCenter\Application\Ucenter\Conf\config.php 第 3 行.
NOTIC: [8] Constant UC_DBUSER already defined D:\wamp\www\UCenter\Application\Ucenter\Conf\config.php 第 4 行.
NOTIC: [8] Constant UC_DBPW already defined D:\wamp\www\UCenter\Application\Ucenter\Conf\config.php 第 5 行.
NOTIC: [8] Constant UC_DBNAME already defined D:\wamp\www\UCenter\Application\Ucenter\Conf\config.php 第 6 行.
NOTIC: [8] Constant UC_DBCHARSET already defined D:\wamp\www\UCenter\Application\Ucenter\Conf\config.php 第 7 行.
NOTIC: [8] Constant UC_DBTABLEPRE already defined D:\wamp\www\UCenter\Application\Ucenter\Conf\config.php 第 8 行.
NOTIC: [8] Constant UC_DBCONNECT already defined D:\wamp\www\UCenter\Application\Ucenter\Conf\config.php 第 9 行.
NOTIC: [8] Constant UC_KEY already defined D:\wamp\www\UCenter\Application\Ucenter\Conf\config.php 第 10 行.
NOTIC: [8] Constant UC_API already defined D:\wamp\www\UCenter\Application\Ucenter\Conf\config.php 第 11 行.
NOTIC: [8] Constant UC_CHARSET already defined D:\wamp\www\UCenter\Application\Ucenter\Conf\config.php 第 12 行.
NOTIC: [8] Constant UC_IP already defined D:\wamp\www\UCenter\Application\Ucenter\Conf\config.php 第 13 行.
NOTIC: [8] Constant UC_APPID already defined D:\wamp\www\UCenter\Application\Ucenter\Conf\config.php 第 14 行.
NOTIC: [8] Constant UC_PPP already defined D:\wamp\www\UCenter\Application\Ucenter\Conf\config.php 第 15 行.
NOTIC: [8192] Function set_magic_quotes_runtime() is deprecated D:\wamp\www\UCenter\Application\Ucenter\Api\UcenterLib.class.php 第 44 行.
NOTIC: [2048] Only variables should be passed by reference D:\wamp\www\UCenter\Application\Ucenter\Api\UcenterLib.class.php 第 64 行.

[ 2016-03-28T22:56:02+08:00 ] 127.0.0.1 /UCenter/api/uc.php?code=57a9tlZytFydmXN7Gi4Q2gw3UQwrZieelrwYtjFFg73OuXX0wQOw%2BUK1%2BJis8jZ9TmgbF04JHIs
INFO: [ app_init ] --START--
INFO: Run Behavior\BuildLiteBehavior [ RunTime:0.000030s ]
INFO: [ app_init ] --END-- [ RunTime:0.000686s ]
INFO: [ app_begin ] --START--
INFO: Run Behavior\ReadHtmlCacheBehavior [ RunTime:0.000777s ]
INFO: [ app_begin ] --END-- [ RunTime:0.000915s ]
NOTIC: [8] Constant UC_CONNECT already defined D:\wamp\www\UCenter\Application\Ucenter\Conf\config.php 第 2 行.
NOTIC: [8] Constant UC_DBHOST already defined D:\wamp\www\UCenter\Application\Ucenter\Conf\config.php 第 3 行.
NOTIC: [8] Constant UC_DBUSER already defined D:\wamp\www\UCenter\Application\Ucenter\Conf\config.php 第 4 行.
NOTIC: [8] Constant UC_DBPW already defined D:\wamp\www\UCenter\Application\Ucenter\Conf\config.php 第 5 行.
NOTIC: [8] Constant UC_DBNAME already defined D:\wamp\www\UCenter\Application\Ucenter\Conf\config.php 第 6 行.
NOTIC: [8] Constant UC_DBCHARSET already defined D:\wamp\www\UCenter\Application\Ucenter\Conf\config.php 第 7 行.
NOTIC: [8] Constant UC_DBTABLEPRE already defined D:\wamp\www\UCenter\Application\Ucenter\Conf\config.php 第 8 行.
NOTIC: [8] Constant UC_DBCONNECT already defined D:\wamp\www\UCenter\Application\Ucenter\Conf\config.php 第 9 行.
NOTIC: [8] Constant UC_KEY already defined D:\wamp\www\UCenter\Application\Ucenter\Conf\config.php 第 10 行.
NOTIC: [8] Constant UC_API already defined D:\wamp\www\UCenter\Application\Ucenter\Conf\config.php 第 11 行.
NOTIC: [8] Constant UC_CHARSET already defined D:\wamp\www\UCenter\Application\Ucenter\Conf\config.php 第 12 行.
NOTIC: [8] Constant UC_IP already defined D:\wamp\www\UCenter\Application\Ucenter\Conf\config.php 第 13 行.
NOTIC: [8] Constant UC_APPID already defined D:\wamp\www\UCenter\Application\Ucenter\Conf\config.php 第 14 行.
NOTIC: [8] Constant UC_PPP already defined D:\wamp\www\UCenter\Application\Ucenter\Conf\config.php 第 15 行.
NOTIC: [8192] Function set_magic_quotes_runtime() is deprecated D:\wamp\www\UCenter\Application\Ucenter\Api\UcenterLib.class.php 第 44 行.
NOTIC: [2048] Only variables should be passed by reference D:\wamp\www\UCenter\Application\Ucenter\Api\UcenterLib.class.php 第 64 行.

[ 2016-03-28T22:58:54+08:00 ] 127.0.0.1 /UCenter/api/uc.php?code=7704xn0RmQAZcLitNwRsh1qpZ3eM6d4vJhGxDy%2BLsFR8d65YtlkbObLJ7xhNzRpJFuJL8gIAuCQ
INFO: [ app_init ] --START--
INFO: Run Behavior\BuildLiteBehavior [ RunTime:0.000055s ]
INFO: [ app_init ] --END-- [ RunTime:0.000678s ]
INFO: [ app_begin ] --START--
INFO: Run Behavior\ReadHtmlCacheBehavior [ RunTime:0.000778s ]
INFO: [ app_begin ] --END-- [ RunTime:0.000906s ]
NOTIC: [8] Constant UC_CONNECT already defined D:\wamp\www\UCenter\Application\Ucenter\Conf\config.php 第 2 行.
NOTIC: [8] Constant UC_DBHOST already defined D:\wamp\www\UCenter\Application\Ucenter\Conf\config.php 第 3 行.
NOTIC: [8] Constant UC_DBUSER already defined D:\wamp\www\UCenter\Application\Ucenter\Conf\config.php 第 4 行.
NOTIC: [8] Constant UC_DBPW already defined D:\wamp\www\UCenter\Application\Ucenter\Conf\config.php 第 5 行.
NOTIC: [8] Constant UC_DBNAME already defined D:\wamp\www\UCenter\Application\Ucenter\Conf\config.php 第 6 行.
NOTIC: [8] Constant UC_DBCHARSET already defined D:\wamp\www\UCenter\Application\Ucenter\Conf\config.php 第 7 行.
NOTIC: [8] Constant UC_DBTABLEPRE already defined D:\wamp\www\UCenter\Application\Ucenter\Conf\config.php 第 8 行.
NOTIC: [8] Constant UC_DBCONNECT already defined D:\wamp\www\UCenter\Application\Ucenter\Conf\config.php 第 9 行.
NOTIC: [8] Constant UC_KEY already defined D:\wamp\www\UCenter\Application\Ucenter\Conf\config.php 第 10 行.
NOTIC: [8] Constant UC_API already defined D:\wamp\www\UCenter\Application\Ucenter\Conf\config.php 第 11 行.
NOTIC: [8] Constant UC_CHARSET already defined D:\wamp\www\UCenter\Application\Ucenter\Conf\config.php 第 12 行.
NOTIC: [8] Constant UC_IP already defined D:\wamp\www\UCenter\Application\Ucenter\Conf\config.php 第 13 行.
NOTIC: [8] Constant UC_APPID already defined D:\wamp\www\UCenter\Application\Ucenter\Conf\config.php 第 14 行.
NOTIC: [8] Constant UC_PPP already defined D:\wamp\www\UCenter\Application\Ucenter\Conf\config.php 第 15 行.
NOTIC: [8192] Function set_magic_quotes_runtime() is deprecated D:\wamp\www\UCenter\Application\Ucenter\Api\UcenterLib.class.php 第 44 行.
NOTIC: [8] Undefined index: time D:\wamp\www\UCenter\Application\Ucenter\Api\UcenterLib.class.php 第 55 行.

[ 2016-03-28T23:00:39+08:00 ] 127.0.0.1 /UCenter/api/uc.php?code=ac65FDbLciYvzfxqc994YfmN9OgvK7xCV4FC6oWFk7MmQl5bS46TeiKz3yzD5SnP%2F3c4ZRmO7kQ
INFO: [ app_init ] --START--
INFO: Run Behavior\BuildLiteBehavior [ RunTime:0.000028s ]
INFO: [ app_init ] --END-- [ RunTime:0.000566s ]
INFO: [ app_begin ] --START--
INFO: Run Behavior\ReadHtmlCacheBehavior [ RunTime:0.000671s ]
INFO: [ app_begin ] --END-- [ RunTime:0.000810s ]
NOTIC: [8] Constant UC_CONNECT already defined D:\wamp\www\UCenter\Application\Ucenter\Conf\config.php 第 2 行.
NOTIC: [8] Constant UC_DBHOST already defined D:\wamp\www\UCenter\Application\Ucenter\Conf\config.php 第 3 行.
NOTIC: [8] Constant UC_DBUSER already defined D:\wamp\www\UCenter\Application\Ucenter\Conf\config.php 第 4 行.
NOTIC: [8] Constant UC_DBPW already defined D:\wamp\www\UCenter\Application\Ucenter\Conf\config.php 第 5 行.
NOTIC: [8] Constant UC_DBNAME already defined D:\wamp\www\UCenter\Application\Ucenter\Conf\config.php 第 6 行.
NOTIC: [8] Constant UC_DBCHARSET already defined D:\wamp\www\UCenter\Application\Ucenter\Conf\config.php 第 7 行.
NOTIC: [8] Constant UC_DBTABLEPRE already defined D:\wamp\www\UCenter\Application\Ucenter\Conf\config.php 第 8 行.
NOTIC: [8] Constant UC_DBCONNECT already defined D:\wamp\www\UCenter\Application\Ucenter\Conf\config.php 第 9 行.
NOTIC: [8] Constant UC_KEY already defined D:\wamp\www\UCenter\Application\Ucenter\Conf\config.php 第 10 行.
NOTIC: [8] Constant UC_API already defined D:\wamp\www\UCenter\Application\Ucenter\Conf\config.php 第 11 行.
NOTIC: [8] Constant UC_CHARSET already defined D:\wamp\www\UCenter\Application\Ucenter\Conf\config.php 第 12 行.
NOTIC: [8] Constant UC_IP already defined D:\wamp\www\UCenter\Application\Ucenter\Conf\config.php 第 13 行.
NOTIC: [8] Constant UC_APPID already defined D:\wamp\www\UCenter\Application\Ucenter\Conf\config.php 第 14 行.
NOTIC: [8] Constant UC_PPP already defined D:\wamp\www\UCenter\Application\Ucenter\Conf\config.php 第 15 行.
NOTIC: [8192] Function set_magic_quotes_runtime() is deprecated D:\wamp\www\UCenter\Application\Ucenter\Api\UcenterLib.class.php 第 44 行.
NOTIC: [8] Undefined index: time D:\wamp\www\UCenter\Application\Ucenter\Api\UcenterLib.class.php 第 55 行.

