[ 2017-03-22T15:31:04+08:00 ] ::1 //api/uc.php?code=cc34XWtFSaEY7Qvp9juAcwyg%2Bfq%2BDE8X5eIuDluEwRsuc4YYsKgK9jjElyS3Gp92mk4lqTTPz4hAGAq8Eu4&__times__=1
INFO: [ app_init ] --START--
INFO: Run Behavior\BuildLiteBehavior [ RunTime:0.000011s ]
INFO: [ app_init ] --END-- [ RunTime:0.000556s ]
INFO: [ app_begin ] --START--
INFO: Run Behavior\ReadHtmlCacheBehavior [ RunTime:0.000944s ]
INFO: [ app_begin ] --END-- [ RunTime:0.000990s ]
NOTIC: [8] Constant UC_CONNECT already defined C:\xampp\htdocs\Application\Ucenter\Conf\config.php 第 2 行.
NOTIC: [8] Constant UC_DBHOST already defined C:\xampp\htdocs\Application\Ucenter\Conf\config.php 第 3 行.
NOTIC: [8] Constant UC_DBUSER already defined C:\xampp\htdocs\Application\Ucenter\Conf\config.php 第 4 行.
NOTIC: [8] Constant UC_DBPW already defined C:\xampp\htdocs\Application\Ucenter\Conf\config.php 第 5 行.
NOTIC: [8] Constant UC_DBNAME already defined C:\xampp\htdocs\Application\Ucenter\Conf\config.php 第 6 行.
NOTIC: [8] Constant UC_DBCHARSET already defined C:\xampp\htdocs\Application\Ucenter\Conf\config.php 第 7 行.
NOTIC: [8] Constant UC_DBTABLEPRE already defined C:\xampp\htdocs\Application\Ucenter\Conf\config.php 第 8 行.
NOTIC: [8] Constant UC_DBCONNECT already defined C:\xampp\htdocs\Application\Ucenter\Conf\config.php 第 9 行.
NOTIC: [8] Constant UC_KEY already defined C:\xampp\htdocs\Application\Ucenter\Conf\config.php 第 10 行.
NOTIC: [8] Constant UC_API already defined C:\xampp\htdocs\Application\Ucenter\Conf\config.php 第 11 行.
NOTIC: [8] Constant UC_CHARSET already defined C:\xampp\htdocs\Application\Ucenter\Conf\config.php 第 12 行.
NOTIC: [8] Constant UC_IP already defined C:\xampp\htdocs\Application\Ucenter\Conf\config.php 第 13 行.
NOTIC: [8] Constant UC_APPID already defined C:\xampp\htdocs\Application\Ucenter\Conf\config.php 第 14 行.
NOTIC: [8] Constant UC_PPP already defined C:\xampp\htdocs\Application\Ucenter\Conf\config.php 第 15 行.
NOTIC: [8192] Function set_magic_quotes_runtime() is deprecated C:\xampp\htdocs\Application\Ucenter\Api\UcenterLib.class.php 第 44 行.
NOTIC: [2048] Only variables should be passed by reference C:\xampp\htdocs\Application\Ucenter\Api\UcenterLib.class.php 第 64 行.
NOTIC: [8] Undefined offset: 1 C:\xampp\htdocs\Uc_client\lib\xml.class.php 第 69 行.
NOTIC: [8] Undefined index: type C:\xampp\htdocs\Uc_client\lib\xml.class.php 第 69 行.
NOTIC: [8] Undefined index: name C:\xampp\htdocs\Uc_client\lib\xml.class.php 第 69 行.
NOTIC: [8] Undefined index: url C:\xampp\htdocs\Uc_client\lib\xml.class.php 第 69 行.
NOTIC: [8] Undefined index: ip C:\xampp\htdocs\Uc_client\lib\xml.class.php 第 69 行.
NOTIC: [8] Undefined index: viewprourl C:\xampp\htdocs\Uc_client\lib\xml.class.php 第 69 行.
NOTIC: [8] Undefined index: apifilename C:\xampp\htdocs\Uc_client\lib\xml.class.php 第 69 行.
NOTIC: [8] Undefined index: charset C:\xampp\htdocs\Uc_client\lib\xml.class.php 第 69 行.
NOTIC: [8] Undefined index: synlogin C:\xampp\htdocs\Uc_client\lib\xml.class.php 第 69 行.
NOTIC: [8] Undefined index: extra C:\xampp\htdocs\Uc_client\lib\xml.class.php 第 69 行.
NOTIC: [8] Undefined index: extraurl C:\xampp\htdocs\Uc_client\lib\xml.class.php 第 69 行.
NOTIC: [8] Undefined index: recvnote C:\xampp\htdocs\Uc_client\lib\xml.class.php 第 69 行.
NOTIC: [8] Undefined offset: 2 C:\xampp\htdocs\Uc_client\lib\xml.class.php 第 69 行.
NOTIC: [8] Undefined index: type C:\xampp\htdocs\Uc_client\lib\xml.class.php 第 69 行.
NOTIC: [8] Undefined index: name C:\xampp\htdocs\Uc_client\lib\xml.class.php 第 69 行.
NOTIC: [8] Undefined index: url C:\xampp\htdocs\Uc_client\lib\xml.class.php 第 69 行.
NOTIC: [8] Undefined index: ip C:\xampp\htdocs\Uc_client\lib\xml.class.php 第 69 行.
NOTIC: [8] Undefined index: viewprourl C:\xampp\htdocs\Uc_client\lib\xml.class.php 第 69 行.
NOTIC: [8] Undefined index: apifilename C:\xampp\htdocs\Uc_client\lib\xml.class.php 第 69 行.
NOTIC: [8] Undefined index: charset C:\xampp\htdocs\Uc_client\lib\xml.class.php 第 69 行.
NOTIC: [8] Undefined index: synlogin C:\xampp\htdocs\Uc_client\lib\xml.class.php 第 69 行.
NOTIC: [8] Undefined index: extra C:\xampp\htdocs\Uc_client\lib\xml.class.php 第 69 行.
NOTIC: [8] Undefined index: recvnote C:\xampp\htdocs\Uc_client\lib\xml.class.php 第 69 行.
NOTIC: [8] Undefined index: UC_API C:\xampp\htdocs\Uc_client\lib\xml.class.php 第 69 行.

[ 2017-03-22T15:31:04+08:00 ] 127.0.0.1 //api/uc.php?code=43498z5SieABweXllkiHF5BdAjoh5FoJOwpuZoO54CBx2ES62H%2B6oYMoIB0JkOHkKLKb0Ht%2F9ho
INFO: [ app_init ] --START--
INFO: Run Behavior\BuildLiteBehavior [ RunTime:0.000013s ]
INFO: [ app_init ] --END-- [ RunTime:0.000749s ]
INFO: [ app_begin ] --START--
INFO: Run Behavior\ReadHtmlCacheBehavior [ RunTime:0.000897s ]
INFO: [ app_begin ] --END-- [ RunTime:0.000947s ]
NOTIC: [8] Constant UC_CONNECT already defined C:\xampp\htdocs\Application\Ucenter\Conf\config.php 第 2 行.
NOTIC: [8] Constant UC_DBHOST already defined C:\xampp\htdocs\Application\Ucenter\Conf\config.php 第 3 行.
NOTIC: [8] Constant UC_DBUSER already defined C:\xampp\htdocs\Application\Ucenter\Conf\config.php 第 4 行.
NOTIC: [8] Constant UC_DBPW already defined C:\xampp\htdocs\Application\Ucenter\Conf\config.php 第 5 行.
NOTIC: [8] Constant UC_DBNAME already defined C:\xampp\htdocs\Application\Ucenter\Conf\config.php 第 6 行.
NOTIC: [8] Constant UC_DBCHARSET already defined C:\xampp\htdocs\Application\Ucenter\Conf\config.php 第 7 行.
NOTIC: [8] Constant UC_DBTABLEPRE already defined C:\xampp\htdocs\Application\Ucenter\Conf\config.php 第 8 行.
NOTIC: [8] Constant UC_DBCONNECT already defined C:\xampp\htdocs\Application\Ucenter\Conf\config.php 第 9 行.
NOTIC: [8] Constant UC_KEY already defined C:\xampp\htdocs\Application\Ucenter\Conf\config.php 第 10 行.
NOTIC: [8] Constant UC_API already defined C:\xampp\htdocs\Application\Ucenter\Conf\config.php 第 11 行.
NOTIC: [8] Constant UC_CHARSET already defined C:\xampp\htdocs\Application\Ucenter\Conf\config.php 第 12 行.
NOTIC: [8] Constant UC_IP already defined C:\xampp\htdocs\Application\Ucenter\Conf\config.php 第 13 行.
NOTIC: [8] Constant UC_APPID already defined C:\xampp\htdocs\Application\Ucenter\Conf\config.php 第 14 行.
NOTIC: [8] Constant UC_PPP already defined C:\xampp\htdocs\Application\Ucenter\Conf\config.php 第 15 行.
NOTIC: [8192] Function set_magic_quotes_runtime() is deprecated C:\xampp\htdocs\Application\Ucenter\Api\UcenterLib.class.php 第 44 行.
NOTIC: [2048] Only variables should be passed by reference C:\xampp\htdocs\Application\Ucenter\Api\UcenterLib.class.php 第 64 行.

[ 2017-03-22T15:31:06+08:00 ] ::1 //api/uc.php?code=0aa0SVKO5cpokB%2BDJ7PQNgur5rAbzQ90Rorw3zTJSvGAOR%2BwSfaHT1P%2F5FTTjU8zQgNBaTN8nouACTr2YtU&__times__=1
INFO: [ app_init ] --START--
INFO: Run Behavior\BuildLiteBehavior [ RunTime:0.000013s ]
INFO: [ app_init ] --END-- [ RunTime:0.000502s ]
INFO: [ app_begin ] --START--
INFO: Run Behavior\ReadHtmlCacheBehavior [ RunTime:0.000972s ]
INFO: [ app_begin ] --END-- [ RunTime:0.001019s ]
NOTIC: [8] Constant UC_CONNECT already defined C:\xampp\htdocs\Application\Ucenter\Conf\config.php 第 2 行.
NOTIC: [8] Constant UC_DBHOST already defined C:\xampp\htdocs\Application\Ucenter\Conf\config.php 第 3 行.
NOTIC: [8] Constant UC_DBUSER already defined C:\xampp\htdocs\Application\Ucenter\Conf\config.php 第 4 行.
NOTIC: [8] Constant UC_DBPW already defined C:\xampp\htdocs\Application\Ucenter\Conf\config.php 第 5 行.
NOTIC: [8] Constant UC_DBNAME already defined C:\xampp\htdocs\Application\Ucenter\Conf\config.php 第 6 行.
NOTIC: [8] Constant UC_DBCHARSET already defined C:\xampp\htdocs\Application\Ucenter\Conf\config.php 第 7 行.
NOTIC: [8] Constant UC_DBTABLEPRE already defined C:\xampp\htdocs\Application\Ucenter\Conf\config.php 第 8 行.
NOTIC: [8] Constant UC_DBCONNECT already defined C:\xampp\htdocs\Application\Ucenter\Conf\config.php 第 9 行.
NOTIC: [8] Constant UC_KEY already defined C:\xampp\htdocs\Application\Ucenter\Conf\config.php 第 10 行.
NOTIC: [8] Constant UC_API already defined C:\xampp\htdocs\Application\Ucenter\Conf\config.php 第 11 行.
NOTIC: [8] Constant UC_CHARSET already defined C:\xampp\htdocs\Application\Ucenter\Conf\config.php 第 12 行.
NOTIC: [8] Constant UC_IP already defined C:\xampp\htdocs\Application\Ucenter\Conf\config.php 第 13 行.
NOTIC: [8] Constant UC_APPID already defined C:\xampp\htdocs\Application\Ucenter\Conf\config.php 第 14 行.
NOTIC: [8] Constant UC_PPP already defined C:\xampp\htdocs\Application\Ucenter\Conf\config.php 第 15 行.
NOTIC: [8192] Function set_magic_quotes_runtime() is deprecated C:\xampp\htdocs\Application\Ucenter\Api\UcenterLib.class.php 第 44 行.
NOTIC: [2048] Only variables should be passed by reference C:\xampp\htdocs\Application\Ucenter\Api\UcenterLib.class.php 第 64 行.
NOTIC: [8] Undefined offset: 1 C:\xampp\htdocs\Uc_client\lib\xml.class.php 第 69 行.
NOTIC: [8] Undefined index: type C:\xampp\htdocs\Uc_client\lib\xml.class.php 第 69 行.
NOTIC: [8] Undefined index: name C:\xampp\htdocs\Uc_client\lib\xml.class.php 第 69 行.
NOTIC: [8] Undefined index: url C:\xampp\htdocs\Uc_client\lib\xml.class.php 第 69 行.
NOTIC: [8] Undefined index: ip C:\xampp\htdocs\Uc_client\lib\xml.class.php 第 69 行.
NOTIC: [8] Undefined index: viewprourl C:\xampp\htdocs\Uc_client\lib\xml.class.php 第 69 行.
NOTIC: [8] Undefined index: apifilename C:\xampp\htdocs\Uc_client\lib\xml.class.php 第 69 行.
NOTIC: [8] Undefined index: charset C:\xampp\htdocs\Uc_client\lib\xml.class.php 第 69 行.
NOTIC: [8] Undefined index: synlogin C:\xampp\htdocs\Uc_client\lib\xml.class.php 第 69 行.
NOTIC: [8] Undefined index: extra C:\xampp\htdocs\Uc_client\lib\xml.class.php 第 69 行.
NOTIC: [8] Undefined index: extraurl C:\xampp\htdocs\Uc_client\lib\xml.class.php 第 69 行.
NOTIC: [8] Undefined index: recvnote C:\xampp\htdocs\Uc_client\lib\xml.class.php 第 69 行.
NOTIC: [8] Undefined offset: 2 C:\xampp\htdocs\Uc_client\lib\xml.class.php 第 69 行.
NOTIC: [8] Undefined index: type C:\xampp\htdocs\Uc_client\lib\xml.class.php 第 69 行.
NOTIC: [8] Undefined index: name C:\xampp\htdocs\Uc_client\lib\xml.class.php 第 69 行.
NOTIC: [8] Undefined index: url C:\xampp\htdocs\Uc_client\lib\xml.class.php 第 69 行.
NOTIC: [8] Undefined index: ip C:\xampp\htdocs\Uc_client\lib\xml.class.php 第 69 行.
NOTIC: [8] Undefined index: viewprourl C:\xampp\htdocs\Uc_client\lib\xml.class.php 第 69 行.
NOTIC: [8] Undefined index: apifilename C:\xampp\htdocs\Uc_client\lib\xml.class.php 第 69 行.
NOTIC: [8] Undefined index: charset C:\xampp\htdocs\Uc_client\lib\xml.class.php 第 69 行.
NOTIC: [8] Undefined index: synlogin C:\xampp\htdocs\Uc_client\lib\xml.class.php 第 69 行.
NOTIC: [8] Undefined index: extra C:\xampp\htdocs\Uc_client\lib\xml.class.php 第 69 行.
NOTIC: [8] Undefined index: recvnote C:\xampp\htdocs\Uc_client\lib\xml.class.php 第 69 行.
NOTIC: [8] Undefined index: UC_API C:\xampp\htdocs\Uc_client\lib\xml.class.php 第 69 行.

[ 2017-03-22T15:31:16+08:00 ] ::1 //api/uc.php?code=2947nux%2BGo7L%2BxIbuLSUZO7UWKuwtXElFkZIxCzIUFh1jreaNt5FEuIsu3E%2BLPgmZDT8fFXue5V%2Bbld230M&__times__=1
INFO: [ app_init ] --START--
INFO: Run Behavior\BuildLiteBehavior [ RunTime:0.000016s ]
INFO: [ app_init ] --END-- [ RunTime:0.000542s ]
INFO: [ app_begin ] --START--
INFO: Run Behavior\ReadHtmlCacheBehavior [ RunTime:0.001134s ]
INFO: [ app_begin ] --END-- [ RunTime:0.001206s ]
NOTIC: [8] Constant UC_CONNECT already defined C:\xampp\htdocs\Application\Ucenter\Conf\config.php 第 2 行.
NOTIC: [8] Constant UC_DBHOST already defined C:\xampp\htdocs\Application\Ucenter\Conf\config.php 第 3 行.
NOTIC: [8] Constant UC_DBUSER already defined C:\xampp\htdocs\Application\Ucenter\Conf\config.php 第 4 行.
NOTIC: [8] Constant UC_DBPW already defined C:\xampp\htdocs\Application\Ucenter\Conf\config.php 第 5 行.
NOTIC: [8] Constant UC_DBNAME already defined C:\xampp\htdocs\Application\Ucenter\Conf\config.php 第 6 行.
NOTIC: [8] Constant UC_DBCHARSET already defined C:\xampp\htdocs\Application\Ucenter\Conf\config.php 第 7 行.
NOTIC: [8] Constant UC_DBTABLEPRE already defined C:\xampp\htdocs\Application\Ucenter\Conf\config.php 第 8 行.
NOTIC: [8] Constant UC_DBCONNECT already defined C:\xampp\htdocs\Application\Ucenter\Conf\config.php 第 9 行.
NOTIC: [8] Constant UC_KEY already defined C:\xampp\htdocs\Application\Ucenter\Conf\config.php 第 10 行.
NOTIC: [8] Constant UC_API already defined C:\xampp\htdocs\Application\Ucenter\Conf\config.php 第 11 行.
NOTIC: [8] Constant UC_CHARSET already defined C:\xampp\htdocs\Application\Ucenter\Conf\config.php 第 12 行.
NOTIC: [8] Constant UC_IP already defined C:\xampp\htdocs\Application\Ucenter\Conf\config.php 第 13 行.
NOTIC: [8] Constant UC_APPID already defined C:\xampp\htdocs\Application\Ucenter\Conf\config.php 第 14 行.
NOTIC: [8] Constant UC_PPP already defined C:\xampp\htdocs\Application\Ucenter\Conf\config.php 第 15 行.
NOTIC: [8192] Function set_magic_quotes_runtime() is deprecated C:\xampp\htdocs\Application\Ucenter\Api\UcenterLib.class.php 第 44 行.
NOTIC: [2048] Only variables should be passed by reference C:\xampp\htdocs\Application\Ucenter\Api\UcenterLib.class.php 第 64 行.
NOTIC: [8] Undefined offset: 1 C:\xampp\htdocs\Uc_client\lib\xml.class.php 第 69 行.
NOTIC: [8] Undefined index: type C:\xampp\htdocs\Uc_client\lib\xml.class.php 第 69 行.
NOTIC: [8] Undefined index: name C:\xampp\htdocs\Uc_client\lib\xml.class.php 第 69 行.
NOTIC: [8] Undefined index: url C:\xampp\htdocs\Uc_client\lib\xml.class.php 第 69 行.
NOTIC: [8] Undefined index: ip C:\xampp\htdocs\Uc_client\lib\xml.class.php 第 69 行.
NOTIC: [8] Undefined index: viewprourl C:\xampp\htdocs\Uc_client\lib\xml.class.php 第 69 行.
NOTIC: [8] Undefined index: apifilename C:\xampp\htdocs\Uc_client\lib\xml.class.php 第 69 行.
NOTIC: [8] Undefined index: charset C:\xampp\htdocs\Uc_client\lib\xml.class.php 第 69 行.
NOTIC: [8] Undefined index: synlogin C:\xampp\htdocs\Uc_client\lib\xml.class.php 第 69 行.
NOTIC: [8] Undefined index: extra C:\xampp\htdocs\Uc_client\lib\xml.class.php 第 69 行.
NOTIC: [8] Undefined index: extraurl C:\xampp\htdocs\Uc_client\lib\xml.class.php 第 69 行.
NOTIC: [8] Undefined index: recvnote C:\xampp\htdocs\Uc_client\lib\xml.class.php 第 69 行.
NOTIC: [8] Undefined offset: 2 C:\xampp\htdocs\Uc_client\lib\xml.class.php 第 69 行.
NOTIC: [8] Undefined index: type C:\xampp\htdocs\Uc_client\lib\xml.class.php 第 69 行.
NOTIC: [8] Undefined index: name C:\xampp\htdocs\Uc_client\lib\xml.class.php 第 69 行.
NOTIC: [8] Undefined index: url C:\xampp\htdocs\Uc_client\lib\xml.class.php 第 69 行.
NOTIC: [8] Undefined index: ip C:\xampp\htdocs\Uc_client\lib\xml.class.php 第 69 行.
NOTIC: [8] Undefined index: viewprourl C:\xampp\htdocs\Uc_client\lib\xml.class.php 第 69 行.
NOTIC: [8] Undefined index: apifilename C:\xampp\htdocs\Uc_client\lib\xml.class.php 第 69 行.
NOTIC: [8] Undefined index: charset C:\xampp\htdocs\Uc_client\lib\xml.class.php 第 69 行.
NOTIC: [8] Undefined index: synlogin C:\xampp\htdocs\Uc_client\lib\xml.class.php 第 69 行.
NOTIC: [8] Undefined index: extra C:\xampp\htdocs\Uc_client\lib\xml.class.php 第 69 行.
NOTIC: [8] Undefined index: recvnote C:\xampp\htdocs\Uc_client\lib\xml.class.php 第 69 行.
NOTIC: [8] Undefined index: UC_API C:\xampp\htdocs\Uc_client\lib\xml.class.php 第 69 行.

[ 2017-03-22T15:31:16+08:00 ] ::1 //api/uc.php?code=77710SChdgxiYMwU8RFaliJq9h0yHzak9N8ACDtx8%2BzxVMABNjbEG4iVO%2BQ2gmL3FUCxxcGrAbaeuelO%2F0k&__times__=1
INFO: [ app_init ] --START--
INFO: Run Behavior\BuildLiteBehavior [ RunTime:0.000013s ]
INFO: [ app_init ] --END-- [ RunTime:0.000581s ]
INFO: [ app_begin ] --START--
INFO: Run Behavior\ReadHtmlCacheBehavior [ RunTime:0.000943s ]
INFO: [ app_begin ] --END-- [ RunTime:0.001007s ]
NOTIC: [8] Constant UC_CONNECT already defined C:\xampp\htdocs\Application\Ucenter\Conf\config.php 第 2 行.
NOTIC: [8] Constant UC_DBHOST already defined C:\xampp\htdocs\Application\Ucenter\Conf\config.php 第 3 行.
NOTIC: [8] Constant UC_DBUSER already defined C:\xampp\htdocs\Application\Ucenter\Conf\config.php 第 4 行.
NOTIC: [8] Constant UC_DBPW already defined C:\xampp\htdocs\Application\Ucenter\Conf\config.php 第 5 行.
NOTIC: [8] Constant UC_DBNAME already defined C:\xampp\htdocs\Application\Ucenter\Conf\config.php 第 6 行.
NOTIC: [8] Constant UC_DBCHARSET already defined C:\xampp\htdocs\Application\Ucenter\Conf\config.php 第 7 行.
NOTIC: [8] Constant UC_DBTABLEPRE already defined C:\xampp\htdocs\Application\Ucenter\Conf\config.php 第 8 行.
NOTIC: [8] Constant UC_DBCONNECT already defined C:\xampp\htdocs\Application\Ucenter\Conf\config.php 第 9 行.
NOTIC: [8] Constant UC_KEY already defined C:\xampp\htdocs\Application\Ucenter\Conf\config.php 第 10 行.
NOTIC: [8] Constant UC_API already defined C:\xampp\htdocs\Application\Ucenter\Conf\config.php 第 11 行.
NOTIC: [8] Constant UC_CHARSET already defined C:\xampp\htdocs\Application\Ucenter\Conf\config.php 第 12 行.
NOTIC: [8] Constant UC_IP already defined C:\xampp\htdocs\Application\Ucenter\Conf\config.php 第 13 行.
NOTIC: [8] Constant UC_APPID already defined C:\xampp\htdocs\Application\Ucenter\Conf\config.php 第 14 行.
NOTIC: [8] Constant UC_PPP already defined C:\xampp\htdocs\Application\Ucenter\Conf\config.php 第 15 行.
NOTIC: [8192] Function set_magic_quotes_runtime() is deprecated C:\xampp\htdocs\Application\Ucenter\Api\UcenterLib.class.php 第 44 行.
NOTIC: [2048] Only variables should be passed by reference C:\xampp\htdocs\Application\Ucenter\Api\UcenterLib.class.php 第 64 行.
NOTIC: [8] Undefined offset: 1 C:\xampp\htdocs\Uc_client\lib\xml.class.php 第 69 行.
NOTIC: [8] Undefined index: type C:\xampp\htdocs\Uc_client\lib\xml.class.php 第 69 行.
NOTIC: [8] Undefined index: name C:\xampp\htdocs\Uc_client\lib\xml.class.php 第 69 行.
NOTIC: [8] Undefined index: url C:\xampp\htdocs\Uc_client\lib\xml.class.php 第 69 行.
NOTIC: [8] Undefined index: ip C:\xampp\htdocs\Uc_client\lib\xml.class.php 第 69 行.
NOTIC: [8] Undefined index: viewprourl C:\xampp\htdocs\Uc_client\lib\xml.class.php 第 69 行.
NOTIC: [8] Undefined index: apifilename C:\xampp\htdocs\Uc_client\lib\xml.class.php 第 69 行.
NOTIC: [8] Undefined index: charset C:\xampp\htdocs\Uc_client\lib\xml.class.php 第 69 行.
NOTIC: [8] Undefined index: synlogin C:\xampp\htdocs\Uc_client\lib\xml.class.php 第 69 行.
NOTIC: [8] Undefined index: extra C:\xampp\htdocs\Uc_client\lib\xml.class.php 第 69 行.
NOTIC: [8] Undefined index: extraurl C:\xampp\htdocs\Uc_client\lib\xml.class.php 第 69 行.
NOTIC: [8] Undefined index: recvnote C:\xampp\htdocs\Uc_client\lib\xml.class.php 第 69 行.
NOTIC: [8] Undefined offset: 2 C:\xampp\htdocs\Uc_client\lib\xml.class.php 第 69 行.
NOTIC: [8] Undefined index: type C:\xampp\htdocs\Uc_client\lib\xml.class.php 第 69 行.
NOTIC: [8] Undefined index: name C:\xampp\htdocs\Uc_client\lib\xml.class.php 第 69 行.
NOTIC: [8] Undefined index: url C:\xampp\htdocs\Uc_client\lib\xml.class.php 第 69 行.
NOTIC: [8] Undefined index: ip C:\xampp\htdocs\Uc_client\lib\xml.class.php 第 69 行.
NOTIC: [8] Undefined index: viewprourl C:\xampp\htdocs\Uc_client\lib\xml.class.php 第 69 行.
NOTIC: [8] Undefined index: apifilename C:\xampp\htdocs\Uc_client\lib\xml.class.php 第 69 行.
NOTIC: [8] Undefined index: charset C:\xampp\htdocs\Uc_client\lib\xml.class.php 第 69 行.
NOTIC: [8] Undefined index: synlogin C:\xampp\htdocs\Uc_client\lib\xml.class.php 第 69 行.
NOTIC: [8] Undefined index: extra C:\xampp\htdocs\Uc_client\lib\xml.class.php 第 69 行.
NOTIC: [8] Undefined index: recvnote C:\xampp\htdocs\Uc_client\lib\xml.class.php 第 69 行.
NOTIC: [8] Undefined index: UC_API C:\xampp\htdocs\Uc_client\lib\xml.class.php 第 69 行.

[ 2017-03-22T15:31:33+08:00 ] 127.0.0.1 //api/uc.php?code=6f11OTArsKLmALJb49DW6MvlsXHQCe8f0dPwTiIiQ3LiMIQ7Pqi196yPuupX%2Bq5SCa92Q4Yr54E
INFO: [ app_init ] --START--
INFO: Run Behavior\BuildLiteBehavior [ RunTime:0.000011s ]
INFO: [ app_init ] --END-- [ RunTime:0.000601s ]
INFO: [ app_begin ] --START--
INFO: Run Behavior\ReadHtmlCacheBehavior [ RunTime:0.000916s ]
INFO: [ app_begin ] --END-- [ RunTime:0.000963s ]
NOTIC: [8] Constant UC_CONNECT already defined C:\xampp\htdocs\Application\Ucenter\Conf\config.php 第 2 行.
NOTIC: [8] Constant UC_DBHOST already defined C:\xampp\htdocs\Application\Ucenter\Conf\config.php 第 3 行.
NOTIC: [8] Constant UC_DBUSER already defined C:\xampp\htdocs\Application\Ucenter\Conf\config.php 第 4 行.
NOTIC: [8] Constant UC_DBPW already defined C:\xampp\htdocs\Application\Ucenter\Conf\config.php 第 5 行.
NOTIC: [8] Constant UC_DBNAME already defined C:\xampp\htdocs\Application\Ucenter\Conf\config.php 第 6 行.
NOTIC: [8] Constant UC_DBCHARSET already defined C:\xampp\htdocs\Application\Ucenter\Conf\config.php 第 7 行.
NOTIC: [8] Constant UC_DBTABLEPRE already defined C:\xampp\htdocs\Application\Ucenter\Conf\config.php 第 8 行.
NOTIC: [8] Constant UC_DBCONNECT already defined C:\xampp\htdocs\Application\Ucenter\Conf\config.php 第 9 行.
NOTIC: [8] Constant UC_KEY already defined C:\xampp\htdocs\Application\Ucenter\Conf\config.php 第 10 行.
NOTIC: [8] Constant UC_API already defined C:\xampp\htdocs\Application\Ucenter\Conf\config.php 第 11 行.
NOTIC: [8] Constant UC_CHARSET already defined C:\xampp\htdocs\Application\Ucenter\Conf\config.php 第 12 行.
NOTIC: [8] Constant UC_IP already defined C:\xampp\htdocs\Application\Ucenter\Conf\config.php 第 13 行.
NOTIC: [8] Constant UC_APPID already defined C:\xampp\htdocs\Application\Ucenter\Conf\config.php 第 14 行.
NOTIC: [8] Constant UC_PPP already defined C:\xampp\htdocs\Application\Ucenter\Conf\config.php 第 15 行.
NOTIC: [8192] Function set_magic_quotes_runtime() is deprecated C:\xampp\htdocs\Application\Ucenter\Api\UcenterLib.class.php 第 44 行.
NOTIC: [2048] Only variables should be passed by reference C:\xampp\htdocs\Application\Ucenter\Api\UcenterLib.class.php 第 64 行.

