[ 2017-03-20T13:15:56+08:00 ] 127.0.0.1 /ucenter/api/uc.php
INFO: [ app_init ] --START--
INFO: Run Behavior\BuildLiteBehavior [ RunTime:0.000027s ]
INFO: [ app_init ] --END-- [ RunTime:0.000765s ]
INFO: [ app_begin ] --START--
INFO: Run Behavior\ReadHtmlCacheBehavior [ RunTime:0.000901s ]
INFO: [ app_begin ] --END-- [ RunTime:0.001031s ]
NOTIC: [8] Constant UC_CONNECT already defined C:\Program\www\ucenter\Application\Ucenter\Conf\config.php 第 2 行.
NOTIC: [8] Constant UC_DBHOST already defined C:\Program\www\ucenter\Application\Ucenter\Conf\config.php 第 3 行.
NOTIC: [8] Constant UC_DBUSER already defined C:\Program\www\ucenter\Application\Ucenter\Conf\config.php 第 4 行.
NOTIC: [8] Constant UC_DBPW already defined C:\Program\www\ucenter\Application\Ucenter\Conf\config.php 第 5 行.
NOTIC: [8] Constant UC_DBNAME already defined C:\Program\www\ucenter\Application\Ucenter\Conf\config.php 第 6 行.
NOTIC: [8] Constant UC_DBCHARSET already defined C:\Program\www\ucenter\Application\Ucenter\Conf\config.php 第 7 行.
NOTIC: [8] Constant UC_DBTABLEPRE already defined C:\Program\www\ucenter\Application\Ucenter\Conf\config.php 第 8 行.
NOTIC: [8] Constant UC_DBCONNECT already defined C:\Program\www\ucenter\Application\Ucenter\Conf\config.php 第 9 行.
NOTIC: [8] Constant UC_KEY already defined C:\Program\www\ucenter\Application\Ucenter\Conf\config.php 第 10 行.
NOTIC: [8] Constant UC_API already defined C:\Program\www\ucenter\Application\Ucenter\Conf\config.php 第 11 行.
NOTIC: [8] Constant UC_CHARSET already defined C:\Program\www\ucenter\Application\Ucenter\Conf\config.php 第 12 行.
NOTIC: [8] Constant UC_IP already defined C:\Program\www\ucenter\Application\Ucenter\Conf\config.php 第 13 行.
NOTIC: [8] Constant UC_APPID already defined C:\Program\www\ucenter\Application\Ucenter\Conf\config.php 第 14 行.
NOTIC: [8] Constant UC_PPP already defined C:\Program\www\ucenter\Application\Ucenter\Conf\config.php 第 15 行.
NOTIC: [8192] Function set_magic_quotes_runtime() is deprecated C:\Program\www\ucenter\Application\Ucenter\Api\UcenterLib.class.php 第 44 行.
NOTIC: [8] Undefined index: code C:\Program\www\ucenter\Application\Ucenter\Api\UcenterLib.class.php 第 48 行.
NOTIC: [8] Undefined index: time C:\Program\www\ucenter\Application\Ucenter\Api\UcenterLib.class.php 第 55 行.

[ 2017-03-20T13:21:29+08:00 ] ::1 /ucenter/api/uc.php
INFO: [ app_init ] --START--
INFO: Run Behavior\BuildLiteBehavior [ RunTime:0.000039s ]
INFO: [ app_init ] --END-- [ RunTime:0.000895s ]
INFO: [ app_begin ] --START--
INFO: Run Behavior\ReadHtmlCacheBehavior [ RunTime:0.001011s ]
INFO: [ app_begin ] --END-- [ RunTime:0.001159s ]
NOTIC: [8] Constant UC_CONNECT already defined C:\Program\www\ucenter\Application\Ucenter\Conf\config.php 第 2 行.
NOTIC: [8] Constant UC_DBHOST already defined C:\Program\www\ucenter\Application\Ucenter\Conf\config.php 第 3 行.
NOTIC: [8] Constant UC_DBUSER already defined C:\Program\www\ucenter\Application\Ucenter\Conf\config.php 第 4 行.
NOTIC: [8] Constant UC_DBPW already defined C:\Program\www\ucenter\Application\Ucenter\Conf\config.php 第 5 行.
NOTIC: [8] Constant UC_DBNAME already defined C:\Program\www\ucenter\Application\Ucenter\Conf\config.php 第 6 行.
NOTIC: [8] Constant UC_DBCHARSET already defined C:\Program\www\ucenter\Application\Ucenter\Conf\config.php 第 7 行.
NOTIC: [8] Constant UC_DBTABLEPRE already defined C:\Program\www\ucenter\Application\Ucenter\Conf\config.php 第 8 行.
NOTIC: [8] Constant UC_DBCONNECT already defined C:\Program\www\ucenter\Application\Ucenter\Conf\config.php 第 9 行.
NOTIC: [8] Constant UC_KEY already defined C:\Program\www\ucenter\Application\Ucenter\Conf\config.php 第 10 行.
NOTIC: [8] Constant UC_API already defined C:\Program\www\ucenter\Application\Ucenter\Conf\config.php 第 11 行.
NOTIC: [8] Constant UC_CHARSET already defined C:\Program\www\ucenter\Application\Ucenter\Conf\config.php 第 12 行.
NOTIC: [8] Constant UC_IP already defined C:\Program\www\ucenter\Application\Ucenter\Conf\config.php 第 13 行.
NOTIC: [8] Constant UC_APPID already defined C:\Program\www\ucenter\Application\Ucenter\Conf\config.php 第 14 行.
NOTIC: [8] Constant UC_PPP already defined C:\Program\www\ucenter\Application\Ucenter\Conf\config.php 第 15 行.
NOTIC: [8192] Function set_magic_quotes_runtime() is deprecated C:\Program\www\ucenter\Application\Ucenter\Api\UcenterLib.class.php 第 44 行.
NOTIC: [8] Undefined index: code C:\Program\www\ucenter\Application\Ucenter\Api\UcenterLib.class.php 第 48 行.
NOTIC: [8] Undefined index: time C:\Program\www\ucenter\Application\Ucenter\Api\UcenterLib.class.php 第 55 行.

[ 2017-03-20T13:26:08+08:00 ] ::1 /ucenter//api/uc.php?code=ca1dGdSa05E8riOaptP%2FcC4qHmqJqHJKjY4KNjBouGp9ZT%2B2UWr2B7W98jNdkrsOe3M26PhKpGRG0Lso2hs&__times__=1
INFO: [ app_init ] --START--
INFO: Run Behavior\BuildLiteBehavior [ RunTime:0.000028s ]
INFO: [ app_init ] --END-- [ RunTime:0.000802s ]
INFO: [ app_begin ] --START--
INFO: Run Behavior\ReadHtmlCacheBehavior [ RunTime:0.000914s ]
INFO: [ app_begin ] --END-- [ RunTime:0.001062s ]
NOTIC: [8] Constant UC_CONNECT already defined C:\Program\www\ucenter\Application\Ucenter\Conf\config.php 第 2 行.
NOTIC: [8] Constant UC_DBHOST already defined C:\Program\www\ucenter\Application\Ucenter\Conf\config.php 第 3 行.
NOTIC: [8] Constant UC_DBUSER already defined C:\Program\www\ucenter\Application\Ucenter\Conf\config.php 第 4 行.
NOTIC: [8] Constant UC_DBPW already defined C:\Program\www\ucenter\Application\Ucenter\Conf\config.php 第 5 行.
NOTIC: [8] Constant UC_DBNAME already defined C:\Program\www\ucenter\Application\Ucenter\Conf\config.php 第 6 行.
NOTIC: [8] Constant UC_DBCHARSET already defined C:\Program\www\ucenter\Application\Ucenter\Conf\config.php 第 7 行.
NOTIC: [8] Constant UC_DBTABLEPRE already defined C:\Program\www\ucenter\Application\Ucenter\Conf\config.php 第 8 行.
NOTIC: [8] Constant UC_DBCONNECT already defined C:\Program\www\ucenter\Application\Ucenter\Conf\config.php 第 9 行.
NOTIC: [8] Constant UC_KEY already defined C:\Program\www\ucenter\Application\Ucenter\Conf\config.php 第 10 行.
NOTIC: [8] Constant UC_API already defined C:\Program\www\ucenter\Application\Ucenter\Conf\config.php 第 11 行.
NOTIC: [8] Constant UC_CHARSET already defined C:\Program\www\ucenter\Application\Ucenter\Conf\config.php 第 12 行.
NOTIC: [8] Constant UC_IP already defined C:\Program\www\ucenter\Application\Ucenter\Conf\config.php 第 13 行.
NOTIC: [8] Constant UC_APPID already defined C:\Program\www\ucenter\Application\Ucenter\Conf\config.php 第 14 行.
NOTIC: [8] Constant UC_PPP already defined C:\Program\www\ucenter\Application\Ucenter\Conf\config.php 第 15 行.
NOTIC: [8192] Function set_magic_quotes_runtime() is deprecated C:\Program\www\ucenter\Application\Ucenter\Api\UcenterLib.class.php 第 44 行.
NOTIC: [2048] Only variables should be passed by reference C:\Program\www\ucenter\Application\Ucenter\Api\UcenterLib.class.php 第 64 行.
NOTIC: [8] Undefined offset: 1 C:\Program\www\ucenter\Uc_client\lib\xml.class.php 第 69 行.
NOTIC: [8] Undefined index: type C:\Program\www\ucenter\Uc_client\lib\xml.class.php 第 69 行.
NOTIC: [8] Undefined index: name C:\Program\www\ucenter\Uc_client\lib\xml.class.php 第 69 行.
NOTIC: [8] Undefined index: url C:\Program\www\ucenter\Uc_client\lib\xml.class.php 第 69 行.
NOTIC: [8] Undefined index: ip C:\Program\www\ucenter\Uc_client\lib\xml.class.php 第 69 行.
NOTIC: [8] Undefined index: viewprourl C:\Program\www\ucenter\Uc_client\lib\xml.class.php 第 69 行.
NOTIC: [8] Undefined index: apifilename C:\Program\www\ucenter\Uc_client\lib\xml.class.php 第 69 行.
NOTIC: [8] Undefined index: charset C:\Program\www\ucenter\Uc_client\lib\xml.class.php 第 69 行.
NOTIC: [8] Undefined index: synlogin C:\Program\www\ucenter\Uc_client\lib\xml.class.php 第 69 行.
NOTIC: [8] Undefined index: extra C:\Program\www\ucenter\Uc_client\lib\xml.class.php 第 69 行.
NOTIC: [8] Undefined index: extraurl C:\Program\www\ucenter\Uc_client\lib\xml.class.php 第 69 行.
NOTIC: [8] Undefined index: recvnote C:\Program\www\ucenter\Uc_client\lib\xml.class.php 第 69 行.
NOTIC: [8] Undefined index: UC_API C:\Program\www\ucenter\Uc_client\lib\xml.class.php 第 69 行.

[ 2017-03-20T13:26:09+08:00 ] 127.0.0.1 /ucenter//api/uc.php?code=6c08e8OMpHA%2FZAYLMb8P6eVB8A5RwKogwowfU%2F1639kXUEWF%2Bdcb%2FW6ogMZQCOj7sleKNG8AIeQ
INFO: [ app_init ] --START--
INFO: Run Behavior\BuildLiteBehavior [ RunTime:0.000030s ]
INFO: [ app_init ] --END-- [ RunTime:0.000789s ]
INFO: [ app_begin ] --START--
INFO: Run Behavior\ReadHtmlCacheBehavior [ RunTime:0.000931s ]
INFO: [ app_begin ] --END-- [ RunTime:0.001227s ]
NOTIC: [8] Constant UC_CONNECT already defined C:\Program\www\ucenter\Application\Ucenter\Conf\config.php 第 2 行.
NOTIC: [8] Constant UC_DBHOST already defined C:\Program\www\ucenter\Application\Ucenter\Conf\config.php 第 3 行.
NOTIC: [8] Constant UC_DBUSER already defined C:\Program\www\ucenter\Application\Ucenter\Conf\config.php 第 4 行.
NOTIC: [8] Constant UC_DBPW already defined C:\Program\www\ucenter\Application\Ucenter\Conf\config.php 第 5 行.
NOTIC: [8] Constant UC_DBNAME already defined C:\Program\www\ucenter\Application\Ucenter\Conf\config.php 第 6 行.
NOTIC: [8] Constant UC_DBCHARSET already defined C:\Program\www\ucenter\Application\Ucenter\Conf\config.php 第 7 行.
NOTIC: [8] Constant UC_DBTABLEPRE already defined C:\Program\www\ucenter\Application\Ucenter\Conf\config.php 第 8 行.
NOTIC: [8] Constant UC_DBCONNECT already defined C:\Program\www\ucenter\Application\Ucenter\Conf\config.php 第 9 行.
NOTIC: [8] Constant UC_KEY already defined C:\Program\www\ucenter\Application\Ucenter\Conf\config.php 第 10 行.
NOTIC: [8] Constant UC_API already defined C:\Program\www\ucenter\Application\Ucenter\Conf\config.php 第 11 行.
NOTIC: [8] Constant UC_CHARSET already defined C:\Program\www\ucenter\Application\Ucenter\Conf\config.php 第 12 行.
NOTIC: [8] Constant UC_IP already defined C:\Program\www\ucenter\Application\Ucenter\Conf\config.php 第 13 行.
NOTIC: [8] Constant UC_APPID already defined C:\Program\www\ucenter\Application\Ucenter\Conf\config.php 第 14 行.
NOTIC: [8] Constant UC_PPP already defined C:\Program\www\ucenter\Application\Ucenter\Conf\config.php 第 15 行.
NOTIC: [8192] Function set_magic_quotes_runtime() is deprecated C:\Program\www\ucenter\Application\Ucenter\Api\UcenterLib.class.php 第 44 行.
NOTIC: [2048] Only variables should be passed by reference C:\Program\www\ucenter\Application\Ucenter\Api\UcenterLib.class.php 第 64 行.

[ 2017-03-20T13:26:12+08:00 ] ::1 /ucenter//api/uc.php?code=1ad75vriKT%2BBepV4R4e1IzFDE223PfazYoPVQNDSSAjwBoCaKKvDVGxnuN1VBRYrw6avX0m5JqHvxGS0hwI&__times__=1
INFO: [ app_init ] --START--
INFO: Run Behavior\BuildLiteBehavior [ RunTime:0.000027s ]
INFO: [ app_init ] --END-- [ RunTime:0.000744s ]
INFO: [ app_begin ] --START--
INFO: Run Behavior\ReadHtmlCacheBehavior [ RunTime:0.001047s ]
INFO: [ app_begin ] --END-- [ RunTime:0.001260s ]
NOTIC: [8] Constant UC_CONNECT already defined C:\Program\www\ucenter\Application\Ucenter\Conf\config.php 第 2 行.
NOTIC: [8] Constant UC_DBHOST already defined C:\Program\www\ucenter\Application\Ucenter\Conf\config.php 第 3 行.
NOTIC: [8] Constant UC_DBUSER already defined C:\Program\www\ucenter\Application\Ucenter\Conf\config.php 第 4 行.
NOTIC: [8] Constant UC_DBPW already defined C:\Program\www\ucenter\Application\Ucenter\Conf\config.php 第 5 行.
NOTIC: [8] Constant UC_DBNAME already defined C:\Program\www\ucenter\Application\Ucenter\Conf\config.php 第 6 行.
NOTIC: [8] Constant UC_DBCHARSET already defined C:\Program\www\ucenter\Application\Ucenter\Conf\config.php 第 7 行.
NOTIC: [8] Constant UC_DBTABLEPRE already defined C:\Program\www\ucenter\Application\Ucenter\Conf\config.php 第 8 行.
NOTIC: [8] Constant UC_DBCONNECT already defined C:\Program\www\ucenter\Application\Ucenter\Conf\config.php 第 9 行.
NOTIC: [8] Constant UC_KEY already defined C:\Program\www\ucenter\Application\Ucenter\Conf\config.php 第 10 行.
NOTIC: [8] Constant UC_API already defined C:\Program\www\ucenter\Application\Ucenter\Conf\config.php 第 11 行.
NOTIC: [8] Constant UC_CHARSET already defined C:\Program\www\ucenter\Application\Ucenter\Conf\config.php 第 12 行.
NOTIC: [8] Constant UC_IP already defined C:\Program\www\ucenter\Application\Ucenter\Conf\config.php 第 13 行.
NOTIC: [8] Constant UC_APPID already defined C:\Program\www\ucenter\Application\Ucenter\Conf\config.php 第 14 行.
NOTIC: [8] Constant UC_PPP already defined C:\Program\www\ucenter\Application\Ucenter\Conf\config.php 第 15 行.
NOTIC: [8192] Function set_magic_quotes_runtime() is deprecated C:\Program\www\ucenter\Application\Ucenter\Api\UcenterLib.class.php 第 44 行.
NOTIC: [2048] Only variables should be passed by reference C:\Program\www\ucenter\Application\Ucenter\Api\UcenterLib.class.php 第 64 行.
NOTIC: [8] Undefined offset: 1 C:\Program\www\ucenter\Uc_client\lib\xml.class.php 第 69 行.
NOTIC: [8] Undefined index: type C:\Program\www\ucenter\Uc_client\lib\xml.class.php 第 69 行.
NOTIC: [8] Undefined index: name C:\Program\www\ucenter\Uc_client\lib\xml.class.php 第 69 行.
NOTIC: [8] Undefined index: url C:\Program\www\ucenter\Uc_client\lib\xml.class.php 第 69 行.
NOTIC: [8] Undefined index: ip C:\Program\www\ucenter\Uc_client\lib\xml.class.php 第 69 行.
NOTIC: [8] Undefined index: viewprourl C:\Program\www\ucenter\Uc_client\lib\xml.class.php 第 69 行.
NOTIC: [8] Undefined index: apifilename C:\Program\www\ucenter\Uc_client\lib\xml.class.php 第 69 行.
NOTIC: [8] Undefined index: charset C:\Program\www\ucenter\Uc_client\lib\xml.class.php 第 69 行.
NOTIC: [8] Undefined index: synlogin C:\Program\www\ucenter\Uc_client\lib\xml.class.php 第 69 行.
NOTIC: [8] Undefined index: extra C:\Program\www\ucenter\Uc_client\lib\xml.class.php 第 69 行.
NOTIC: [8] Undefined index: extraurl C:\Program\www\ucenter\Uc_client\lib\xml.class.php 第 69 行.
NOTIC: [8] Undefined index: recvnote C:\Program\www\ucenter\Uc_client\lib\xml.class.php 第 69 行.
NOTIC: [8] Undefined index: UC_API C:\Program\www\ucenter\Uc_client\lib\xml.class.php 第 69 行.

[ 2017-03-20T15:34:16+08:00 ] 127.0.0.1 /ucenter//api/uc.php?code=4668XqCE%2FFecX%2BT%2BROuoSpO2a2WeccU%2FViH3ebytgUu9Fc8lgWVOTqtr5iaqgO4dQa%2FyFvRR9X0
INFO: [ app_init ] --START--
INFO: Run Behavior\BuildLiteBehavior [ RunTime:0.000030s ]
INFO: [ app_init ] --END-- [ RunTime:0.000770s ]
INFO: [ app_begin ] --START--
INFO: Run Behavior\ReadHtmlCacheBehavior [ RunTime:0.001276s ]
INFO: [ app_begin ] --END-- [ RunTime:0.001521s ]
NOTIC: [8] Constant UC_CONNECT already defined C:\Program\www\ucenter\Application\Ucenter\Conf\config.php 第 2 行.
NOTIC: [8] Constant UC_DBHOST already defined C:\Program\www\ucenter\Application\Ucenter\Conf\config.php 第 3 行.
NOTIC: [8] Constant UC_DBUSER already defined C:\Program\www\ucenter\Application\Ucenter\Conf\config.php 第 4 行.
NOTIC: [8] Constant UC_DBPW already defined C:\Program\www\ucenter\Application\Ucenter\Conf\config.php 第 5 行.
NOTIC: [8] Constant UC_DBNAME already defined C:\Program\www\ucenter\Application\Ucenter\Conf\config.php 第 6 行.
NOTIC: [8] Constant UC_DBCHARSET already defined C:\Program\www\ucenter\Application\Ucenter\Conf\config.php 第 7 行.
NOTIC: [8] Constant UC_DBTABLEPRE already defined C:\Program\www\ucenter\Application\Ucenter\Conf\config.php 第 8 行.
NOTIC: [8] Constant UC_DBCONNECT already defined C:\Program\www\ucenter\Application\Ucenter\Conf\config.php 第 9 行.
NOTIC: [8] Constant UC_KEY already defined C:\Program\www\ucenter\Application\Ucenter\Conf\config.php 第 10 行.
NOTIC: [8] Constant UC_API already defined C:\Program\www\ucenter\Application\Ucenter\Conf\config.php 第 11 行.
NOTIC: [8] Constant UC_CHARSET already defined C:\Program\www\ucenter\Application\Ucenter\Conf\config.php 第 12 行.
NOTIC: [8] Constant UC_IP already defined C:\Program\www\ucenter\Application\Ucenter\Conf\config.php 第 13 行.
NOTIC: [8] Constant UC_APPID already defined C:\Program\www\ucenter\Application\Ucenter\Conf\config.php 第 14 行.
NOTIC: [8] Constant UC_PPP already defined C:\Program\www\ucenter\Application\Ucenter\Conf\config.php 第 15 行.
NOTIC: [8192] Function set_magic_quotes_runtime() is deprecated C:\Program\www\ucenter\Application\Ucenter\Api\UcenterLib.class.php 第 44 行.
NOTIC: [2048] Only variables should be passed by reference C:\Program\www\ucenter\Application\Ucenter\Api\UcenterLib.class.php 第 64 行.

[ 2017-03-20T15:34:34+08:00 ] 127.0.0.1 /ucenter//api/uc.php?code=6a66WgkRw3I0IjpSpHFzzXAiclhlHzBr5r%2BIJyX1FYNIvYwZ8%2B8yVSNEtPlkslo8bEnQd3rtldM
INFO: [ app_init ] --START--
INFO: Run Behavior\BuildLiteBehavior [ RunTime:0.000042s ]
INFO: [ app_init ] --END-- [ RunTime:0.001082s ]
INFO: [ app_begin ] --START--
INFO: Run Behavior\ReadHtmlCacheBehavior [ RunTime:0.000947s ]
INFO: [ app_begin ] --END-- [ RunTime:0.001086s ]
NOTIC: [8] Constant UC_CONNECT already defined C:\Program\www\ucenter\Application\Ucenter\Conf\config.php 第 2 行.
NOTIC: [8] Constant UC_DBHOST already defined C:\Program\www\ucenter\Application\Ucenter\Conf\config.php 第 3 行.
NOTIC: [8] Constant UC_DBUSER already defined C:\Program\www\ucenter\Application\Ucenter\Conf\config.php 第 4 行.
NOTIC: [8] Constant UC_DBPW already defined C:\Program\www\ucenter\Application\Ucenter\Conf\config.php 第 5 行.
NOTIC: [8] Constant UC_DBNAME already defined C:\Program\www\ucenter\Application\Ucenter\Conf\config.php 第 6 行.
NOTIC: [8] Constant UC_DBCHARSET already defined C:\Program\www\ucenter\Application\Ucenter\Conf\config.php 第 7 行.
NOTIC: [8] Constant UC_DBTABLEPRE already defined C:\Program\www\ucenter\Application\Ucenter\Conf\config.php 第 8 行.
NOTIC: [8] Constant UC_DBCONNECT already defined C:\Program\www\ucenter\Application\Ucenter\Conf\config.php 第 9 行.
NOTIC: [8] Constant UC_KEY already defined C:\Program\www\ucenter\Application\Ucenter\Conf\config.php 第 10 行.
NOTIC: [8] Constant UC_API already defined C:\Program\www\ucenter\Application\Ucenter\Conf\config.php 第 11 行.
NOTIC: [8] Constant UC_CHARSET already defined C:\Program\www\ucenter\Application\Ucenter\Conf\config.php 第 12 行.
NOTIC: [8] Constant UC_IP already defined C:\Program\www\ucenter\Application\Ucenter\Conf\config.php 第 13 行.
NOTIC: [8] Constant UC_APPID already defined C:\Program\www\ucenter\Application\Ucenter\Conf\config.php 第 14 行.
NOTIC: [8] Constant UC_PPP already defined C:\Program\www\ucenter\Application\Ucenter\Conf\config.php 第 15 行.
NOTIC: [8192] Function set_magic_quotes_runtime() is deprecated C:\Program\www\ucenter\Application\Ucenter\Api\UcenterLib.class.php 第 44 行.
NOTIC: [2048] Only variables should be passed by reference C:\Program\www\ucenter\Application\Ucenter\Api\UcenterLib.class.php 第 64 行.

[ 2017-03-20T15:34:35+08:00 ] 127.0.0.1 /ucenter//api/uc.php?code=927a2xdutxAa5UPj0Z6DmL%2Fjh2YFhu6MHmO98VLIJtiS007LBWLmACLrRtW3OtIedVMPtM9Zfto
INFO: [ app_init ] --START--
INFO: Run Behavior\BuildLiteBehavior [ RunTime:0.000028s ]
INFO: [ app_init ] --END-- [ RunTime:0.000727s ]
INFO: [ app_begin ] --START--
INFO: Run Behavior\ReadHtmlCacheBehavior [ RunTime:0.000866s ]
INFO: [ app_begin ] --END-- [ RunTime:0.001000s ]
NOTIC: [8] Constant UC_CONNECT already defined C:\Program\www\ucenter\Application\Ucenter\Conf\config.php 第 2 行.
NOTIC: [8] Constant UC_DBHOST already defined C:\Program\www\ucenter\Application\Ucenter\Conf\config.php 第 3 行.
NOTIC: [8] Constant UC_DBUSER already defined C:\Program\www\ucenter\Application\Ucenter\Conf\config.php 第 4 行.
NOTIC: [8] Constant UC_DBPW already defined C:\Program\www\ucenter\Application\Ucenter\Conf\config.php 第 5 行.
NOTIC: [8] Constant UC_DBNAME already defined C:\Program\www\ucenter\Application\Ucenter\Conf\config.php 第 6 行.
NOTIC: [8] Constant UC_DBCHARSET already defined C:\Program\www\ucenter\Application\Ucenter\Conf\config.php 第 7 行.
NOTIC: [8] Constant UC_DBTABLEPRE already defined C:\Program\www\ucenter\Application\Ucenter\Conf\config.php 第 8 行.
NOTIC: [8] Constant UC_DBCONNECT already defined C:\Program\www\ucenter\Application\Ucenter\Conf\config.php 第 9 行.
NOTIC: [8] Constant UC_KEY already defined C:\Program\www\ucenter\Application\Ucenter\Conf\config.php 第 10 行.
NOTIC: [8] Constant UC_API already defined C:\Program\www\ucenter\Application\Ucenter\Conf\config.php 第 11 行.
NOTIC: [8] Constant UC_CHARSET already defined C:\Program\www\ucenter\Application\Ucenter\Conf\config.php 第 12 行.
NOTIC: [8] Constant UC_IP already defined C:\Program\www\ucenter\Application\Ucenter\Conf\config.php 第 13 行.
NOTIC: [8] Constant UC_APPID already defined C:\Program\www\ucenter\Application\Ucenter\Conf\config.php 第 14 行.
NOTIC: [8] Constant UC_PPP already defined C:\Program\www\ucenter\Application\Ucenter\Conf\config.php 第 15 行.
NOTIC: [8192] Function set_magic_quotes_runtime() is deprecated C:\Program\www\ucenter\Application\Ucenter\Api\UcenterLib.class.php 第 44 行.
NOTIC: [2048] Only variables should be passed by reference C:\Program\www\ucenter\Application\Ucenter\Api\UcenterLib.class.php 第 64 行.

[ 2017-03-20T15:34:45+08:00 ] 127.0.0.1 /ucenter//api/uc.php?code=2e3d7GJ3zKkQ9pqMLRQEhJk42JK7nNWsIanSSVOMRuLv2Y8AphnpQBnyKDpRev8jw%2FWu19ZQk7Y
INFO: [ app_init ] --START--
INFO: Run Behavior\BuildLiteBehavior [ RunTime:0.000029s ]
INFO: [ app_init ] --END-- [ RunTime:0.000756s ]
INFO: [ app_begin ] --START--
INFO: Run Behavior\ReadHtmlCacheBehavior [ RunTime:0.000872s ]
INFO: [ app_begin ] --END-- [ RunTime:0.001000s ]
NOTIC: [8] Constant UC_CONNECT already defined C:\Program\www\ucenter\Application\Ucenter\Conf\config.php 第 2 行.
NOTIC: [8] Constant UC_DBHOST already defined C:\Program\www\ucenter\Application\Ucenter\Conf\config.php 第 3 行.
NOTIC: [8] Constant UC_DBUSER already defined C:\Program\www\ucenter\Application\Ucenter\Conf\config.php 第 4 行.
NOTIC: [8] Constant UC_DBPW already defined C:\Program\www\ucenter\Application\Ucenter\Conf\config.php 第 5 行.
NOTIC: [8] Constant UC_DBNAME already defined C:\Program\www\ucenter\Application\Ucenter\Conf\config.php 第 6 行.
NOTIC: [8] Constant UC_DBCHARSET already defined C:\Program\www\ucenter\Application\Ucenter\Conf\config.php 第 7 行.
NOTIC: [8] Constant UC_DBTABLEPRE already defined C:\Program\www\ucenter\Application\Ucenter\Conf\config.php 第 8 行.
NOTIC: [8] Constant UC_DBCONNECT already defined C:\Program\www\ucenter\Application\Ucenter\Conf\config.php 第 9 行.
NOTIC: [8] Constant UC_KEY already defined C:\Program\www\ucenter\Application\Ucenter\Conf\config.php 第 10 行.
NOTIC: [8] Constant UC_API already defined C:\Program\www\ucenter\Application\Ucenter\Conf\config.php 第 11 行.
NOTIC: [8] Constant UC_CHARSET already defined C:\Program\www\ucenter\Application\Ucenter\Conf\config.php 第 12 行.
NOTIC: [8] Constant UC_IP already defined C:\Program\www\ucenter\Application\Ucenter\Conf\config.php 第 13 行.
NOTIC: [8] Constant UC_APPID already defined C:\Program\www\ucenter\Application\Ucenter\Conf\config.php 第 14 行.
NOTIC: [8] Constant UC_PPP already defined C:\Program\www\ucenter\Application\Ucenter\Conf\config.php 第 15 行.
NOTIC: [8192] Function set_magic_quotes_runtime() is deprecated C:\Program\www\ucenter\Application\Ucenter\Api\UcenterLib.class.php 第 44 行.
NOTIC: [2048] Only variables should be passed by reference C:\Program\www\ucenter\Application\Ucenter\Api\UcenterLib.class.php 第 64 行.

[ 2017-03-20T15:34:47+08:00 ] 127.0.0.1 /ucenter//api/uc.php?code=db157InNf1NrdNSk01uL%2BWQmysApYc8aPBn4wvmRnvlzIV%2Bvm1AMfMsnQtRGdthpLLQVp367188
INFO: [ app_init ] --START--
INFO: Run Behavior\BuildLiteBehavior [ RunTime:0.000032s ]
INFO: [ app_init ] --END-- [ RunTime:0.001278s ]
INFO: [ app_begin ] --START--
INFO: Run Behavior\ReadHtmlCacheBehavior [ RunTime:0.000946s ]
INFO: [ app_begin ] --END-- [ RunTime:0.001083s ]
NOTIC: [8] Constant UC_CONNECT already defined C:\Program\www\ucenter\Application\Ucenter\Conf\config.php 第 2 行.
NOTIC: [8] Constant UC_DBHOST already defined C:\Program\www\ucenter\Application\Ucenter\Conf\config.php 第 3 行.
NOTIC: [8] Constant UC_DBUSER already defined C:\Program\www\ucenter\Application\Ucenter\Conf\config.php 第 4 行.
NOTIC: [8] Constant UC_DBPW already defined C:\Program\www\ucenter\Application\Ucenter\Conf\config.php 第 5 行.
NOTIC: [8] Constant UC_DBNAME already defined C:\Program\www\ucenter\Application\Ucenter\Conf\config.php 第 6 行.
NOTIC: [8] Constant UC_DBCHARSET already defined C:\Program\www\ucenter\Application\Ucenter\Conf\config.php 第 7 行.
NOTIC: [8] Constant UC_DBTABLEPRE already defined C:\Program\www\ucenter\Application\Ucenter\Conf\config.php 第 8 行.
NOTIC: [8] Constant UC_DBCONNECT already defined C:\Program\www\ucenter\Application\Ucenter\Conf\config.php 第 9 行.
NOTIC: [8] Constant UC_KEY already defined C:\Program\www\ucenter\Application\Ucenter\Conf\config.php 第 10 行.
NOTIC: [8] Constant UC_API already defined C:\Program\www\ucenter\Application\Ucenter\Conf\config.php 第 11 行.
NOTIC: [8] Constant UC_CHARSET already defined C:\Program\www\ucenter\Application\Ucenter\Conf\config.php 第 12 行.
NOTIC: [8] Constant UC_IP already defined C:\Program\www\ucenter\Application\Ucenter\Conf\config.php 第 13 行.
NOTIC: [8] Constant UC_APPID already defined C:\Program\www\ucenter\Application\Ucenter\Conf\config.php 第 14 行.
NOTIC: [8] Constant UC_PPP already defined C:\Program\www\ucenter\Application\Ucenter\Conf\config.php 第 15 行.
NOTIC: [8192] Function set_magic_quotes_runtime() is deprecated C:\Program\www\ucenter\Application\Ucenter\Api\UcenterLib.class.php 第 44 行.
NOTIC: [2048] Only variables should be passed by reference C:\Program\www\ucenter\Application\Ucenter\Api\UcenterLib.class.php 第 64 行.

[ 2017-03-20T15:35:09+08:00 ] 127.0.0.1 /ucenter//api/uc.php?code=8b63qwFCYFNJSlIqp4dnNW%2FTTcRt5Rlvro6y9OEktrF5wkPTo2m3VWKAqnR0vf8fKqKLqMtuZK0
INFO: [ app_init ] --START--
INFO: Run Behavior\BuildLiteBehavior [ RunTime:0.000031s ]
INFO: [ app_init ] --END-- [ RunTime:0.000756s ]
INFO: [ app_begin ] --START--
INFO: Run Behavior\ReadHtmlCacheBehavior [ RunTime:0.000989s ]
INFO: [ app_begin ] --END-- [ RunTime:0.001121s ]
NOTIC: [8] Constant UC_CONNECT already defined C:\Program\www\ucenter\Application\Ucenter\Conf\config.php 第 2 行.
NOTIC: [8] Constant UC_DBHOST already defined C:\Program\www\ucenter\Application\Ucenter\Conf\config.php 第 3 行.
NOTIC: [8] Constant UC_DBUSER already defined C:\Program\www\ucenter\Application\Ucenter\Conf\config.php 第 4 行.
NOTIC: [8] Constant UC_DBPW already defined C:\Program\www\ucenter\Application\Ucenter\Conf\config.php 第 5 行.
NOTIC: [8] Constant UC_DBNAME already defined C:\Program\www\ucenter\Application\Ucenter\Conf\config.php 第 6 行.
NOTIC: [8] Constant UC_DBCHARSET already defined C:\Program\www\ucenter\Application\Ucenter\Conf\config.php 第 7 行.
NOTIC: [8] Constant UC_DBTABLEPRE already defined C:\Program\www\ucenter\Application\Ucenter\Conf\config.php 第 8 行.
NOTIC: [8] Constant UC_DBCONNECT already defined C:\Program\www\ucenter\Application\Ucenter\Conf\config.php 第 9 行.
NOTIC: [8] Constant UC_KEY already defined C:\Program\www\ucenter\Application\Ucenter\Conf\config.php 第 10 行.
NOTIC: [8] Constant UC_API already defined C:\Program\www\ucenter\Application\Ucenter\Conf\config.php 第 11 行.
NOTIC: [8] Constant UC_CHARSET already defined C:\Program\www\ucenter\Application\Ucenter\Conf\config.php 第 12 行.
NOTIC: [8] Constant UC_IP already defined C:\Program\www\ucenter\Application\Ucenter\Conf\config.php 第 13 行.
NOTIC: [8] Constant UC_APPID already defined C:\Program\www\ucenter\Application\Ucenter\Conf\config.php 第 14 行.
NOTIC: [8] Constant UC_PPP already defined C:\Program\www\ucenter\Application\Ucenter\Conf\config.php 第 15 行.
NOTIC: [8192] Function set_magic_quotes_runtime() is deprecated C:\Program\www\ucenter\Application\Ucenter\Api\UcenterLib.class.php 第 44 行.
NOTIC: [2048] Only variables should be passed by reference C:\Program\www\ucenter\Application\Ucenter\Api\UcenterLib.class.php 第 64 行.

[ 2017-03-20T18:19:37+08:00 ] ::1 /ucenter//api/uc.php?code=f7abNkzdHPKLdFfu6bSud%2BDBvZyvpAe%2Fu4EfuWCpETCjo4YjnZu%2BE4%2Fy8JVVorksaQQ1xHPs4KK%2FZe2E4Y0&__times__=2
INFO: [ app_init ] --START--
INFO: Run Behavior\BuildLiteBehavior [ RunTime:0.000028s ]
INFO: [ app_init ] --END-- [ RunTime:0.000662s ]
INFO: [ app_begin ] --START--
INFO: Run Behavior\ReadHtmlCacheBehavior [ RunTime:0.000943s ]
INFO: [ app_begin ] --END-- [ RunTime:0.001081s ]
NOTIC: [8] Constant UC_CONNECT already defined C:\Program\www\ucenter\Application\Ucenter\Conf\config.php 第 2 行.
NOTIC: [8] Constant UC_DBHOST already defined C:\Program\www\ucenter\Application\Ucenter\Conf\config.php 第 3 行.
NOTIC: [8] Constant UC_DBUSER already defined C:\Program\www\ucenter\Application\Ucenter\Conf\config.php 第 4 行.
NOTIC: [8] Constant UC_DBPW already defined C:\Program\www\ucenter\Application\Ucenter\Conf\config.php 第 5 行.
NOTIC: [8] Constant UC_DBNAME already defined C:\Program\www\ucenter\Application\Ucenter\Conf\config.php 第 6 行.
NOTIC: [8] Constant UC_DBCHARSET already defined C:\Program\www\ucenter\Application\Ucenter\Conf\config.php 第 7 行.
NOTIC: [8] Constant UC_DBTABLEPRE already defined C:\Program\www\ucenter\Application\Ucenter\Conf\config.php 第 8 行.
NOTIC: [8] Constant UC_DBCONNECT already defined C:\Program\www\ucenter\Application\Ucenter\Conf\config.php 第 9 行.
NOTIC: [8] Constant UC_KEY already defined C:\Program\www\ucenter\Application\Ucenter\Conf\config.php 第 10 行.
NOTIC: [8] Constant UC_API already defined C:\Program\www\ucenter\Application\Ucenter\Conf\config.php 第 11 行.
NOTIC: [8] Constant UC_CHARSET already defined C:\Program\www\ucenter\Application\Ucenter\Conf\config.php 第 12 行.
NOTIC: [8] Constant UC_IP already defined C:\Program\www\ucenter\Application\Ucenter\Conf\config.php 第 13 行.
NOTIC: [8] Constant UC_APPID already defined C:\Program\www\ucenter\Application\Ucenter\Conf\config.php 第 14 行.
NOTIC: [8] Constant UC_PPP already defined C:\Program\www\ucenter\Application\Ucenter\Conf\config.php 第 15 行.
NOTIC: [8192] Function set_magic_quotes_runtime() is deprecated C:\Program\www\ucenter\Application\Ucenter\Api\UcenterLib.class.php 第 44 行.
NOTIC: [2048] Only variables should be passed by reference C:\Program\www\ucenter\Application\Ucenter\Api\UcenterLib.class.php 第 64 行.
NOTIC: [8] Undefined offset: 1 C:\Program\www\ucenter\Uc_client\lib\xml.class.php 第 69 行.
NOTIC: [8] Undefined index: type C:\Program\www\ucenter\Uc_client\lib\xml.class.php 第 69 行.
NOTIC: [8] Undefined index: name C:\Program\www\ucenter\Uc_client\lib\xml.class.php 第 69 行.
NOTIC: [8] Undefined index: url C:\Program\www\ucenter\Uc_client\lib\xml.class.php 第 69 行.
NOTIC: [8] Undefined index: ip C:\Program\www\ucenter\Uc_client\lib\xml.class.php 第 69 行.
NOTIC: [8] Undefined index: charset C:\Program\www\ucenter\Uc_client\lib\xml.class.php 第 69 行.
NOTIC: [8] Undefined index: synlogin C:\Program\www\ucenter\Uc_client\lib\xml.class.php 第 69 行.
NOTIC: [8] Undefined index: extra C:\Program\www\ucenter\Uc_client\lib\xml.class.php 第 69 行.
NOTIC: [8] Undefined offset: 2 C:\Program\www\ucenter\Uc_client\lib\xml.class.php 第 69 行.
NOTIC: [8] Undefined index: type C:\Program\www\ucenter\Uc_client\lib\xml.class.php 第 69 行.
NOTIC: [8] Undefined index: name C:\Program\www\ucenter\Uc_client\lib\xml.class.php 第 69 行.
NOTIC: [8] Undefined index: url C:\Program\www\ucenter\Uc_client\lib\xml.class.php 第 69 行.
NOTIC: [8] Undefined index: ip C:\Program\www\ucenter\Uc_client\lib\xml.class.php 第 69 行.
NOTIC: [8] Undefined index: charset C:\Program\www\ucenter\Uc_client\lib\xml.class.php 第 69 行.
NOTIC: [8] Undefined index: synlogin C:\Program\www\ucenter\Uc_client\lib\xml.class.php 第 69 行.
NOTIC: [8] Undefined index: extra C:\Program\www\ucenter\Uc_client\lib\xml.class.php 第 69 行.
NOTIC: [8] Undefined index: UC_API C:\Program\www\ucenter\Uc_client\lib\xml.class.php 第 69 行.

[ 2017-03-20T18:19:37+08:00 ] ::1 /ucenter//api/uc.php?code=0a2eTCJUkpQ1bW%2BYd86fsYtHcor5DyrtZXsETIx%2BJWysaguhQp0IjEu5j%2BBQUEAQH8IkmALHyfjYihgdQj4&__times__=2
INFO: [ app_init ] --START--
INFO: Run Behavior\BuildLiteBehavior [ RunTime:0.000028s ]
INFO: [ app_init ] --END-- [ RunTime:0.000619s ]
INFO: [ app_begin ] --START--
INFO: Run Behavior\ReadHtmlCacheBehavior [ RunTime:0.000731s ]
INFO: [ app_begin ] --END-- [ RunTime:0.000853s ]
NOTIC: [8] Constant UC_CONNECT already defined C:\Program\www\ucenter\Application\Ucenter\Conf\config.php 第 2 行.
NOTIC: [8] Constant UC_DBHOST already defined C:\Program\www\ucenter\Application\Ucenter\Conf\config.php 第 3 行.
NOTIC: [8] Constant UC_DBUSER already defined C:\Program\www\ucenter\Application\Ucenter\Conf\config.php 第 4 行.
NOTIC: [8] Constant UC_DBPW already defined C:\Program\www\ucenter\Application\Ucenter\Conf\config.php 第 5 行.
NOTIC: [8] Constant UC_DBNAME already defined C:\Program\www\ucenter\Application\Ucenter\Conf\config.php 第 6 行.
NOTIC: [8] Constant UC_DBCHARSET already defined C:\Program\www\ucenter\Application\Ucenter\Conf\config.php 第 7 行.
NOTIC: [8] Constant UC_DBTABLEPRE already defined C:\Program\www\ucenter\Application\Ucenter\Conf\config.php 第 8 行.
NOTIC: [8] Constant UC_DBCONNECT already defined C:\Program\www\ucenter\Application\Ucenter\Conf\config.php 第 9 行.
NOTIC: [8] Constant UC_KEY already defined C:\Program\www\ucenter\Application\Ucenter\Conf\config.php 第 10 行.
NOTIC: [8] Constant UC_API already defined C:\Program\www\ucenter\Application\Ucenter\Conf\config.php 第 11 行.
NOTIC: [8] Constant UC_CHARSET already defined C:\Program\www\ucenter\Application\Ucenter\Conf\config.php 第 12 行.
NOTIC: [8] Constant UC_IP already defined C:\Program\www\ucenter\Application\Ucenter\Conf\config.php 第 13 行.
NOTIC: [8] Constant UC_APPID already defined C:\Program\www\ucenter\Application\Ucenter\Conf\config.php 第 14 行.
NOTIC: [8] Constant UC_PPP already defined C:\Program\www\ucenter\Application\Ucenter\Conf\config.php 第 15 行.
NOTIC: [8192] Function set_magic_quotes_runtime() is deprecated C:\Program\www\ucenter\Application\Ucenter\Api\UcenterLib.class.php 第 44 行.
NOTIC: [2048] Only variables should be passed by reference C:\Program\www\ucenter\Application\Ucenter\Api\UcenterLib.class.php 第 64 行.
NOTIC: [8] Undefined offset: 1 C:\Program\www\ucenter\Uc_client\lib\xml.class.php 第 69 行.
NOTIC: [8] Undefined index: type C:\Program\www\ucenter\Uc_client\lib\xml.class.php 第 69 行.
NOTIC: [8] Undefined index: name C:\Program\www\ucenter\Uc_client\lib\xml.class.php 第 69 行.
NOTIC: [8] Undefined index: url C:\Program\www\ucenter\Uc_client\lib\xml.class.php 第 69 行.
NOTIC: [8] Undefined index: ip C:\Program\www\ucenter\Uc_client\lib\xml.class.php 第 69 行.
NOTIC: [8] Undefined index: charset C:\Program\www\ucenter\Uc_client\lib\xml.class.php 第 69 行.
NOTIC: [8] Undefined index: synlogin C:\Program\www\ucenter\Uc_client\lib\xml.class.php 第 69 行.
NOTIC: [8] Undefined index: extra C:\Program\www\ucenter\Uc_client\lib\xml.class.php 第 69 行.
NOTIC: [8] Undefined offset: 2 C:\Program\www\ucenter\Uc_client\lib\xml.class.php 第 69 行.
NOTIC: [8] Undefined index: type C:\Program\www\ucenter\Uc_client\lib\xml.class.php 第 69 行.
NOTIC: [8] Undefined index: name C:\Program\www\ucenter\Uc_client\lib\xml.class.php 第 69 行.
NOTIC: [8] Undefined index: url C:\Program\www\ucenter\Uc_client\lib\xml.class.php 第 69 行.
NOTIC: [8] Undefined index: ip C:\Program\www\ucenter\Uc_client\lib\xml.class.php 第 69 行.
NOTIC: [8] Undefined index: charset C:\Program\www\ucenter\Uc_client\lib\xml.class.php 第 69 行.
NOTIC: [8] Undefined index: synlogin C:\Program\www\ucenter\Uc_client\lib\xml.class.php 第 69 行.
NOTIC: [8] Undefined index: extra C:\Program\www\ucenter\Uc_client\lib\xml.class.php 第 69 行.
NOTIC: [8] Undefined index: UC_API C:\Program\www\ucenter\Uc_client\lib\xml.class.php 第 69 行.

