1, array==>array (
  1 => 
  array (
    'appid' => '1',
    'type' => 'OTHER',
    'name' => 'tp',
    'url' => 'http://localhost/ucenter/',
    'ip' => '',
    'viewprourl' => '',
    'apifilename' => 'uc.php',
    'charset' => '',
    'synlogin' => '1',
    'extra' => 
    array (
      'apppath' => '',
      'extraurl' => '			',
    ),
    'recvnote' => '1',
  ),
  'UC_API' => 'http://127.0.0.1/ucenter/uc',
)
*************************测试分割线*************************
2017-03-20 13:26:09
1, str==>
1, array==>array (
  1 => 
  array (
    'appid' => '1',
    'type' => 'OTHER',
    'name' => 'tp',
    'url' => 'http://localhost/ucenter/',
    'ip' => '',
    'viewprourl' => '',
    'apifilename' => 'uc.php',
    'charset' => '',
    'synlogin' => '1',
    'extra' => 
    array (
      'apppath' => '',
      'extraurl' => '			',
    ),
    'recvnote' => '1',
  ),
  'UC_API' => 'http://127.0.0.1/ucenter/uc',
)
*************************测试分割线*************************
2017-03-20 15:34:16
1, str==>
*************************测试分割线*************************
2017-03-20 15:34:34
1, str==>
*************************测试分割线*************************
2017-03-20 15:34:35
1, str==>
*************************测试分割线*************************
2017-03-20 15:34:45
1, str==>
*************************测试分割线*************************
2017-03-20 15:34:47
1, str==>
*************************测试分割线*************************
2017-03-20 15:35:09
1, str==>
1, array==>array (
  1 => 
  array (
    'appid' => '1',
    'type' => 'OTHER',
    'name' => 'tp',
    'url' => 'http://localhost/ucenter/',
    'ip' => '',
    'charset' => '',
    'synlogin' => '1',
    'extra' => 'a:2:{s:7:"apppath";s:0:"";s:8:"extraurl";a:0:{}}',
  ),
  2 => 
  array (
    'appid' => '2',
    'type' => 'UCHOME',
    'name' => '个人家园',
    'url' => 'http://127.0.0.1/ucenter/home',
    'ip' => '',
    'charset' => 'utf-8',
    'synlogin' => '1',
    'extra' => '',
  ),
  'UC_API' => 'http://127.0.0.1/ucenter/uc',
)
1, array==>array (
  1 => 
  array (
    'appid' => '1',
    'type' => 'OTHER',
    'name' => 'tp',
    'url' => 'http://localhost/ucenter/',
    'ip' => '',
    'charset' => '',
    'synlogin' => '1',
    'extra' => 'a:2:{s:7:"apppath";s:0:"";s:8:"extraurl";a:0:{}}',
  ),
  2 => 
  array (
    'appid' => '2',
    'type' => 'UCHOME',
    'name' => '个人家园',
    'url' => 'http://127.0.0.1/ucenter/home',
    'ip' => '',
    'charset' => 'utf-8',
    'synlogin' => '1',
    'extra' => '',
  ),
  'UC_API' => 'http://127.0.0.1/ucenter/uc',
)
