==========================华丽分割线==========================
2016-03-28 21:48:49
1, str==>Ucenter\Api\UcenterLib::back
2, array==>array (
  'code' => '6d7azNL28CpYfukU+xwcEGb25LALFtzNHzjuegwcMvsKsKM9BLMxi2826oRM3HxQLMdwaKVxJ6dLl3ZKDWI',
  '__times__' => '1',
)
3, array==>array (
)
==========================华丽分割线==========================
2016-03-28 21:48:49
1, str==>Ucenter\Api\UcenterLib::back
2, array==>array (
  'code' => '0112wSKOvEWf+AXZn8Sna2p9pC5o0e8oRxOoKri8mAVXSf77GthnrmgQsVpxFI9+8Gs6HUdEmw2qOBnBRDI',
  '__times__' => '1',
)
3, array==>array (
)
==========================华丽分割线==========================
2016-03-28 21:48:58
1, str==>Ucenter\Api\UcenterLib::back
2, array==>array (
  'code' => '763cBj18RugIiJ4KlWnd36KgqXUAa3KVzfC5O7e1cDAsdb9RwhkwJX0fZPFol5OlDWBV18mfPwg',
)
3, array==>array (
)
==========================华丽分割线==========================
2016-03-28 21:49:21
1, str==>Ucenter\Api\UcenterLib::back
2, array==>array (
  'code' => 'd057+rkCNkzBiffZMgVEW37UKfJA0Mf9j2NsqFxME0U+nq9ysaNQOA4zbA8TWBijVFKvBnVb2Ck',
)
3, array==>array (
  'action' => 'test',
  'time' => '1459172961',
)
4, str==>
==========================华丽分割线==========================
2016-03-28 21:50:47
1, str==>Ucenter\Api\UcenterLib::back
2, array==>array (
  'code' => 'e431dsZF0lQcW7LNsxvSBjHYMnUbCUJWUOv2NuLJBaGI5D997pZ4APBBQZMeV0xdLkY+1OecP5U',
)
3, array==>array (
  'action' => 'test',
  'time' => '1459173047',
)
4, str==>
==========================华丽分割线==========================
2016-03-28 21:50:48
1, str==>Ucenter\Api\UcenterLib::back
2, array==>array (
  'code' => '7031BlAVXdV+0zkQftlzVHnm6XsBxnvIToweqdN1NtjawM05LjMlmXQHXqfl314aqOm3V4pctNI',
)
3, array==>array (
  'action' => 'test',
  'time' => '1459173048',
)
4, str==>
==========================华丽分割线==========================
2016-03-28 21:50:57
1, str==>Ucenter\Api\UcenterLib::back
2, array==>array (
  'code' => 'dcablGFIRZL1DUw0kG5YMhGYDpKsnyeYKZLlALVQLy8lvPRBBzGUShTkcu0//RVhEsPn9+PmSkI',
)
3, array==>array (
  'action' => 'test',
  'time' => '1459173057',
)
4, str==>
==========================华丽分割线==========================
2016-03-28 21:50:57
1, str==>Ucenter\Api\UcenterLib::back
2, array==>array (
  'code' => '4541KH29QdbZAxAbCeUQxOcLM3s/qwGYKItznMhUWSs2C32tbF0ncqeTzQWS7SSCh5jMwFJF8CA',
)
3, array==>array (
  'action' => 'test',
  'time' => '1459173057',
)
4, str==>
==========================华丽分割线==========================
2016-03-28 21:52:25
1, str==>Ucenter\Api\UcenterLib::back
2, array==>array (
  'code' => 'a81fMY9ppIjkudC7F7bdaV2rG1Y3NN5bktivVtkNVah9oDBNRoY5CkNLQ8C6bSlq8WKF+0B+y3M',
)
3, array==>array (
  'action' => 'test',
  'time' => '1459173145',
)
4, str==>
==========================华丽分割线==========================
2016-03-28 21:52:26
1, str==>Ucenter\Api\UcenterLib::back
2, array==>array (
  'code' => '1b88g1nBmJIj937nxnTB7/F7G/+Vr05XzLkY6pw14VN2chT9GE5T7BcoWTcQyyGlJdh+aWZQ3j0',
)
3, array==>array (
  'action' => 'test',
  'time' => '1459173146',
)
4, str==>
==========================华丽分割线==========================
2016-03-28 21:52:53
1, str==>Ucenter\Api\UcenterLib::back
2, array==>array (
  'code' => '5004MQsHJYqHUAt/XZdjswB6RFSR7G3/cF0aMbH8LN23AedFpRGBEzTwLEVI2cSsn1Ro3LbkAGA',
)
3, array==>array (
)
==========================华丽分割线==========================
2016-03-28 21:52:58
1, str==>Ucenter\Api\UcenterLib::back
2, array==>array (
  'code' => 'e624qaM9TstW25846Hhsnn5AKz5u2ws7wUj8orJZiOZcpDobOf9HrFIU7MxpeqV17tvC5fs9aJE',
)
3, array==>array (
  'action' => 'test',
  'time' => '1459173178',
)
4, str==>
*************************测试分割线*************************
2016-03-28 21:56:12
1, str==>Ucenter\Api\UcenterLib::back
2, array==>array (
  'code' => 'a5d7d7aP7AVy5l44iXgxbMEUq99x8K7pX65Qn3GLtlYbv00rmZyqdyLmWzuFJ+tRgPjNu9GEpuM',
)
3, array==>array (
  'action' => 'test',
  'time' => '1459173371',
)
4, str==>
*************************测试分割线*************************
2016-03-28 21:56:12
1, str==>Ucenter\Api\UcenterLib::back
2, array==>array (
  'code' => '439cRfbcQKxX0tStPZD9VUQG0V+Y3ovBYkBJG2hzuvG4slWwsOsllkKmYd59uv/YePeRGrcEvdQ',
)
3, array==>array (
  'action' => 'test',
  'time' => '1459173372',
)
4, str==>
*************************测试分割线*************************
2016-03-28 21:58:38
1, str==>Ucenter\Api\UcenterLib::back
2, array==>array (
  'code' => 'a1f7oj+Qp7rqkVRFSbuV/5F6IlDWUVll1zymojZoUHvpaocGT0rf6j3Tb9T0fo1B5+lCD449BGc',
)
3, array==>array (
  'action' => 'test',
  'time' => '1459173518',
)
4, str==>
*************************测试分割线*************************
2016-03-28 21:58:39
1, str==>Ucenter\Api\UcenterLib::back
2, array==>array (
  'code' => '4096sF/48JAv4lmhaJakrN43in1Onfbgdd1+1x86IRUxaumgKTsSOcrOO9HSAtPGzMFO5f8+Ak8',
)
3, array==>array (
  'action' => 'test',
  'time' => '1459173519',
)
4, str==>
*************************测试分割线*************************
2016-03-28 21:58:40
1, str==>Ucenter\Api\UcenterLib::back
2, array==>array (
  'code' => '4e15tTeaQE+hKKGwle/W83X4rM6PVovaY+OC63Wmu67XvYMRQ7x8VBdbZGo8+PlBGBSMrWu8++g',
)
3, array==>array (
  'action' => 'test',
  'time' => '1459173519',
)
4, str==>
*************************测试分割线*************************
2016-03-28 22:02:16
1, str==>
*************************测试分割线*************************
2016-03-28 22:09:25
1, str==>
*************************测试分割线*************************
2016-03-28 22:12:51
1, str==>
*************************测试分割线*************************
2016-03-28 22:15:30
1, str==>
1, array==>array (
  1 => 
  array (
    'appid' => '1',
    'type' => 'DISCUZX',
    'name' => 'Discuz! Board',
    'url' => 'http://localhost/Discuz',
    'ip' => '',
    'viewprourl' => '',
    'apifilename' => 'uc.php',
    'charset' => '',
    'synlogin' => '1',
    'extra' => '',
    'recvnote' => '1',
  ),
  4 => 
  array (
    'appid' => '4',
    'type' => 'OTHER',
    'name' => '通信测试',
    'url' => 'http://localhost/UCcenter',
    'ip' => '',
    'viewprourl' => '',
    'apifilename' => 'uc.php',
    'charset' => '',
    'synlogin' => '1',
    'extra' => 
    array (
      'apppath' => '',
    ),
    'recvnote' => '1',
  ),
  'UC_API' => 'http://localhost/discuz/uc_server',
)
*************************测试分割线*************************
2016-03-28 22:22:26
1, str==>
1, array==>array (
  1 => 
  array (
    'appid' => '1',
    'type' => 'DISCUZX',
    'name' => 'Discuz! Board',
    'url' => 'http://localhost/Discuz',
    'ip' => '',
    'viewprourl' => '',
    'apifilename' => 'uc.php',
    'charset' => '',
    'synlogin' => '1',
    'extra' => '',
    'recvnote' => '1',
  ),
  4 => 
  array (
    'appid' => '4',
    'type' => 'OTHER',
    'name' => '通信测试',
    'url' => 'http://localhost/UCcenter',
    'ip' => '',
    'viewprourl' => '',
    'apifilename' => 'uc.php',
    'charset' => '',
    'synlogin' => '1',
    'extra' => 
    array (
      'apppath' => '',
    ),
    'recvnote' => '1',
  ),
  'UC_API' => 'http://localhost/discuz/uc_server',
)
*************************测试分割线*************************
2016-03-28 22:23:25
1, str==>
*************************测试分割线*************************
2016-03-28 22:26:37
1, str==>
1, array==>array (
  1 => 
  array (
    'appid' => '1',
    'type' => 'DISCUZX',
    'name' => 'Discuz! Board',
    'url' => 'http://localhost/Discuz',
    'ip' => '',
    'viewprourl' => '',
    'apifilename' => 'uc.php',
    'charset' => '',
    'synlogin' => '1',
    'extra' => '',
    'recvnote' => '1',
  ),
  4 => 
  array (
    'appid' => '4',
    'type' => 'OTHER',
    'name' => '通信测试',
    'url' => 'http://localhost/UCenter',
    'ip' => '',
    'viewprourl' => '',
    'apifilename' => 'uc.php',
    'charset' => '',
    'synlogin' => '1',
    'extra' => 
    array (
      'apppath' => '',
      'extraurl' => '			',
    ),
    'recvnote' => '1',
  ),
  'UC_API' => 'http://localhost/discuz/uc_server',
)
*************************测试分割线*************************
2016-03-28 22:33:12
1, str==>
*************************测试分割线*************************
2016-03-28 22:56:02
1, str==>
