*************************测试分割线*************************
2017-03-24 23:06:48
1, str==>
*************************测试分割线*************************
2017-03-24 23:26:38
1, str==>
*************************测试分割线*************************
2017-03-24 23:31:51
1, str==>
*************************测试分割线*************************
2017-03-24 23:32:28
1, str==>
1, array==>array (
  1 => 
  array (
    'appid' => '1',
    'type' => 'OTHER',
    'name' => 'tp',
    'url' => 'http://localhost/',
    'ip' => '',
    'viewprourl' => '',
    'apifilename' => 'uc.php',
    'charset' => '',
    'synlogin' => '1',
    'extra' => 
    array (
      'apppath' => '',
      'extraurl' => '			',
    ),
    'recvnote' => '1',
  ),
  2 => 
  array (
    'appid' => '2',
    'type' => 'UCHOME',
    'name' => '个人家园',
    'url' => 'http://127.0.0.1/home',
    'ip' => '',
    'viewprourl' => '',
    'apifilename' => 'uc.php',
    'charset' => 'utf-8',
    'synlogin' => '1',
    'extra' => 
    array (
      'apppath' => '',
      'extraurl' => '			',
    ),
    'recvnote' => '1',
  ),
  'UC_API' => 'http://127.0.0.1/uc',
)
1, array==>array (
  1 => 
  array (
    'appid' => '1',
    'type' => 'OTHER',
    'name' => 'tp',
    'url' => 'http://localhost/',
    'ip' => '',
    'viewprourl' => '',
    'apifilename' => 'uc.php',
    'charset' => '',
    'synlogin' => '1',
    'extra' => 
    array (
      'apppath' => '',
      'extraurl' => '			',
    ),
    'recvnote' => '1',
  ),
  2 => 
  array (
    'appid' => '2',
    'type' => 'UCHOME',
    'name' => '个人家园',
    'url' => 'http://127.0.0.1/home',
    'ip' => '',
    'viewprourl' => '',
    'apifilename' => 'uc.php',
    'charset' => 'utf-8',
    'synlogin' => '1',
    'extra' => 
    array (
      'apppath' => '',
      'extraurl' => '			',
    ),
    'recvnote' => '1',
  ),
  'UC_API' => 'http://127.0.0.1/uc',
)
*************************测试分割线*************************
2017-03-24 23:34:02
1, str==>
1, array==>array (
  1 => 
  array (
    'appid' => '1',
    'type' => 'OTHER',
    'name' => 'tp',
    'url' => 'http://localhost/',
    'ip' => '',
    'viewprourl' => '',
    'apifilename' => 'uc.php',
    'charset' => '',
    'synlogin' => '1',
    'extra' => 
    array (
      'apppath' => '',
      'extraurl' => '			',
    ),
    'recvnote' => '1',
  ),
  2 => 
  array (
    'appid' => '2',
    'type' => 'UCHOME',
    'name' => '个人家园',
    'url' => 'http://127.0.0.1/home',
    'ip' => '',
    'viewprourl' => '',
    'apifilename' => 'uc.php',
    'charset' => 'utf-8',
    'synlogin' => '1',
    'extra' => 
    array (
      'apppath' => '',
      'extraurl' => '			',
    ),
    'recvnote' => '1',
  ),
  'UC_API' => 'http://127.0.0.1/uc',
)
*************************测试分割线*************************
2017-03-24 23:34:03
1, str==>
