[ 2016-03-26T21:42:13+08:00 ] ::1 /Auth/
INFO: [ app_init ] --START--
INFO: Run Behavior\BuildLiteBehavior [ RunTime:0.000033s ]
INFO: [ app_init ] --END-- [ RunTime:0.000864s ]
INFO: [ app_begin ] --START--
INFO: Run Behavior\ReadHtmlCacheBehavior [ RunTime:0.002461s ]
INFO: [ app_begin ] --END-- [ RunTime:0.002622s ]
INFO: [ app_end ] --START--
INFO: Run Behavior\ShowPageTraceBehavior [ RunTime:0.001264s ]
INFO: [ app_end ] --END-- [ RunTime:0.001413s ]

[ 2016-03-26T21:43:30+08:00 ] ::1 /Auth/
INFO: [ app_init ] --START--
INFO: Run Behavior\BuildLiteBehavior [ RunTime:0.000032s ]
INFO: [ app_init ] --END-- [ RunTime:0.000647s ]
INFO: [ app_begin ] --START--
INFO: Run Behavior\ReadHtmlCacheBehavior [ RunTime:0.000960s ]
INFO: [ app_begin ] --END-- [ RunTime:0.001130s ]

[ 2016-03-26T21:45:28+08:00 ] ::1 /Auth/
INFO: [ app_init ] --START--
INFO: Run Behavior\BuildLiteBehavior [ RunTime:0.000030s ]
INFO: [ app_init ] --END-- [ RunTime:0.000673s ]
INFO: [ app_begin ] --START--
INFO: Run Behavior\ReadHtmlCacheBehavior [ RunTime:0.000872s ]
INFO: [ app_begin ] --END-- [ RunTime:0.001015s ]
SQL: SHOW COLUMNS FROM `think_category` [ RunTime:0.0059s ]
ERR: 1054:Unknown column 'cid' in 'field list'
 [ SQL语句 ] : SELECT `cid` FROM `think_category` 
ERR: 1054:Unknown column 'cid' in 'field list'
 [ SQL语句 ] : SELECT `cid` FROM `think_category` 

[ 2016-03-26T21:45:57+08:00 ] ::1 /Auth/
INFO: [ app_init ] --START--
INFO: Run Behavior\BuildLiteBehavior [ RunTime:0.000032s ]
INFO: [ app_init ] --END-- [ RunTime:0.000713s ]
INFO: [ app_begin ] --START--
INFO: Run Behavior\ReadHtmlCacheBehavior [ RunTime:0.001297s ]
INFO: [ app_begin ] --END-- [ RunTime:0.001446s ]
SQL: SHOW COLUMNS FROM `think_category` [ RunTime:0.0061s ]
SQL: SELECT `pid` FROM `think_category`  [ RunTime:0.0005s ]

[ 2016-03-26T21:46:06+08:00 ] ::1 /Auth/
INFO: [ app_init ] --START--
INFO: Run Behavior\BuildLiteBehavior [ RunTime:0.000030s ]
INFO: [ app_init ] --END-- [ RunTime:0.000765s ]
INFO: [ app_begin ] --START--
INFO: Run Behavior\ReadHtmlCacheBehavior [ RunTime:0.001044s ]
INFO: [ app_begin ] --END-- [ RunTime:0.001196s ]
SQL: SHOW COLUMNS FROM `think_category` [ RunTime:0.0061s ]
SQL: SELECT `id` FROM `think_category`  [ RunTime:0.0005s ]

[ 2016-03-26T21:46:58+08:00 ] ::1 /Auth/
INFO: [ app_init ] --START--
INFO: Run Behavior\BuildLiteBehavior [ RunTime:0.000030s ]
INFO: [ app_init ] --END-- [ RunTime:0.000777s ]
INFO: [ app_begin ] --START--
INFO: Run Behavior\ReadHtmlCacheBehavior [ RunTime:0.001100s ]
INFO: [ app_begin ] --END-- [ RunTime:0.001233s ]
SQL: SHOW COLUMNS FROM `think_category` [ RunTime:0.0062s ]
SQL: SELECT `id` FROM `think_category`  [ RunTime:0.0003s ]
NOTIC: [8] Undefined variable: site D:\wamp\www\Auth\Application\Home\Controller\IndexController.class.php 第 11 行.

[ 2016-03-26T21:47:32+08:00 ] ::1 /Auth/
INFO: [ app_init ] --START--
INFO: Run Behavior\BuildLiteBehavior [ RunTime:0.000032s ]
INFO: [ app_init ] --END-- [ RunTime:0.000651s ]
INFO: [ app_begin ] --START--
INFO: Run Behavior\ReadHtmlCacheBehavior [ RunTime:0.000959s ]
INFO: [ app_begin ] --END-- [ RunTime:0.001107s ]
SQL: SHOW COLUMNS FROM `think_category` [ RunTime:0.0058s ]
SQL: SELECT `id` FROM `think_category`  [ RunTime:0.0003s ]
INFO: [ app_end ] --START--
INFO: Run Behavior\ShowPageTraceBehavior [ RunTime:0.000985s ]
INFO: [ app_end ] --END-- [ RunTime:0.001129s ]

[ 2016-03-26T21:54:00+08:00 ] ::1 /Auth/
INFO: [ app_init ] --START--
INFO: Run Behavior\BuildLiteBehavior [ RunTime:0.000031s ]
INFO: [ app_init ] --END-- [ RunTime:0.000748s ]
INFO: [ app_begin ] --START--
INFO: Run Behavior\ReadHtmlCacheBehavior [ RunTime:0.001054s ]
INFO: [ app_begin ] --END-- [ RunTime:0.001206s ]
SQL: SHOW COLUMNS FROM `think_category` [ RunTime:0.0063s ]
SQL: SELECT `id` FROM `think_category`  [ RunTime:0.0004s ]
INFO: [ app_end ] --START--
INFO: Run Behavior\ShowPageTraceBehavior [ RunTime:0.001173s ]
INFO: [ app_end ] --END-- [ RunTime:0.001326s ]

[ 2016-03-26T21:54:09+08:00 ] ::1 /Auth/
INFO: [ app_init ] --START--
INFO: Run Behavior\BuildLiteBehavior [ RunTime:0.000032s ]
INFO: [ app_init ] --END-- [ RunTime:0.000770s ]
INFO: [ app_begin ] --START--
INFO: Run Behavior\ReadHtmlCacheBehavior [ RunTime:0.000878s ]
INFO: [ app_begin ] --END-- [ RunTime:0.001016s ]
SQL: SHOW COLUMNS FROM `think_category` [ RunTime:0.0062s ]
SQL: SELECT `id` FROM `think_category`  [ RunTime:0.0004s ]
INFO: [ app_end ] --START--
INFO: Run Behavior\ShowPageTraceBehavior [ RunTime:0.001054s ]
INFO: [ app_end ] --END-- [ RunTime:0.001200s ]

