[ 2016-03-28T21:47:45+08:00 ] ::1 /Sitemap/
INFO: [ app_init ] --START--
INFO: Run Behavior\BuildLiteBehavior [ RunTime:0.000061s ]
INFO: [ app_init ] --END-- [ RunTime:0.002136s ]
INFO: [ app_begin ] --START--
INFO: Run Behavior\ReadHtmlCacheBehavior [ RunTime:0.010220s ]
INFO: [ app_begin ] --END-- [ RunTime:0.010508s ]
SQL: SHOW COLUMNS FROM `think_category` [ RunTime:0.0305s ]
SQL: SELECT `id` FROM `think_category`  [ RunTime:0.0008s ]
INFO: [ app_end ] --START--
INFO: Run Behavior\ShowPageTraceBehavior [ RunTime:0.024514s ]
INFO: [ app_end ] --END-- [ RunTime:0.024815s ]

[ 2016-03-28T22:02:51+08:00 ] ::1 /Sitemap/
INFO: [ app_init ] --START--
INFO: Run Behavior\BuildLiteBehavior [ RunTime:0.000029s ]
INFO: [ app_init ] --END-- [ RunTime:0.000731s ]
INFO: [ app_begin ] --START--
INFO: Run Behavior\ReadHtmlCacheBehavior [ RunTime:0.000976s ]
INFO: [ app_begin ] --END-- [ RunTime:0.001107s ]
SQL: SHOW COLUMNS FROM `think_category` [ RunTime:0.0071s ]
SQL: SELECT `id` FROM `think_category`  [ RunTime:0.0004s ]
INFO: [ app_end ] --START--
INFO: Run Behavior\ShowPageTraceBehavior [ RunTime:0.001222s ]
INFO: [ app_end ] --END-- [ RunTime:0.001364s ]

