[ 2017-03-28T23:49:38+08:00 ] 127.0.0.1 /
INFO: [ app_init ] --START--
INFO: Run Behavior\BuildLiteBehavior [ RunTime:0.000011s ]
INFO: [ app_init ] --END-- [ RunTime:0.000556s ]
INFO: [ app_begin ] --START--
INFO: Run Behavior\ReadHtmlCacheBehavior [ RunTime:0.000710s ]
INFO: [ app_begin ] --END-- [ RunTime:0.000751s ]
SQL: SHOW COLUMNS FROM `think_post` [ RunTime:0.0614s ]
SQL: SELECT * FROM `think_post` WHERE `del` = 0 AND `is_show` = 1  [ RunTime:0.0039s ]
INFO: [ view_parse ] --START--
INFO: [ template_filter ] --START--
INFO: Run Behavior\ContentReplaceBehavior [ RunTime:0.000126s ]
INFO: [ template_filter ] --END-- [ RunTime:0.000267s ]
SQL: SHOW COLUMNS FROM `think_ad` [ RunTime:0.0778s ]
SQL: SELECT * FROM `think_ad`  [ RunTime:0.0005s ]
INFO: Run Behavior\ParseTemplateBehavior [ RunTime:0.115882s ]
INFO: [ view_parse ] --END-- [ RunTime:0.115972s ]
INFO: [ view_filter ] --START--
INFO: Run Behavior\WriteHtmlCacheBehavior [ RunTime:0.017712s ]
INFO: [ view_filter ] --END-- [ RunTime:0.017846s ]
INFO: [ app_end ] --START--
INFO: Run Behavior\ShowPageTraceBehavior [ RunTime:0.001628s ]
INFO: [ app_end ] --END-- [ RunTime:0.001710s ]

[ 2017-03-28T23:49:45+08:00 ] 127.0.0.1 /Home/Index/post/pid/7
INFO: [ app_init ] --START--
INFO: Run Behavior\BuildLiteBehavior [ RunTime:0.000013s ]
INFO: [ app_init ] --END-- [ RunTime:0.000542s ]
INFO: [ app_begin ] --START--
INFO: Run Behavior\ReadHtmlCacheBehavior [ RunTime:0.000794s ]
INFO: [ app_begin ] --END-- [ RunTime:0.000845s ]
SQL: SHOW COLUMNS FROM `think_post` [ RunTime:0.0305s ]
SQL: SELECT * FROM `think_post` WHERE `pid` = 7 AND `is_show` = 1 AND `del` = 0  [ RunTime:0.0005s ]
SQL: UPDATE `think_post` SET `view`=view+1 WHERE `pid` = 7 [ RunTime:0.0838s ]
INFO: [ view_parse ] --START--
INFO: [ template_filter ] --START--
INFO: Run Behavior\ContentReplaceBehavior [ RunTime:0.000081s ]
INFO: [ template_filter ] --END-- [ RunTime:0.000165s ]
SQL: SHOW COLUMNS FROM `think_uc` [ RunTime:0.0536s ]
NOTIC: [8192] mysql_connect(): The mysql extension is deprecated and will be removed in the future: use mysqli or PDO instead C:\xampp\htdocs\Uc_client\lib\db.class.php 第 41 行.
NOTIC: [8] Undefined variable: vo C:\xampp\htdocs\Application\Runtime\Cache\Home\56f897a30c8801a2c2d0454132556305.php 第 36 行.
NOTIC: [8] Undefined index: user C:\xampp\htdocs\Application\Runtime\Cache\Home\56f897a30c8801a2c2d0454132556305.php 第 68 行.
SQL: SHOW COLUMNS FROM `think_ad` [ RunTime:0.0036s ]
SQL: SELECT * FROM `think_ad`  [ RunTime:0.0003s ]
INFO: Run Behavior\ParseTemplateBehavior [ RunTime:0.144250s ]
INFO: [ view_parse ] --END-- [ RunTime:0.144349s ]
INFO: [ view_filter ] --START--
INFO: Run Behavior\WriteHtmlCacheBehavior [ RunTime:0.000691s ]
INFO: [ view_filter ] --END-- [ RunTime:0.000729s ]
INFO: [ app_end ] --START--
INFO: Run Behavior\ShowPageTraceBehavior [ RunTime:0.000821s ]
INFO: [ app_end ] --END-- [ RunTime:0.000857s ]

[ 2017-03-28T23:49:45+08:00 ] 127.0.0.1 /Home/Danmu/index/pid/7
INFO: [ app_init ] --START--
INFO: Run Behavior\BuildLiteBehavior [ RunTime:0.000013s ]
INFO: [ app_init ] --END-- [ RunTime:0.000447s ]
INFO: [ app_begin ] --START--
INFO: Run Behavior\ReadHtmlCacheBehavior [ RunTime:0.000610s ]
INFO: [ app_begin ] --END-- [ RunTime:0.000656s ]
SQL: SHOW COLUMNS FROM `think_danmu` [ RunTime:0.0200s ]
SQL: SELECT * FROM `think_danmu` WHERE `pid` = 7  [ RunTime:0.0004s ]

[ 2017-03-28T23:49:50+08:00 ] 127.0.0.1 /favicon.ico
INFO: [ app_init ] --START--
INFO: Run Behavior\BuildLiteBehavior [ RunTime:0.000011s ]
INFO: [ app_init ] --END-- [ RunTime:0.000557s ]

[ 2017-03-28T23:53:56+08:00 ] 127.0.0.1 /Home/Index/post/pid/7
INFO: [ app_init ] --START--
INFO: Run Behavior\BuildLiteBehavior [ RunTime:0.000013s ]
INFO: [ app_init ] --END-- [ RunTime:0.000640s ]
INFO: [ app_begin ] --START--
INFO: Run Behavior\ReadHtmlCacheBehavior [ RunTime:0.000826s ]
INFO: [ app_begin ] --END-- [ RunTime:0.000874s ]
SQL: SHOW COLUMNS FROM `think_post` [ RunTime:0.0046s ]
SQL: SELECT * FROM `think_post` WHERE `pid` = 7 AND `is_show` = 1 AND `del` = 0  [ RunTime:0.0005s ]
SQL: UPDATE `think_post` SET `view`=view+1 WHERE `pid` = 7 [ RunTime:0.0684s ]
INFO: [ view_parse ] --START--
INFO: [ template_filter ] --START--
INFO: Run Behavior\ContentReplaceBehavior [ RunTime:0.000043s ]
INFO: [ template_filter ] --END-- [ RunTime:0.000089s ]
SQL: SHOW COLUMNS FROM `think_uc` [ RunTime:0.0039s ]
NOTIC: [8192] mysql_connect(): The mysql extension is deprecated and will be removed in the future: use mysqli or PDO instead C:\xampp\htdocs\Uc_client\lib\db.class.php 第 41 行.
NOTIC: [8] Undefined variable: vo C:\xampp\htdocs\Application\Runtime\Cache\Home\56f897a30c8801a2c2d0454132556305.php 第 36 行.
NOTIC: [8] Undefined index: user C:\xampp\htdocs\Application\Runtime\Cache\Home\56f897a30c8801a2c2d0454132556305.php 第 91 行.
SQL: SHOW COLUMNS FROM `think_ad` [ RunTime:0.0042s ]
SQL: SELECT * FROM `think_ad`  [ RunTime:0.0003s ]
INFO: Run Behavior\ParseTemplateBehavior [ RunTime:0.029275s ]
INFO: [ view_parse ] --END-- [ RunTime:0.029326s ]
INFO: [ view_filter ] --START--
INFO: Run Behavior\WriteHtmlCacheBehavior [ RunTime:0.000709s ]
INFO: [ view_filter ] --END-- [ RunTime:0.000744s ]
INFO: [ app_end ] --START--
INFO: Run Behavior\ShowPageTraceBehavior [ RunTime:0.000805s ]
INFO: [ app_end ] --END-- [ RunTime:0.000843s ]

[ 2017-03-28T23:53:56+08:00 ] 127.0.0.1 /Home/Danmu/index/pid/7
INFO: [ app_init ] --START--
INFO: Run Behavior\BuildLiteBehavior [ RunTime:0.000013s ]
INFO: [ app_init ] --END-- [ RunTime:0.000583s ]
INFO: [ app_begin ] --START--
INFO: Run Behavior\ReadHtmlCacheBehavior [ RunTime:0.000642s ]
INFO: [ app_begin ] --END-- [ RunTime:0.000698s ]
SQL: SHOW COLUMNS FROM `think_danmu` [ RunTime:0.0571s ]
SQL: SELECT * FROM `think_danmu` WHERE `pid` = 7  [ RunTime:0.0009s ]

[ 2017-03-28T23:54:00+08:00 ] 127.0.0.1 /Home/Index/post/pid/7
INFO: [ app_init ] --START--
INFO: Run Behavior\BuildLiteBehavior [ RunTime:0.000013s ]
INFO: [ app_init ] --END-- [ RunTime:0.000622s ]
INFO: [ app_begin ] --START--
INFO: Run Behavior\ReadHtmlCacheBehavior [ RunTime:0.000655s ]
INFO: [ app_begin ] --END-- [ RunTime:0.000701s ]
SQL: SHOW COLUMNS FROM `think_post` [ RunTime:0.0111s ]
SQL: SELECT * FROM `think_post` WHERE `pid` = 7 AND `is_show` = 1 AND `del` = 0  [ RunTime:0.0005s ]
SQL: UPDATE `think_post` SET `view`=view+1 WHERE `pid` = 7 [ RunTime:0.0712s ]
INFO: [ view_parse ] --START--
INFO: [ template_filter ] --START--
INFO: Run Behavior\ContentReplaceBehavior [ RunTime:0.000103s ]
INFO: [ template_filter ] --END-- [ RunTime:0.000216s ]
SQL: SHOW COLUMNS FROM `think_uc` [ RunTime:0.0063s ]
NOTIC: [8192] mysql_connect(): The mysql extension is deprecated and will be removed in the future: use mysqli or PDO instead C:\xampp\htdocs\Uc_client\lib\db.class.php 第 41 行.
NOTIC: [8] Undefined variable: vo C:\xampp\htdocs\Application\Runtime\Cache\Home\56f897a30c8801a2c2d0454132556305.php 第 36 行.
NOTIC: [8] Undefined index: user C:\xampp\htdocs\Application\Runtime\Cache\Home\56f897a30c8801a2c2d0454132556305.php 第 91 行.
SQL: SHOW COLUMNS FROM `think_ad` [ RunTime:0.0041s ]
SQL: SELECT * FROM `think_ad`  [ RunTime:0.0003s ]
INFO: Run Behavior\ParseTemplateBehavior [ RunTime:0.051917s ]
INFO: [ view_parse ] --END-- [ RunTime:0.052016s ]
INFO: [ view_filter ] --START--
INFO: Run Behavior\WriteHtmlCacheBehavior [ RunTime:0.000669s ]
INFO: [ view_filter ] --END-- [ RunTime:0.000712s ]
INFO: [ app_end ] --START--
INFO: Run Behavior\ShowPageTraceBehavior [ RunTime:0.000838s ]
INFO: [ app_end ] --END-- [ RunTime:0.000880s ]

[ 2017-03-28T23:54:00+08:00 ] 127.0.0.1 /Home/Danmu/index/pid/7
INFO: [ app_init ] --START--
INFO: Run Behavior\BuildLiteBehavior [ RunTime:0.000012s ]
INFO: [ app_init ] --END-- [ RunTime:0.000453s ]
INFO: [ app_begin ] --START--
INFO: Run Behavior\ReadHtmlCacheBehavior [ RunTime:0.000582s ]
INFO: [ app_begin ] --END-- [ RunTime:0.000628s ]
SQL: SHOW COLUMNS FROM `think_danmu` [ RunTime:0.0055s ]
SQL: SELECT * FROM `think_danmu` WHERE `pid` = 7  [ RunTime:0.0005s ]

[ 2017-03-28T23:54:07+08:00 ] 127.0.0.1 /Home/Index/post/pid/7
INFO: [ app_init ] --START--
INFO: Run Behavior\BuildLiteBehavior [ RunTime:0.000026s ]
INFO: [ app_init ] --END-- [ RunTime:0.000606s ]
INFO: [ app_begin ] --START--
INFO: Run Behavior\ReadHtmlCacheBehavior [ RunTime:0.000799s ]
INFO: [ app_begin ] --END-- [ RunTime:0.000842s ]
SQL: SHOW COLUMNS FROM `think_post` [ RunTime:0.0251s ]
SQL: SELECT * FROM `think_post` WHERE `pid` = 7 AND `is_show` = 1 AND `del` = 0  [ RunTime:0.0004s ]
SQL: UPDATE `think_post` SET `view`=view+1 WHERE `pid` = 7 [ RunTime:0.0824s ]
INFO: [ view_parse ] --START--
INFO: [ template_filter ] --START--
INFO: Run Behavior\ContentReplaceBehavior [ RunTime:0.000075s ]
INFO: [ template_filter ] --END-- [ RunTime:0.000155s ]
SQL: SHOW COLUMNS FROM `think_uc` [ RunTime:0.0054s ]
NOTIC: [8192] mysql_connect(): The mysql extension is deprecated and will be removed in the future: use mysqli or PDO instead C:\xampp\htdocs\Uc_client\lib\db.class.php 第 41 行.
NOTIC: [8] Undefined variable: vo C:\xampp\htdocs\Application\Runtime\Cache\Home\56f897a30c8801a2c2d0454132556305.php 第 36 行.
NOTIC: [8] Undefined index: user C:\xampp\htdocs\Application\Runtime\Cache\Home\56f897a30c8801a2c2d0454132556305.php 第 91 行.
SQL: SHOW COLUMNS FROM `think_ad` [ RunTime:0.0040s ]
SQL: SELECT * FROM `think_ad`  [ RunTime:0.0003s ]
INFO: Run Behavior\ParseTemplateBehavior [ RunTime:0.048719s ]
INFO: [ view_parse ] --END-- [ RunTime:0.048818s ]
INFO: [ view_filter ] --START--
INFO: Run Behavior\WriteHtmlCacheBehavior [ RunTime:0.000678s ]
INFO: [ view_filter ] --END-- [ RunTime:0.000716s ]
INFO: [ app_end ] --START--
INFO: Run Behavior\ShowPageTraceBehavior [ RunTime:0.000821s ]
INFO: [ app_end ] --END-- [ RunTime:0.000860s ]

[ 2017-03-28T23:54:10+08:00 ] 127.0.0.1 /Home/Index/post/pid/7
INFO: [ app_init ] --START--
INFO: Run Behavior\BuildLiteBehavior [ RunTime:0.000011s ]
INFO: [ app_init ] --END-- [ RunTime:0.000568s ]
INFO: [ app_begin ] --START--
INFO: Run Behavior\ReadHtmlCacheBehavior [ RunTime:0.000757s ]
INFO: [ app_begin ] --END-- [ RunTime:0.000800s ]
SQL: SHOW COLUMNS FROM `think_post` [ RunTime:0.0046s ]
SQL: SELECT * FROM `think_post` WHERE `pid` = 7 AND `is_show` = 1 AND `del` = 0  [ RunTime:0.0007s ]
SQL: UPDATE `think_post` SET `view`=view+1 WHERE `pid` = 7 [ RunTime:0.0926s ]
INFO: [ view_parse ] --START--
INFO: [ template_filter ] --START--
INFO: Run Behavior\ContentReplaceBehavior [ RunTime:0.000035s ]
INFO: [ template_filter ] --END-- [ RunTime:0.000075s ]
SQL: SHOW COLUMNS FROM `think_uc` [ RunTime:0.0042s ]
NOTIC: [8192] mysql_connect(): The mysql extension is deprecated and will be removed in the future: use mysqli or PDO instead C:\xampp\htdocs\Uc_client\lib\db.class.php 第 41 行.
NOTIC: [8] Undefined variable: vo C:\xampp\htdocs\Application\Runtime\Cache\Home\56f897a30c8801a2c2d0454132556305.php 第 36 行.
NOTIC: [8] Undefined index: user C:\xampp\htdocs\Application\Runtime\Cache\Home\56f897a30c8801a2c2d0454132556305.php 第 91 行.
SQL: SHOW COLUMNS FROM `think_ad` [ RunTime:0.0038s ]
SQL: SELECT * FROM `think_ad`  [ RunTime:0.0003s ]
INFO: Run Behavior\ParseTemplateBehavior [ RunTime:0.040912s ]
INFO: [ view_parse ] --END-- [ RunTime:0.041017s ]
INFO: [ view_filter ] --START--
INFO: Run Behavior\WriteHtmlCacheBehavior [ RunTime:0.000703s ]
INFO: [ view_filter ] --END-- [ RunTime:0.000743s ]
INFO: [ app_end ] --START--
INFO: Run Behavior\ShowPageTraceBehavior [ RunTime:0.000841s ]
INFO: [ app_end ] --END-- [ RunTime:0.000881s ]

[ 2017-03-28T23:54:12+08:00 ] 127.0.0.1 /Home/Danmu/index/pid/7
INFO: [ app_init ] --START--
INFO: Run Behavior\BuildLiteBehavior [ RunTime:0.000013s ]
INFO: [ app_init ] --END-- [ RunTime:0.000456s ]
INFO: [ app_begin ] --START--
INFO: Run Behavior\ReadHtmlCacheBehavior [ RunTime:0.000606s ]
INFO: [ app_begin ] --END-- [ RunTime:0.000654s ]
SQL: SHOW COLUMNS FROM `think_danmu` [ RunTime:0.0065s ]
SQL: SELECT * FROM `think_danmu` WHERE `pid` = 7  [ RunTime:0.0005s ]

[ 2017-03-28T23:54:18+08:00 ] 127.0.0.1 /favicon.ico
INFO: [ app_init ] --START--
INFO: Run Behavior\BuildLiteBehavior [ RunTime:0.000013s ]
INFO: [ app_init ] --END-- [ RunTime:0.000725s ]

