[ 2017-03-31T00:00:03+08:00 ] 127.0.0.1 /Admin/
INFO: [ app_init ] --START--
INFO: Run Behavior\BuildLiteBehavior [ RunTime:0.000014s ]
INFO: [ app_init ] --END-- [ RunTime:0.000708s ]
INFO: [ app_begin ] --START--
INFO: Run Behavior\ReadHtmlCacheBehavior [ RunTime:0.000905s ]
INFO: [ app_begin ] --END-- [ RunTime:0.000967s ]
INFO: [ view_parse ] --START--
INFO: [ template_filter ] --START--
INFO: Run Behavior\ContentReplaceBehavior [ RunTime:0.000042s ]
INFO: [ template_filter ] --END-- [ RunTime:0.000092s ]
SQL: SHOW COLUMNS FROM `think_uc` [ RunTime:0.0609s ]
NOTIC: [8192] mysql_connect(): The mysql extension is deprecated and will be removed in the future: use mysqli or PDO instead C:\xampp\htdocs\Uc_client\lib\db.class.php 第 41 行.
INFO: Run Behavior\ParseTemplateBehavior [ RunTime:0.098488s ]
INFO: [ view_parse ] --END-- [ RunTime:0.098550s ]
INFO: [ view_filter ] --START--
INFO: Run Behavior\WriteHtmlCacheBehavior [ RunTime:0.000746s ]
INFO: [ view_filter ] --END-- [ RunTime:0.000782s ]
INFO: [ app_end ] --START--
INFO: Run Behavior\ShowPageTraceBehavior [ RunTime:0.000889s ]
INFO: [ app_end ] --END-- [ RunTime:0.000928s ]

[ 2017-03-31T00:00:04+08:00 ] 127.0.0.1 /Admin/Index/danmu
INFO: [ app_init ] --START--
INFO: Run Behavior\BuildLiteBehavior [ RunTime:0.000015s ]
INFO: [ app_init ] --END-- [ RunTime:0.000548s ]
INFO: [ app_begin ] --START--
INFO: Run Behavior\ReadHtmlCacheBehavior [ RunTime:0.000788s ]
INFO: [ app_begin ] --END-- [ RunTime:0.000854s ]
SQL: SHOW COLUMNS FROM `think_danmu` [ RunTime:0.1739s ]
SQL: SELECT * FROM `think_danmu` ORDER BY id desc  [ RunTime:0.0008s ]
NOTIC: [8] Undefined index: p C:\xampp\htdocs\Application\Admin\Controller\IndexController.class.php 第 212 行.
INFO: [ view_parse ] --START--
INFO: [ template_filter ] --START--
INFO: Run Behavior\ContentReplaceBehavior [ RunTime:0.000041s ]
INFO: [ template_filter ] --END-- [ RunTime:0.000088s ]
SQL: SHOW COLUMNS FROM `think_post` [ RunTime:0.1278s ]
SQL: SELECT * FROM `think_post` WHERE `pid` = 7 LIMIT 1   [ RunTime:0.0004s ]
SQL: SHOW COLUMNS FROM `think_uc` [ RunTime:0.0300s ]
NOTIC: [8192] mysql_connect(): The mysql extension is deprecated and will be removed in the future: use mysqli or PDO instead C:\xampp\htdocs\Uc_client\lib\db.class.php 第 41 行.
SQL: SELECT * FROM `think_post` WHERE `pid` = 7 LIMIT 1   [ RunTime:0.0003s ]
SQL: SELECT * FROM `think_post` WHERE `pid` = 7 LIMIT 1   [ RunTime:0.0003s ]
SQL: SELECT * FROM `think_post` WHERE `pid` = 7 LIMIT 1   [ RunTime:0.0003s ]
SQL: SELECT * FROM `think_post` WHERE `pid` = 7 LIMIT 1   [ RunTime:0.0003s ]
SQL: SELECT * FROM `think_post` WHERE `pid` = 7 LIMIT 1   [ RunTime:0.0008s ]
SQL: SELECT * FROM `think_post` WHERE `pid` = 7 LIMIT 1   [ RunTime:0.0004s ]
SQL: SELECT * FROM `think_post` WHERE `pid` = 7 LIMIT 1   [ RunTime:0.0003s ]
SQL: SELECT * FROM `think_post` WHERE `pid` = 7 LIMIT 1   [ RunTime:0.0003s ]
SQL: SELECT * FROM `think_post` WHERE `pid` = 7 LIMIT 1   [ RunTime:0.0003s ]
SQL: SELECT * FROM `think_post` WHERE `pid` = 7 LIMIT 1   [ RunTime:0.0003s ]
SQL: SELECT * FROM `think_post` WHERE `pid` = 7 LIMIT 1   [ RunTime:0.0003s ]
SQL: SELECT * FROM `think_post` WHERE `pid` = 7 LIMIT 1   [ RunTime:0.0003s ]
SQL: SELECT * FROM `think_post` WHERE `pid` = 7 LIMIT 1   [ RunTime:0.0003s ]
SQL: SELECT * FROM `think_post` WHERE `pid` = 7 LIMIT 1   [ RunTime:0.0003s ]
SQL: SELECT * FROM `think_post` WHERE `pid` = 7 LIMIT 1   [ RunTime:0.0003s ]
SQL: SELECT * FROM `think_post` WHERE `pid` = 7 LIMIT 1   [ RunTime:0.0003s ]
SQL: SELECT * FROM `think_post` WHERE `pid` = 7 LIMIT 1   [ RunTime:0.0002s ]
SQL: SELECT * FROM `think_post` WHERE `pid` = 7 LIMIT 1   [ RunTime:0.0003s ]
INFO: Run Behavior\ParseTemplateBehavior [ RunTime:0.196241s ]
INFO: [ view_parse ] --END-- [ RunTime:0.196293s ]
INFO: [ view_filter ] --START--
INFO: Run Behavior\WriteHtmlCacheBehavior [ RunTime:0.001026s ]
INFO: [ view_filter ] --END-- [ RunTime:0.001073s ]
INFO: [ app_end ] --START--
INFO: Run Behavior\ShowPageTraceBehavior [ RunTime:0.000934s ]
INFO: [ app_end ] --END-- [ RunTime:0.000988s ]

[ 2017-03-31T00:04:57+08:00 ] 127.0.0.1 /Admin/Index/post
INFO: [ app_init ] --START--
INFO: Run Behavior\BuildLiteBehavior [ RunTime:0.000013s ]
INFO: [ app_init ] --END-- [ RunTime:0.000651s ]
INFO: [ app_begin ] --START--
INFO: Run Behavior\ReadHtmlCacheBehavior [ RunTime:0.000967s ]
INFO: [ app_begin ] --END-- [ RunTime:0.001031s ]
NOTIC: [8] Undefined index: post C:\xampp\htdocs\Application\Admin\Controller\IndexController.class.php 第 37 行.
INFO: [ view_parse ] --START--
INFO: [ template_filter ] --START--
INFO: Run Behavior\ContentReplaceBehavior [ RunTime:0.000042s ]
INFO: [ template_filter ] --END-- [ RunTime:0.000094s ]
INFO: Run Behavior\ParseTemplateBehavior [ RunTime:0.010625s ]
INFO: [ view_parse ] --END-- [ RunTime:0.010693s ]
INFO: [ view_filter ] --START--
INFO: Run Behavior\WriteHtmlCacheBehavior [ RunTime:0.002288s ]
INFO: [ view_filter ] --END-- [ RunTime:0.002379s ]
INFO: [ app_end ] --START--
INFO: Run Behavior\ShowPageTraceBehavior [ RunTime:0.001103s ]
INFO: [ app_end ] --END-- [ RunTime:0.001155s ]

[ 2017-03-31T02:40:46+08:00 ] 127.0.0.1 /Admin
INFO: [ app_init ] --START--
INFO: Run Behavior\BuildLiteBehavior [ RunTime:0.000016s ]
INFO: [ app_init ] --END-- [ RunTime:0.000582s ]
INFO: [ app_begin ] --START--
INFO: Run Behavior\ReadHtmlCacheBehavior [ RunTime:0.000851s ]
INFO: [ app_begin ] --END-- [ RunTime:0.000912s ]
INFO: [ view_parse ] --START--
INFO: [ template_filter ] --START--
INFO: Run Behavior\ContentReplaceBehavior [ RunTime:0.000042s ]
INFO: [ template_filter ] --END-- [ RunTime:0.000100s ]
SQL: SHOW COLUMNS FROM `think_uc` [ RunTime:0.0379s ]
NOTIC: [8192] mysql_connect(): The mysql extension is deprecated and will be removed in the future: use mysqli or PDO instead C:\xampp\htdocs\Uc_client\lib\db.class.php 第 41 行.
INFO: Run Behavior\ParseTemplateBehavior [ RunTime:0.095290s ]
INFO: [ view_parse ] --END-- [ RunTime:0.095356s ]
INFO: [ view_filter ] --START--
INFO: Run Behavior\WriteHtmlCacheBehavior [ RunTime:0.000851s ]
INFO: [ view_filter ] --END-- [ RunTime:0.000898s ]
INFO: [ app_end ] --START--
INFO: Run Behavior\ShowPageTraceBehavior [ RunTime:0.000844s ]
INFO: [ app_end ] --END-- [ RunTime:0.000887s ]

[ 2017-03-31T02:40:47+08:00 ] 127.0.0.1 /Admin/Index/danmu
INFO: [ app_init ] --START--
INFO: Run Behavior\BuildLiteBehavior [ RunTime:0.000013s ]
INFO: [ app_init ] --END-- [ RunTime:0.000556s ]
INFO: [ app_begin ] --START--
INFO: Run Behavior\ReadHtmlCacheBehavior [ RunTime:0.000877s ]
INFO: [ app_begin ] --END-- [ RunTime:0.000967s ]
SQL: SHOW COLUMNS FROM `think_danmu` [ RunTime:0.0307s ]
SQL: SELECT * FROM `think_danmu` ORDER BY id desc  [ RunTime:0.0006s ]
NOTIC: [8] Undefined index: p C:\xampp\htdocs\Application\Admin\Controller\IndexController.class.php 第 212 行.
INFO: [ view_parse ] --START--
INFO: [ template_filter ] --START--
INFO: Run Behavior\ContentReplaceBehavior [ RunTime:0.000042s ]
INFO: [ template_filter ] --END-- [ RunTime:0.000106s ]
SQL: SHOW COLUMNS FROM `think_post` [ RunTime:0.0154s ]
SQL: SELECT * FROM `think_post` WHERE `pid` = 7 LIMIT 1   [ RunTime:0.0004s ]
SQL: SHOW COLUMNS FROM `think_uc` [ RunTime:0.0173s ]
NOTIC: [8192] mysql_connect(): The mysql extension is deprecated and will be removed in the future: use mysqli or PDO instead C:\xampp\htdocs\Uc_client\lib\db.class.php 第 41 行.
SQL: SELECT * FROM `think_post` WHERE `pid` = 7 LIMIT 1   [ RunTime:0.0003s ]
SQL: SELECT * FROM `think_post` WHERE `pid` = 7 LIMIT 1   [ RunTime:0.0002s ]
SQL: SELECT * FROM `think_post` WHERE `pid` = 7 LIMIT 1   [ RunTime:0.0003s ]
SQL: SELECT * FROM `think_post` WHERE `pid` = 7 LIMIT 1   [ RunTime:0.0002s ]
SQL: SELECT * FROM `think_post` WHERE `pid` = 7 LIMIT 1   [ RunTime:0.0003s ]
SQL: SELECT * FROM `think_post` WHERE `pid` = 7 LIMIT 1   [ RunTime:0.0004s ]
SQL: SELECT * FROM `think_post` WHERE `pid` = 7 LIMIT 1   [ RunTime:0.0005s ]
SQL: SELECT * FROM `think_post` WHERE `pid` = 7 LIMIT 1   [ RunTime:0.0003s ]
SQL: SELECT * FROM `think_post` WHERE `pid` = 7 LIMIT 1   [ RunTime:0.0003s ]
SQL: SELECT * FROM `think_post` WHERE `pid` = 7 LIMIT 1   [ RunTime:0.0008s ]
SQL: SELECT * FROM `think_post` WHERE `pid` = 7 LIMIT 1   [ RunTime:0.0002s ]
SQL: SELECT * FROM `think_post` WHERE `pid` = 7 LIMIT 1   [ RunTime:0.0004s ]
SQL: SELECT * FROM `think_post` WHERE `pid` = 7 LIMIT 1   [ RunTime:0.0003s ]
SQL: SELECT * FROM `think_post` WHERE `pid` = 7 LIMIT 1   [ RunTime:0.0003s ]
SQL: SELECT * FROM `think_post` WHERE `pid` = 7 LIMIT 1   [ RunTime:0.0003s ]
SQL: SELECT * FROM `think_post` WHERE `pid` = 7 LIMIT 1   [ RunTime:0.0003s ]
SQL: SELECT * FROM `think_post` WHERE `pid` = 7 LIMIT 1   [ RunTime:0.0003s ]
SQL: SELECT * FROM `think_post` WHERE `pid` = 7 LIMIT 1   [ RunTime:0.0003s ]
INFO: Run Behavior\ParseTemplateBehavior [ RunTime:0.077236s ]
INFO: [ view_parse ] --END-- [ RunTime:0.077290s ]
INFO: [ view_filter ] --START--
INFO: Run Behavior\WriteHtmlCacheBehavior [ RunTime:0.000685s ]
INFO: [ view_filter ] --END-- [ RunTime:0.000730s ]
INFO: [ app_end ] --START--
INFO: Run Behavior\ShowPageTraceBehavior [ RunTime:0.000955s ]
INFO: [ app_end ] --END-- [ RunTime:0.001012s ]

[ 2017-03-31T02:40:48+08:00 ] 127.0.0.1 /Admin/Index/post
INFO: [ app_init ] --START--
INFO: Run Behavior\BuildLiteBehavior [ RunTime:0.000014s ]
INFO: [ app_init ] --END-- [ RunTime:0.000590s ]
INFO: [ app_begin ] --START--
INFO: Run Behavior\ReadHtmlCacheBehavior [ RunTime:0.000759s ]
INFO: [ app_begin ] --END-- [ RunTime:0.000812s ]
NOTIC: [8] Undefined index: post C:\xampp\htdocs\Application\Admin\Controller\IndexController.class.php 第 37 行.
INFO: [ view_parse ] --START--
INFO: [ template_filter ] --START--
INFO: Run Behavior\ContentReplaceBehavior [ RunTime:0.000040s ]
INFO: [ template_filter ] --END-- [ RunTime:0.000091s ]
INFO: Run Behavior\ParseTemplateBehavior [ RunTime:0.035510s ]
INFO: [ view_parse ] --END-- [ RunTime:0.035580s ]
INFO: [ view_filter ] --START--
INFO: Run Behavior\WriteHtmlCacheBehavior [ RunTime:0.000673s ]
INFO: [ view_filter ] --END-- [ RunTime:0.000711s ]
INFO: [ app_end ] --START--
INFO: Run Behavior\ShowPageTraceBehavior [ RunTime:0.000836s ]
INFO: [ app_end ] --END-- [ RunTime:0.000881s ]

[ 2017-03-31T02:40:53+08:00 ] 127.0.0.1 /Admin/Index/post
INFO: [ app_init ] --START--
INFO: Run Behavior\BuildLiteBehavior [ RunTime:0.000014s ]
INFO: [ app_init ] --END-- [ RunTime:0.000533s ]
INFO: [ app_begin ] --START--
INFO: Run Behavior\ReadHtmlCacheBehavior [ RunTime:0.001046s ]
INFO: [ app_begin ] --END-- [ RunTime:0.001154s ]
SQL: SHOW COLUMNS FROM `think_post` [ RunTime:0.0342s ]
SQL: INSERT INTO `think_post` (`image`,`uid`,`title`,`post`,`time`,`is_video`,`video_url`,`ip`,`is_show`) VALUES ('0','4','aaaaaaaaaaaaaaaaxxaaaa','<p>xxxxxxxxxxxxxx</p>','1490899253','0','0','127.0.0.1','1') [ RunTime:0.1507s ]
SQL: SHOW COLUMNS FROM `think_userpoint` [ RunTime:0.0431s ]
SQL: SHOW COLUMNS FROM `think_pointrule` [ RunTime:0.0416s ]
SQL: SELECT * FROM `think_pointrule` WHERE `rid` = 5 LIMIT 1   [ RunTime:0.0004s ]
SQL: SELECT * FROM `think_userpoint` WHERE `uid` = 4  [ RunTime:0.0003s ]
SQL: SHOW COLUMNS FROM `think_pointmax` [ RunTime:0.0234s ]
SQL: SELECT * FROM `think_pointmax` WHERE `uid` = 4 LIMIT 1   [ RunTime:0.0004s ]
SQL: UPDATE `think_pointmax` SET `day`='20170331',`point`='0' WHERE `uid` = 4 [ RunTime:0.0952s ]
SQL: UPDATE `think_pointmax` SET `point`='10' WHERE `uid` = 4 [ RunTime:0.0732s ]
SQL: UPDATE `think_userpoint` SET `point`='109',`time`='1490899253',`history`='{\"rid\":\"0\",\"time\":1490882201,\"by\":\"\\u7ba1\\u7406\\u5458\\u76f4\\u63a5\\u64cd\\u4f5c\",\"0\":{\"rid\":5,\"time\":1490899253,\"by\":\"system\"}}' WHERE `uid` = 4 [ RunTime:0.0732s ]
SQL: SHOW COLUMNS FROM `think_pointhistory` [ RunTime:0.0186s ]
SQL: INSERT INTO `think_pointhistory` (`history`) VALUES ('{\"rid\":\"0\",\"time\":1490882201,\"by\":\"\\u7ba1\\u7406\\u5458\\u76f4\\u63a5\\u64cd\\u4f5c\",\"0\":{\"rid\":5,\"time\":1490899253,\"by\":\"system\"}}') [ RunTime:0.0839s ]
INFO: [ view_parse ] --START--
INFO: [ template_filter ] --START--
INFO: Run Behavior\ContentReplaceBehavior [ RunTime:0.000036s ]
INFO: [ template_filter ] --END-- [ RunTime:0.000084s ]
INFO: Run Behavior\ParseTemplateBehavior [ RunTime:0.060012s ]
INFO: [ view_parse ] --END-- [ RunTime:0.060142s ]
INFO: [ view_filter ] --START--
INFO: Run Behavior\WriteHtmlCacheBehavior [ RunTime:0.000831s ]
INFO: [ view_filter ] --END-- [ RunTime:0.000913s ]
INFO: [ app_end ] --START--
INFO: Run Behavior\ShowPageTraceBehavior [ RunTime:0.000900s ]
INFO: [ app_end ] --END-- [ RunTime:0.000968s ]

[ 2017-03-31T02:40:55+08:00 ] 127.0.0.1 /Admin/Index/mypost.html
INFO: [ app_init ] --START--
INFO: Run Behavior\BuildLiteBehavior [ RunTime:0.000015s ]
INFO: [ app_init ] --END-- [ RunTime:0.000576s ]
INFO: [ app_begin ] --START--
INFO: Run Behavior\ReadHtmlCacheBehavior [ RunTime:0.001014s ]
INFO: [ app_begin ] --END-- [ RunTime:0.001134s ]
SQL: SHOW COLUMNS FROM `think_post` [ RunTime:0.0158s ]
SQL: SELECT * FROM `think_post` WHERE `uid` = 4 AND `del` = 0 ORDER BY time desc  [ RunTime:0.0006s ]
NOTIC: [8] Undefined index: p C:\xampp\htdocs\Application\Admin\Controller\IndexController.class.php 第 23 行.
INFO: [ view_parse ] --START--
INFO: [ template_filter ] --START--
INFO: Run Behavior\ContentReplaceBehavior [ RunTime:0.000042s ]
INFO: [ template_filter ] --END-- [ RunTime:0.000090s ]
INFO: Run Behavior\ParseTemplateBehavior [ RunTime:0.043279s ]
INFO: [ view_parse ] --END-- [ RunTime:0.043337s ]
INFO: [ view_filter ] --START--
INFO: Run Behavior\WriteHtmlCacheBehavior [ RunTime:0.000681s ]
INFO: [ view_filter ] --END-- [ RunTime:0.000721s ]
INFO: [ app_end ] --START--
INFO: Run Behavior\ShowPageTraceBehavior [ RunTime:0.000827s ]
INFO: [ app_end ] --END-- [ RunTime:0.000867s ]

[ 2017-03-31T03:56:10+08:00 ] 127.0.0.1 /Admin
INFO: [ app_init ] --START--
INFO: Run Behavior\BuildLiteBehavior [ RunTime:0.000015s ]
INFO: [ app_init ] --END-- [ RunTime:0.000554s ]
INFO: [ app_begin ] --START--
INFO: Run Behavior\ReadHtmlCacheBehavior [ RunTime:0.000899s ]
INFO: [ app_begin ] --END-- [ RunTime:0.000972s ]
INFO: [ view_parse ] --START--
INFO: [ template_filter ] --START--
INFO: Run Behavior\ContentReplaceBehavior [ RunTime:0.000042s ]
INFO: [ template_filter ] --END-- [ RunTime:0.000094s ]
SQL: SHOW COLUMNS FROM `think_uc` [ RunTime:0.0125s ]
NOTIC: [8192] mysql_connect(): The mysql extension is deprecated and will be removed in the future: use mysqli or PDO instead C:\xampp\htdocs\Uc_client\lib\db.class.php 第 41 行.
INFO: Run Behavior\ParseTemplateBehavior [ RunTime:0.097712s ]
INFO: [ view_parse ] --END-- [ RunTime:0.097775s ]
INFO: [ view_filter ] --START--
INFO: Run Behavior\WriteHtmlCacheBehavior [ RunTime:0.000671s ]
INFO: [ view_filter ] --END-- [ RunTime:0.000710s ]
INFO: [ app_end ] --START--
INFO: Run Behavior\ShowPageTraceBehavior [ RunTime:0.000813s ]
INFO: [ app_end ] --END-- [ RunTime:0.000851s ]

[ 2017-03-31T03:56:11+08:00 ] 127.0.0.1 /Admin/Index/danmu
INFO: [ app_init ] --START--
INFO: Run Behavior\BuildLiteBehavior [ RunTime:0.000014s ]
INFO: [ app_init ] --END-- [ RunTime:0.000562s ]
INFO: [ app_begin ] --START--
INFO: Run Behavior\ReadHtmlCacheBehavior [ RunTime:0.000668s ]
INFO: [ app_begin ] --END-- [ RunTime:0.000721s ]
SQL: SHOW COLUMNS FROM `think_danmu` [ RunTime:0.0177s ]
SQL: SELECT * FROM `think_danmu` ORDER BY id desc  [ RunTime:0.0005s ]
NOTIC: [8] Undefined index: p C:\xampp\htdocs\Application\Admin\Controller\IndexController.class.php 第 212 行.
INFO: [ view_parse ] --START--
INFO: [ template_filter ] --START--
INFO: Run Behavior\ContentReplaceBehavior [ RunTime:0.000038s ]
INFO: [ template_filter ] --END-- [ RunTime:0.000084s ]
SQL: SHOW COLUMNS FROM `think_post` [ RunTime:0.0121s ]
SQL: SELECT * FROM `think_post` WHERE `pid` = 7 LIMIT 1   [ RunTime:0.0003s ]
SQL: SHOW COLUMNS FROM `think_uc` [ RunTime:0.0125s ]
NOTIC: [8192] mysql_connect(): The mysql extension is deprecated and will be removed in the future: use mysqli or PDO instead C:\xampp\htdocs\Uc_client\lib\db.class.php 第 41 行.
SQL: SELECT * FROM `think_post` WHERE `pid` = 7 LIMIT 1   [ RunTime:0.0003s ]
SQL: SELECT * FROM `think_post` WHERE `pid` = 7 LIMIT 1   [ RunTime:0.0002s ]
SQL: SELECT * FROM `think_post` WHERE `pid` = 7 LIMIT 1   [ RunTime:0.0002s ]
SQL: SELECT * FROM `think_post` WHERE `pid` = 7 LIMIT 1   [ RunTime:0.0002s ]
SQL: SELECT * FROM `think_post` WHERE `pid` = 7 LIMIT 1   [ RunTime:0.0002s ]
SQL: SELECT * FROM `think_post` WHERE `pid` = 7 LIMIT 1   [ RunTime:0.0003s ]
SQL: SELECT * FROM `think_post` WHERE `pid` = 7 LIMIT 1   [ RunTime:0.0003s ]
SQL: SELECT * FROM `think_post` WHERE `pid` = 7 LIMIT 1   [ RunTime:0.0002s ]
SQL: SELECT * FROM `think_post` WHERE `pid` = 7 LIMIT 1   [ RunTime:0.0002s ]
SQL: SELECT * FROM `think_post` WHERE `pid` = 7 LIMIT 1   [ RunTime:0.0003s ]
SQL: SELECT * FROM `think_post` WHERE `pid` = 7 LIMIT 1   [ RunTime:0.0003s ]
SQL: SELECT * FROM `think_post` WHERE `pid` = 7 LIMIT 1   [ RunTime:0.0003s ]
SQL: SELECT * FROM `think_post` WHERE `pid` = 7 LIMIT 1   [ RunTime:0.0003s ]
SQL: SELECT * FROM `think_post` WHERE `pid` = 7 LIMIT 1   [ RunTime:0.0003s ]
SQL: SELECT * FROM `think_post` WHERE `pid` = 7 LIMIT 1   [ RunTime:0.0003s ]
SQL: SELECT * FROM `think_post` WHERE `pid` = 7 LIMIT 1   [ RunTime:0.0002s ]
SQL: SELECT * FROM `think_post` WHERE `pid` = 7 LIMIT 1   [ RunTime:0.0003s ]
SQL: SELECT * FROM `think_post` WHERE `pid` = 7 LIMIT 1   [ RunTime:0.0002s ]
INFO: Run Behavior\ParseTemplateBehavior [ RunTime:0.097300s ]
INFO: [ view_parse ] --END-- [ RunTime:0.097349s ]
INFO: [ view_filter ] --START--
INFO: Run Behavior\WriteHtmlCacheBehavior [ RunTime:0.000731s ]
INFO: [ view_filter ] --END-- [ RunTime:0.000772s ]
INFO: [ app_end ] --START--
INFO: Run Behavior\ShowPageTraceBehavior [ RunTime:0.000969s ]
INFO: [ app_end ] --END-- [ RunTime:0.001021s ]

[ 2017-03-31T03:56:12+08:00 ] 127.0.0.1 /Admin/Index/all_ad
INFO: [ app_init ] --START--
INFO: Run Behavior\BuildLiteBehavior [ RunTime:0.000013s ]
INFO: [ app_init ] --END-- [ RunTime:0.000497s ]
INFO: [ app_begin ] --START--
INFO: Run Behavior\ReadHtmlCacheBehavior [ RunTime:0.000660s ]
INFO: [ app_begin ] --END-- [ RunTime:0.000710s ]
SQL: SHOW COLUMNS FROM `think_ad` [ RunTime:0.0126s ]
SQL: SELECT * FROM `think_ad`  [ RunTime:0.0003s ]
NOTIC: [8] Undefined index: p C:\xampp\htdocs\Application\Admin\Controller\IndexController.class.php 第 106 行.
INFO: [ view_parse ] --START--
INFO: [ template_filter ] --START--
INFO: Run Behavior\ContentReplaceBehavior [ RunTime:0.000047s ]
INFO: [ template_filter ] --END-- [ RunTime:0.000091s ]
INFO: Run Behavior\ParseTemplateBehavior [ RunTime:0.011188s ]
INFO: [ view_parse ] --END-- [ RunTime:0.011254s ]
INFO: [ view_filter ] --START--
INFO: Run Behavior\WriteHtmlCacheBehavior [ RunTime:0.000620s ]
INFO: [ view_filter ] --END-- [ RunTime:0.000659s ]
INFO: [ app_end ] --START--
INFO: Run Behavior\ShowPageTraceBehavior [ RunTime:0.000808s ]
INFO: [ app_end ] --END-- [ RunTime:0.000850s ]

