[ 2017-03-20T13:32:23+08:00 ] 127.0.0.1 /ucenter/index.php/admin
INFO: [ app_init ] --START--
INFO: Run Behavior\BuildLiteBehavior [ RunTime:0.000033s ]
INFO: [ app_init ] --END-- [ RunTime:0.000785s ]
INFO: [ app_begin ] --START--
INFO: Run Behavior\ReadHtmlCacheBehavior [ RunTime:0.001135s ]
INFO: [ app_begin ] --END-- [ RunTime:0.001298s ]
NOTIC: [2] Missing argument 1 for getActionUrl(), called in C:\Program\www\ucenter\Application\Common\Controller\BaseController.class.php on line 8 and defined C:\Program\www\ucenter\Application\Common\Common\function.php 第 6 行.
NOTIC: [8] Undefined variable: true C:\Program\www\ucenter\Application\Common\Common\function.php 第 7 行.
NOTIC: [8] Undefined index: S_AUTHID C:\Program\www\ucenter\Application\Common\Controller\BaseController.class.php 第 14 行.

[ 2017-03-20T13:32:23+08:00 ] 127.0.0.1 /ucenter/index.php?s=/Admin/Public/login
INFO: [ app_init ] --START--
INFO: Run Behavior\BuildLiteBehavior [ RunTime:0.000082s ]
INFO: [ app_init ] --END-- [ RunTime:0.000761s ]
INFO: [ app_begin ] --START--
INFO: Run Behavior\ReadHtmlCacheBehavior [ RunTime:0.001099s ]
INFO: [ app_begin ] --END-- [ RunTime:0.001254s ]
INFO: [ app_end ] --START--
INFO: Run Behavior\ShowPageTraceBehavior [ RunTime:0.022760s ]
INFO: [ app_end ] --END-- [ RunTime:0.022902s ]

[ 2017-03-20T13:33:47+08:00 ] 127.0.0.1 /ucenter/index.php/Admin/Public/index
INFO: [ app_init ] --START--
INFO: Run Behavior\BuildLiteBehavior [ RunTime:0.000031s ]
INFO: [ app_init ] --END-- [ RunTime:0.000755s ]
INFO: [ app_begin ] --START--
INFO: Run Behavior\ReadHtmlCacheBehavior [ RunTime:0.001094s ]
INFO: [ app_begin ] --END-- [ RunTime:0.001327s ]

[ 2017-03-20T13:33:47+08:00 ] 127.0.0.1 /ucenter/index.php?s=/Admin/Public/login
INFO: [ app_init ] --START--
INFO: Run Behavior\BuildLiteBehavior [ RunTime:0.000029s ]
INFO: [ app_init ] --END-- [ RunTime:0.000723s ]
INFO: [ app_begin ] --START--
INFO: Run Behavior\ReadHtmlCacheBehavior [ RunTime:0.001205s ]
INFO: [ app_begin ] --END-- [ RunTime:0.001356s ]
INFO: [ app_end ] --START--
INFO: Run Behavior\ShowPageTraceBehavior [ RunTime:0.000852s ]
INFO: [ app_end ] --END-- [ RunTime:0.000983s ]

[ 2017-03-20T13:34:11+08:00 ] 127.0.0.1 /ucenter/index.php?s=/Admin/Index/index
INFO: [ app_init ] --START--
INFO: Run Behavior\BuildLiteBehavior [ RunTime:0.000034s ]
INFO: [ app_init ] --END-- [ RunTime:0.000784s ]
INFO: [ app_begin ] --START--
INFO: Run Behavior\ReadHtmlCacheBehavior [ RunTime:0.000946s ]
INFO: [ app_begin ] --END-- [ RunTime:0.001099s ]
NOTIC: [2] Missing argument 1 for getActionUrl(), called in C:\Program\www\ucenter\Application\Common\Controller\BaseController.class.php on line 8 and defined C:\Program\www\ucenter\Application\Common\Common\function.php 第 6 行.
NOTIC: [8] Undefined variable: true C:\Program\www\ucenter\Application\Common\Common\function.php 第 7 行.
NOTIC: [8] Undefined index: S_AUTHID C:\Program\www\ucenter\Application\Common\Controller\BaseController.class.php 第 14 行.

[ 2017-03-20T13:34:11+08:00 ] 127.0.0.1 /ucenter/index.php?s=/Admin/Public/login
INFO: [ app_init ] --START--
INFO: Run Behavior\BuildLiteBehavior [ RunTime:0.000034s ]
INFO: [ app_init ] --END-- [ RunTime:0.000742s ]
INFO: [ app_begin ] --START--
INFO: Run Behavior\ReadHtmlCacheBehavior [ RunTime:0.001008s ]
INFO: [ app_begin ] --END-- [ RunTime:0.001180s ]
INFO: [ app_end ] --START--
INFO: Run Behavior\ShowPageTraceBehavior [ RunTime:0.001147s ]
INFO: [ app_end ] --END-- [ RunTime:0.001300s ]

