[ 2017-04-02T00:21:33+08:00 ] 127.0.0.1 /Admin
INFO: [ app_init ] --START--
INFO: Run Behavior\BuildLiteBehavior [ RunTime:0.000012s ]
INFO: [ app_init ] --END-- [ RunTime:0.000638s ]
INFO: [ app_begin ] --START--
INFO: Run Behavior\ReadHtmlCacheBehavior [ RunTime:0.001284s ]
INFO: [ app_begin ] --END-- [ RunTime:0.001337s ]
INFO: [ view_parse ] --START--
INFO: [ template_filter ] --START--
INFO: Run Behavior\ContentReplaceBehavior [ RunTime:0.000032s ]
INFO: [ template_filter ] --END-- [ RunTime:0.000071s ]
INFO: Run Behavior\ParseTemplateBehavior [ RunTime:0.034714s ]
INFO: [ view_parse ] --END-- [ RunTime:0.034818s ]
INFO: [ view_filter ] --START--
INFO: Run Behavior\WriteHtmlCacheBehavior [ RunTime:0.002025s ]
INFO: [ view_filter ] --END-- [ RunTime:0.002126s ]

[ 2017-04-02T00:21:37+08:00 ] 127.0.0.1 /Admin/Index/login.html
INFO: [ app_init ] --START--
INFO: Run Behavior\BuildLiteBehavior [ RunTime:0.000011s ]
INFO: [ app_init ] --END-- [ RunTime:0.000601s ]
INFO: [ app_begin ] --START--
INFO: Run Behavior\ReadHtmlCacheBehavior [ RunTime:0.001024s ]
INFO: [ app_begin ] --END-- [ RunTime:0.001083s ]
INFO: [ view_parse ] --START--
INFO: [ template_filter ] --START--
INFO: Run Behavior\ContentReplaceBehavior [ RunTime:0.000037s ]
INFO: [ template_filter ] --END-- [ RunTime:0.000085s ]
INFO: Run Behavior\ParseTemplateBehavior [ RunTime:0.025288s ]
INFO: [ view_parse ] --END-- [ RunTime:0.025337s ]
INFO: [ view_filter ] --START--
INFO: Run Behavior\WriteHtmlCacheBehavior [ RunTime:0.000863s ]
INFO: [ view_filter ] --END-- [ RunTime:0.000901s ]
INFO: [ app_end ] --START--
INFO: Run Behavior\ShowPageTraceBehavior [ RunTime:0.000977s ]
INFO: [ app_end ] --END-- [ RunTime:0.001017s ]

[ 2017-04-02T00:21:42+08:00 ] 127.0.0.1 /Admin/Index/login.html
INFO: [ app_init ] --START--
INFO: Run Behavior\BuildLiteBehavior [ RunTime:0.000011s ]
INFO: [ app_init ] --END-- [ RunTime:0.000590s ]
INFO: [ app_begin ] --START--
INFO: Run Behavior\ReadHtmlCacheBehavior [ RunTime:0.000987s ]
INFO: [ app_begin ] --END-- [ RunTime:0.001036s ]
SQL: SHOW COLUMNS FROM `think_uc` [ RunTime:0.0284s ]
NOTIC: [8192] mysql_connect(): The mysql extension is deprecated and will be removed in the future: use mysqli or PDO instead C:\xampp\htdocs\Uc_client\lib\db.class.php 第 41 行.
SQL: SHOW COLUMNS FROM `think_group` [ RunTime:0.0508s ]
SQL: SELECT * FROM `think_group` WHERE `uid` = 4  [ RunTime:0.0227s ]
SQL: SELECT * FROM `think_group` WHERE `uid` = 4  [ RunTime:0.0007s ]
SQL: UPDATE `think_group` SET `uid`='4',`name`='管理组',`info`='[{\"time\":1490340069,\"ip\":\"127.0.0.1\"},{\"time\":1490342123,\"ip\":\"127.0.0.1\"},{\"time\":1490365890,\"ip\":\"127.0.0.1\"},{\"time\":1490367231,\"ip\":\"127.0.0.1\"},{\"time\":1490367374,\"ip\":\"127.0.0.1\"},{\"time\":1490409633,\"ip\":\"127.0.0.1\"},{\"time\":1490794780,\"ip\":\"127.0.0.1\"},{\"time\":1491063702,\"ip\":\"127.0.0.1\"}]',`level`='3' WHERE `gid` = 1 [ RunTime:0.0522s ]
INFO: [ view_parse ] --START--
INFO: [ template_filter ] --START--
INFO: Run Behavior\ContentReplaceBehavior [ RunTime:0.000033s ]
INFO: [ template_filter ] --END-- [ RunTime:0.000071s ]
INFO: Run Behavior\ParseTemplateBehavior [ RunTime:0.006641s ]
INFO: [ view_parse ] --END-- [ RunTime:0.006692s ]
INFO: [ view_filter ] --START--
INFO: Run Behavior\WriteHtmlCacheBehavior [ RunTime:0.000794s ]
INFO: [ view_filter ] --END-- [ RunTime:0.000829s ]
INFO: [ app_end ] --START--
INFO: Run Behavior\ShowPageTraceBehavior [ RunTime:0.001014s ]
INFO: [ app_end ] --END-- [ RunTime:0.001049s ]

[ 2017-04-02T00:21:43+08:00 ] 127.0.0.1 /Admin/Index/index.html
INFO: [ app_init ] --START--
INFO: Run Behavior\BuildLiteBehavior [ RunTime:0.000010s ]
INFO: [ app_init ] --END-- [ RunTime:0.000576s ]
INFO: [ app_begin ] --START--
INFO: Run Behavior\ReadHtmlCacheBehavior [ RunTime:0.000981s ]
INFO: [ app_begin ] --END-- [ RunTime:0.001025s ]
INFO: [ view_parse ] --START--
INFO: [ template_filter ] --START--
INFO: Run Behavior\ContentReplaceBehavior [ RunTime:0.000034s ]
INFO: [ template_filter ] --END-- [ RunTime:0.000079s ]
SQL: SHOW COLUMNS FROM `think_uc` [ RunTime:0.0040s ]
NOTIC: [8192] mysql_connect(): The mysql extension is deprecated and will be removed in the future: use mysqli or PDO instead C:\xampp\htdocs\Uc_client\lib\db.class.php 第 41 行.
INFO: Run Behavior\ParseTemplateBehavior [ RunTime:0.042426s ]
INFO: [ view_parse ] --END-- [ RunTime:0.042526s ]
INFO: [ view_filter ] --START--
INFO: Run Behavior\WriteHtmlCacheBehavior [ RunTime:0.001319s ]
INFO: [ view_filter ] --END-- [ RunTime:0.001371s ]
INFO: [ app_end ] --START--
INFO: Run Behavior\ShowPageTraceBehavior [ RunTime:0.000917s ]
INFO: [ app_end ] --END-- [ RunTime:0.000954s ]

[ 2017-04-02T00:21:43+08:00 ] 127.0.0.1 /Admin/Index/danmu
INFO: [ app_init ] --START--
INFO: Run Behavior\BuildLiteBehavior [ RunTime:0.000013s ]
INFO: [ app_init ] --END-- [ RunTime:0.000640s ]
INFO: [ app_begin ] --START--
INFO: Run Behavior\ReadHtmlCacheBehavior [ RunTime:0.000982s ]
INFO: [ app_begin ] --END-- [ RunTime:0.001030s ]
SQL: SHOW COLUMNS FROM `think_danmu` [ RunTime:0.0221s ]
SQL: SELECT * FROM `think_danmu` ORDER BY id desc  [ RunTime:0.0009s ]
NOTIC: [8] Undefined index: p C:\xampp\htdocs\Application\Admin\Controller\IndexController.class.php 第 212 行.
INFO: [ view_parse ] --START--
INFO: [ template_filter ] --START--
INFO: Run Behavior\ContentReplaceBehavior [ RunTime:0.000035s ]
INFO: [ template_filter ] --END-- [ RunTime:0.000080s ]
SQL: SHOW COLUMNS FROM `think_post` [ RunTime:0.0606s ]
SQL: SELECT * FROM `think_post` WHERE `pid` = 7 LIMIT 1   [ RunTime:0.0005s ]
SQL: SHOW COLUMNS FROM `think_uc` [ RunTime:0.0240s ]
NOTIC: [8192] mysql_connect(): The mysql extension is deprecated and will be removed in the future: use mysqli or PDO instead C:\xampp\htdocs\Uc_client\lib\db.class.php 第 41 行.
SQL: SELECT * FROM `think_post` WHERE `pid` = 7 LIMIT 1   [ RunTime:0.0003s ]
SQL: SELECT * FROM `think_post` WHERE `pid` = 7 LIMIT 1   [ RunTime:0.0003s ]
SQL: SELECT * FROM `think_post` WHERE `pid` = 7 LIMIT 1   [ RunTime:0.0004s ]
SQL: SELECT * FROM `think_post` WHERE `pid` = 7 LIMIT 1   [ RunTime:0.0004s ]
SQL: SELECT * FROM `think_post` WHERE `pid` = 7 LIMIT 1   [ RunTime:0.0004s ]
SQL: SELECT * FROM `think_post` WHERE `pid` = 7 LIMIT 1   [ RunTime:0.0004s ]
SQL: SELECT * FROM `think_post` WHERE `pid` = 7 LIMIT 1   [ RunTime:0.0004s ]
SQL: SELECT * FROM `think_post` WHERE `pid` = 7 LIMIT 1   [ RunTime:0.0004s ]
SQL: SELECT * FROM `think_post` WHERE `pid` = 7 LIMIT 1   [ RunTime:0.0004s ]
SQL: SELECT * FROM `think_post` WHERE `pid` = 7 LIMIT 1   [ RunTime:0.0003s ]
SQL: SELECT * FROM `think_post` WHERE `pid` = 7 LIMIT 1   [ RunTime:0.0003s ]
SQL: SELECT * FROM `think_post` WHERE `pid` = 7 LIMIT 1   [ RunTime:0.0003s ]
SQL: SELECT * FROM `think_post` WHERE `pid` = 7 LIMIT 1   [ RunTime:0.0003s ]
SQL: SELECT * FROM `think_post` WHERE `pid` = 7 LIMIT 1   [ RunTime:0.0003s ]
SQL: SELECT * FROM `think_post` WHERE `pid` = 7 LIMIT 1   [ RunTime:0.0003s ]
SQL: SELECT * FROM `think_post` WHERE `pid` = 7 LIMIT 1   [ RunTime:0.0004s ]
SQL: SELECT * FROM `think_post` WHERE `pid` = 7 LIMIT 1   [ RunTime:0.0004s ]
SQL: SELECT * FROM `think_post` WHERE `pid` = 7 LIMIT 1   [ RunTime:0.0003s ]
INFO: Run Behavior\ParseTemplateBehavior [ RunTime:0.123410s ]
INFO: [ view_parse ] --END-- [ RunTime:0.123461s ]
INFO: [ view_filter ] --START--
INFO: Run Behavior\WriteHtmlCacheBehavior [ RunTime:0.000968s ]
INFO: [ view_filter ] --END-- [ RunTime:0.001008s ]
INFO: [ app_end ] --START--
INFO: Run Behavior\ShowPageTraceBehavior [ RunTime:0.001012s ]
INFO: [ app_end ] --END-- [ RunTime:0.001059s ]

[ 2017-04-02T00:21:48+08:00 ] 127.0.0.1 /Admin/Index/all_post
INFO: [ app_init ] --START--
INFO: Run Behavior\BuildLiteBehavior [ RunTime:0.000011s ]
INFO: [ app_init ] --END-- [ RunTime:0.000606s ]
INFO: [ app_begin ] --START--
INFO: Run Behavior\ReadHtmlCacheBehavior [ RunTime:0.000987s ]
INFO: [ app_begin ] --END-- [ RunTime:0.001034s ]
SQL: SHOW COLUMNS FROM `think_post` [ RunTime:0.0110s ]
SQL: SELECT * FROM `think_post` WHERE `del` = 0 ORDER BY time desc  [ RunTime:0.0006s ]
NOTIC: [8] Undefined index: p C:\xampp\htdocs\Application\Admin\Controller\IndexController.class.php 第 153 行.
INFO: [ view_parse ] --START--
INFO: [ template_filter ] --START--
INFO: Run Behavior\ContentReplaceBehavior [ RunTime:0.000038s ]
INFO: [ template_filter ] --END-- [ RunTime:0.000081s ]
SQL: SHOW COLUMNS FROM `think_uc` [ RunTime:0.0044s ]
NOTIC: [8192] mysql_connect(): The mysql extension is deprecated and will be removed in the future: use mysqli or PDO instead C:\xampp\htdocs\Uc_client\lib\db.class.php 第 41 行.
INFO: Run Behavior\ParseTemplateBehavior [ RunTime:0.058976s ]
INFO: [ view_parse ] --END-- [ RunTime:0.059027s ]
INFO: [ view_filter ] --START--
INFO: Run Behavior\WriteHtmlCacheBehavior [ RunTime:0.000892s ]
INFO: [ view_filter ] --END-- [ RunTime:0.000934s ]
INFO: [ app_end ] --START--
INFO: Run Behavior\ShowPageTraceBehavior [ RunTime:0.001025s ]
INFO: [ app_end ] --END-- [ RunTime:0.001064s ]

[ 2017-04-02T00:21:50+08:00 ] 127.0.0.1 /Admin/Index/check/pid/82
INFO: [ app_init ] --START--
INFO: Run Behavior\BuildLiteBehavior [ RunTime:0.000014s ]
INFO: [ app_init ] --END-- [ RunTime:0.000702s ]
INFO: [ app_begin ] --START--
INFO: Run Behavior\ReadHtmlCacheBehavior [ RunTime:0.000982s ]
INFO: [ app_begin ] --END-- [ RunTime:0.001028s ]
SQL: SHOW COLUMNS FROM `think_post` [ RunTime:0.0054s ]
SQL: SELECT * FROM `think_post` WHERE `pid` = 82 LIMIT 1   [ RunTime:0.0004s ]
SQL: UPDATE `think_post` SET `uid`='4',`title`='水水水水水水水水水水水水水水水水水水水',`post`='<p>&nbsp; 水水水水水水水水水水水水水水水水水水水</p>',`time`='1490828559',`edit_time`='0',`is_video`='0',`video_url`='0',`is_show`='1',`image`='0',`ip`='127.0.0.1',`view`='7',`del`='0',`save`='0' WHERE `pid` = 82 [ RunTime:0.0633s ]
SQL: SHOW COLUMNS FROM `think_userpoint` [ RunTime:0.0088s ]
SQL: SHOW COLUMNS FROM `think_pointrule` [ RunTime:0.0045s ]
SQL: SELECT * FROM `think_pointrule` WHERE `rid` = 5 LIMIT 1   [ RunTime:0.0003s ]
SQL: SELECT * FROM `think_userpoint` WHERE `uid` = 4  [ RunTime:0.0003s ]
SQL: SHOW COLUMNS FROM `think_pointmax` [ RunTime:0.0044s ]
SQL: SELECT * FROM `think_pointmax` WHERE `uid` = 4 LIMIT 1   [ RunTime:0.0003s ]
SQL: UPDATE `think_pointmax` SET `point`='11' WHERE `uid` = 4 [ RunTime:0.0603s ]
SQL: UPDATE `think_userpoint` SET `point`='144',`time`='1491063710',`history`='{\"rid\":\"0\",\"time\":1490882201,\"by\":\"\\u7ba1\\u7406\\u5458\\u76f4\\u63a5\\u64cd\\u4f5c\",\"0\":{\"rid\":5,\"time\":1490899253,\"by\":\"system\"},\"1\":{\"rid\":3,\"time\":1490901361,\"by\":\"system\"},\"2\":{\"rid\":3,\"time\":1490901608,\"by\":\"system\"},\"3\":{\"rid\":3,\"time\":1490901625,\"by\":\"system\"},\"4\":{\"rid\":3,\"time\":1490901637,\"by\":\"system\"},\"5\":{\"rid\":3,\"time\":1490901644,\"by\":\"system\"},\"6\":{\"rid\":3,\"time\":1490901655,\"by\":\"system\"},\"7\":{\"rid\":3,\"time\":1490901667,\"by\":\"system\"},\"8\":{\"rid\":3,\"time\":1490901678,\"by\":\"system\"},\"9\":{\"rid\":7,\"time\":1490954420,\"by\":\"system\"},\"10\":{\"rid\":3,\"time\":1490955774,\"by\":\"system\"},\"11\":{\"rid\":3,\"time\":1490955782,\"by\":\"system\"},\"12\":{\"rid\":3,\"time\":1490955783,\"by\":\"system\"},\"13\":{\"rid\":3,\"time\":1490955784,\"by\":\"system\"},\"14\":{\"rid\":3,\"time\":1490955785,\"by\":\"system\"},\"15\":{\"rid\":3,\"time\":1490955786,\"by\":\"system\"},\"16\":{\"rid\":3,\"time\":1490955787,\"by\":\"system\"},\"17\":{\"rid\":3,\"time\":1490955902,\"by\":\"system\"},\"18\":{\"rid\":3,\"time\":1490955950,\"by\":\"system\"},\"19\":{\"rid\":3,\"time\":1490956057,\"by\":\"system\"},\"20\":{\"rid\":3,\"time\":1490956427,\"by\":\"system\"},\"21\":{\"rid\":3,\"time\":1490957072,\"by\":\"system\"},\"22\":{\"rid\":3,\"time\":1490957915,\"by\":\"system\"},\"23\":{\"rid\":7,\"time\":1491059391,\"by\":\"system\"},\"24\":{\"rid\":3,\"time\":1491059819,\"by\":\"system\"},\"25\":{\"rid\":7,\"time\":1491062485,\"by\":\"system\"},\"26\":{\"rid\":5,\"time\":1491063710,\"by\":\"system\"}}' WHERE `uid` = 4 [ RunTime:0.0377s ]
SQL: SHOW COLUMNS FROM `think_pointhistory` [ RunTime:0.0040s ]
SQL: INSERT INTO `think_pointhistory` (`history`) VALUES ('{\"rid\":\"0\",\"time\":1490882201,\"by\":\"\\u7ba1\\u7406\\u5458\\u76f4\\u63a5\\u64cd\\u4f5c\",\"0\":{\"rid\":5,\"time\":1490899253,\"by\":\"system\"},\"1\":{\"rid\":3,\"time\":1490901361,\"by\":\"system\"},\"2\":{\"rid\":3,\"time\":1490901608,\"by\":\"system\"},\"3\":{\"rid\":3,\"time\":1490901625,\"by\":\"system\"},\"4\":{\"rid\":3,\"time\":1490901637,\"by\":\"system\"},\"5\":{\"rid\":3,\"time\":1490901644,\"by\":\"system\"},\"6\":{\"rid\":3,\"time\":1490901655,\"by\":\"system\"},\"7\":{\"rid\":3,\"time\":1490901667,\"by\":\"system\"},\"8\":{\"rid\":3,\"time\":1490901678,\"by\":\"system\"},\"9\":{\"rid\":7,\"time\":1490954420,\"by\":\"system\"},\"10\":{\"rid\":3,\"time\":1490955774,\"by\":\"system\"},\"11\":{\"rid\":3,\"time\":1490955782,\"by\":\"system\"},\"12\":{\"rid\":3,\"time\":1490955783,\"by\":\"system\"},\"13\":{\"rid\":3,\"time\":1490955784,\"by\":\"system\"},\"14\":{\"rid\":3,\"time\":1490955785,\"by\":\"system\"},\"15\":{\"rid\":3,\"time\":1490955786,\"by\":\"system\"},\"16\":{\"rid\":3,\"time\":1490955787,\"by\":\"system\"},\"17\":{\"rid\":3,\"time\":1490955902,\"by\":\"system\"},\"18\":{\"rid\":3,\"time\":1490955950,\"by\":\"system\"},\"19\":{\"rid\":3,\"time\":1490956057,\"by\":\"system\"},\"20\":{\"rid\":3,\"time\":1490956427,\"by\":\"system\"},\"21\":{\"rid\":3,\"time\":1490957072,\"by\":\"system\"},\"22\":{\"rid\":3,\"time\":1490957915,\"by\":\"system\"},\"23\":{\"rid\":7,\"time\":1491059391,\"by\":\"system\"},\"24\":{\"rid\":3,\"time\":1491059819,\"by\":\"system\"},\"25\":{\"rid\":7,\"time\":1491062485,\"by\":\"system\"},\"26\":{\"rid\":5,\"time\":1491063710,\"by\":\"system\"}}') [ RunTime:0.1057s ]

